2020-06-03 15:22:22.501 [main] INFO  o.s.b.t.context.SpringBootTestContextBootstrapper - Neither @ContextConfiguration nor @ContextHierarchy found for test class [com.kexin.admin.RedisSpringBootTests], using SpringBootContextLoader
2020-06-03 15:22:22.614 [main] INFO  o.s.test.context.support.AbstractContextLoader - Could not detect default resource locations for test class [com.kexin.admin.RedisSpringBootTests]: no resource found for suffixes {-context.xml, Context.groovy}.
2020-06-03 15:22:22.616 [main] INFO  o.s.t.c.support.AnnotationConfigContextLoaderUtils - Could not detect default configuration classes for test class [com.kexin.admin.RedisSpringBootTests]: RedisSpringBootTests does not declare any static, non-private, non-final, nested classes annotated with @Configuration.
2020-06-03 15:22:22.874 [main] INFO  o.s.b.t.context.SpringBootTestContextBootstrapper - Found @SpringBootConfiguration com.kexin.AdminApplication for test class com.kexin.admin.RedisSpringBootTests
2020-06-03 15:22:23.016 [main] INFO  o.s.b.t.context.SpringBootTestContextBootstrapper - Loaded default TestExecutionListener class names from location [META-INF/spring.factories]: [org.springframework.boot.test.mock.mockito.MockitoTestExecutionListener, org.springframework.boot.test.mock.mockito.ResetMocksTestExecutionListener, org.springframework.boot.test.autoconfigure.restdocs.RestDocsTestExecutionListener, org.springframework.boot.test.autoconfigure.web.client.MockRestServiceServerResetTestExecutionListener, org.springframework.boot.test.autoconfigure.web.servlet.MockMvcPrintOnlyOnFailureTestExecutionListener, org.springframework.boot.test.autoconfigure.web.servlet.WebDriverTestExecutionListener, org.springframework.test.context.web.ServletTestExecutionListener, org.springframework.test.context.support.DirtiesContextBeforeModesTestExecutionListener, org.springframework.test.context.support.DependencyInjectionTestExecutionListener, org.springframework.test.context.support.DirtiesContextTestExecutionListener, org.springframework.test.context.transaction.TransactionalTestExecutionListener, org.springframework.test.context.jdbc.SqlScriptsTestExecutionListener, org.springframework.test.context.event.EventPublishingTestExecutionListener]
2020-06-03 15:22:23.051 [main] INFO  o.s.b.t.context.SpringBootTestContextBootstrapper - Using TestExecutionListeners: [org.springframework.test.context.web.ServletTestExecutionListener@66971f6b, org.springframework.test.context.support.DirtiesContextBeforeModesTestExecutionListener@50687efb, org.springframework.boot.test.mock.mockito.MockitoTestExecutionListener@517bd097, org.springframework.boot.test.autoconfigure.SpringBootDependencyInjectionTestExecutionListener@142eef62, org.springframework.test.context.support.DirtiesContextTestExecutionListener@4a9cc6cb, org.springframework.test.context.transaction.TransactionalTestExecutionListener@5990e6c5, org.springframework.test.context.jdbc.SqlScriptsTestExecutionListener@56e07a08, org.springframework.test.context.event.EventPublishingTestExecutionListener@35d6ca49, org.springframework.boot.test.mock.mockito.ResetMocksTestExecutionListener@1950e8a6, org.springframework.boot.test.autoconfigure.restdocs.RestDocsTestExecutionListener@47289387, org.springframework.boot.test.autoconfigure.web.client.MockRestServiceServerResetTestExecutionListener@12cd9150, org.springframework.boot.test.autoconfigure.web.servlet.MockMvcPrintOnlyOnFailureTestExecutionListener@114a85c2, org.springframework.boot.test.autoconfigure.web.servlet.WebDriverTestExecutionListener@f415a95]
2020-06-03 15:22:23.537 [main] INFO  com.kexin.admin.RedisSpringBootTests - Starting RedisSpringBootTests on LAPTOP-S6AL2AB7 with PID 10860 (started by wuhq in E:\kexinwork\sjz\sjzhc_server)
2020-06-03 15:22:23.540 [main] INFO  com.kexin.admin.RedisSpringBootTests - The following profiles are active: dev
2020-06-03 15:22:24.893 [main] INFO  o.s.d.r.config.RepositoryConfigurationDelegate - Multiple Spring Data modules found, entering strict repository configuration mode!
2020-06-03 15:22:24.896 [main] INFO  o.s.d.r.config.RepositoryConfigurationDelegate - Bootstrapping Spring Data Redis repositories in DEFAULT mode.
2020-06-03 15:22:24.988 [main] INFO  o.s.d.r.config.RepositoryConfigurationDelegate - Finished Spring Data repository scanning in 73ms. Found 0 Redis repository interfaces.
2020-06-03 15:22:25.492 [main] INFO  o.s.c.s.PostProcessorRegistrationDelegate$BeanPostProcessorChecker - Bean 'shiroConfig' of type [com.kexin.common.config.ShiroConfig$$EnhancerBySpringCGLIB$$e4e59fb4] is not eligible for getting processed by all BeanPostProcessors (for example: not eligible for auto-proxying)
2020-06-03 15:22:25.977 [main] INFO  o.s.c.s.PostProcessorRegistrationDelegate$BeanPostProcessorChecker - Bean 'realm' of type [com.kexin.common.realm.AuthRealm] is not eligible for getting processed by all BeanPostProcessors (for example: not eligible for auto-proxying)
2020-06-03 15:22:25.981 [main] INFO  o.s.c.s.PostProcessorRegistrationDelegate$BeanPostProcessorChecker - Bean 'cacheManager' of type [org.apache.shiro.cache.MemoryConstrainedCacheManager] is not eligible for getting processed by all BeanPostProcessors (for example: not eligible for auto-proxying)
2020-06-03 15:22:25.985 [main] INFO  o.s.c.s.PostProcessorRegistrationDelegate$BeanPostProcessorChecker - Bean 'rememberMeCookie' of type [org.apache.shiro.web.servlet.SimpleCookie] is not eligible for getting processed by all BeanPostProcessors (for example: not eligible for auto-proxying)
2020-06-03 15:22:25.989 [main] INFO  o.s.c.s.PostProcessorRegistrationDelegate$BeanPostProcessorChecker - Bean 'rememberMeManager' of type [org.apache.shiro.web.mgt.CookieRememberMeManager] is not eligible for getting processed by all BeanPostProcessors (for example: not eligible for auto-proxying)
2020-06-03 15:22:25.997 [main] INFO  o.s.c.s.PostProcessorRegistrationDelegate$BeanPostProcessorChecker - Bean 'sessionManager' of type [com.kexin.common.config.CustomSessionManager] is not eligible for getting processed by all BeanPostProcessors (for example: not eligible for auto-proxying)
2020-06-03 15:22:26.005 [main] INFO  o.s.c.s.PostProcessorRegistrationDelegate$BeanPostProcessorChecker - Bean 'securityManager' of type [org.apache.shiro.web.mgt.DefaultWebSecurityManager] is not eligible for getting processed by all BeanPostProcessors (for example: not eligible for auto-proxying)
2020-06-03 15:22:26.095 [main] INFO  o.s.c.s.PostProcessorRegistrationDelegate$BeanPostProcessorChecker - Bean 'org.springframework.ws.config.annotation.DelegatingWsConfiguration' of type [org.springframework.ws.config.annotation.DelegatingWsConfiguration$$EnhancerBySpringCGLIB$$b0dbb2fc] is not eligible for getting processed by all BeanPostProcessors (for example: not eligible for auto-proxying)
2020-06-03 15:22:26.128 [main] INFO  o.s.w.s.a.server.AnnotationActionEndpointMapping - Supporting [WS-Addressing August 2004, WS-Addressing 1.0]
2020-06-03 15:22:26.144 [main] INFO  o.s.c.s.PostProcessorRegistrationDelegate$BeanPostProcessorChecker - Bean 'authorizationAttributeSourceAdvisor' of type [org.apache.shiro.spring.security.interceptor.AuthorizationAttributeSourceAdvisor] is not eligible for getting processed by all BeanPostProcessors (for example: not eligible for auto-proxying)
2020-06-03 15:22:30.368 [main] INFO  o.s.scheduling.concurrent.ThreadPoolTaskExecutor - Initializing ExecutorService 'applicationTaskExecutor'
2020-06-03 15:22:31.193 [main] INFO  o.s.scheduling.concurrent.ThreadPoolTaskScheduler - Initializing ExecutorService 'taskScheduler'
2020-06-03 15:22:31.334 [main] INFO  com.kexin.admin.RedisSpringBootTests - Started RedisSpringBootTests in 8.214 seconds (JVM running for 9.895)
2020-06-03 15:22:31.749 [main] INFO  io.lettuce.core.EpollProvider - Starting without optional epoll library
2020-06-03 15:22:31.751 [main] INFO  io.lettuce.core.KqueueProvider - Starting without optional kqueue library
2020-06-03 15:22:32.599 [SpringContextShutdownHook] INFO  o.s.scheduling.concurrent.ThreadPoolTaskScheduler - Shutting down ExecutorService 'taskScheduler'
2020-06-03 15:22:32.601 [SpringContextShutdownHook] INFO  o.s.scheduling.concurrent.ThreadPoolTaskExecutor - Shutting down ExecutorService 'applicationTaskExecutor'
2020-06-03 15:23:25.441 [main] INFO  o.s.b.t.context.SpringBootTestContextBootstrapper - Neither @ContextConfiguration nor @ContextHierarchy found for test class [com.kexin.admin.RedisSpringBootTests], using SpringBootContextLoader
2020-06-03 15:23:25.449 [main] INFO  o.s.test.context.support.AbstractContextLoader - Could not detect default resource locations for test class [com.kexin.admin.RedisSpringBootTests]: no resource found for suffixes {-context.xml, Context.groovy}.
2020-06-03 15:23:25.450 [main] INFO  o.s.t.c.support.AnnotationConfigContextLoaderUtils - Could not detect default configuration classes for test class [com.kexin.admin.RedisSpringBootTests]: RedisSpringBootTests does not declare any static, non-private, non-final, nested classes annotated with @Configuration.
2020-06-03 15:23:25.602 [main] INFO  o.s.b.t.context.SpringBootTestContextBootstrapper - Found @SpringBootConfiguration com.kexin.AdminApplication for test class com.kexin.admin.RedisSpringBootTests
2020-06-03 15:23:25.823 [main] INFO  o.s.b.t.context.SpringBootTestContextBootstrapper - Loaded default TestExecutionListener class names from location [META-INF/spring.factories]: [org.springframework.boot.test.mock.mockito.MockitoTestExecutionListener, org.springframework.boot.test.mock.mockito.ResetMocksTestExecutionListener, org.springframework.boot.test.autoconfigure.restdocs.RestDocsTestExecutionListener, org.springframework.boot.test.autoconfigure.web.client.MockRestServiceServerResetTestExecutionListener, org.springframework.boot.test.autoconfigure.web.servlet.MockMvcPrintOnlyOnFailureTestExecutionListener, org.springframework.boot.test.autoconfigure.web.servlet.WebDriverTestExecutionListener, org.springframework.test.context.web.ServletTestExecutionListener, org.springframework.test.context.support.DirtiesContextBeforeModesTestExecutionListener, org.springframework.test.context.support.DependencyInjectionTestExecutionListener, org.springframework.test.context.support.DirtiesContextTestExecutionListener, org.springframework.test.context.transaction.TransactionalTestExecutionListener, org.springframework.test.context.jdbc.SqlScriptsTestExecutionListener, org.springframework.test.context.event.EventPublishingTestExecutionListener]
2020-06-03 15:23:25.849 [main] INFO  o.s.b.t.context.SpringBootTestContextBootstrapper - Using TestExecutionListeners: [org.springframework.test.context.web.ServletTestExecutionListener@299266e2, org.springframework.test.context.support.DirtiesContextBeforeModesTestExecutionListener@5471388b, org.springframework.boot.test.mock.mockito.MockitoTestExecutionListener@66ea1466, org.springframework.boot.test.autoconfigure.SpringBootDependencyInjectionTestExecutionListener@1601e47, org.springframework.test.context.support.DirtiesContextTestExecutionListener@3bffddff, org.springframework.test.context.transaction.TransactionalTestExecutionListener@66971f6b, org.springframework.test.context.jdbc.SqlScriptsTestExecutionListener@50687efb, org.springframework.test.context.event.EventPublishingTestExecutionListener@517bd097, org.springframework.boot.test.mock.mockito.ResetMocksTestExecutionListener@142eef62, org.springframework.boot.test.autoconfigure.restdocs.RestDocsTestExecutionListener@4a9cc6cb, org.springframework.boot.test.autoconfigure.web.client.MockRestServiceServerResetTestExecutionListener@5990e6c5, org.springframework.boot.test.autoconfigure.web.servlet.MockMvcPrintOnlyOnFailureTestExecutionListener@56e07a08, org.springframework.boot.test.autoconfigure.web.servlet.WebDriverTestExecutionListener@35d6ca49]
2020-06-03 15:23:26.447 [main] INFO  com.kexin.admin.RedisSpringBootTests - Starting RedisSpringBootTests on LAPTOP-S6AL2AB7 with PID 14620 (started by wuhq in E:\kexinwork\sjz\sjzhc_server)
2020-06-03 15:23:26.448 [main] INFO  com.kexin.admin.RedisSpringBootTests - The following profiles are active: dev
2020-06-03 15:23:27.260 [main] INFO  o.s.d.r.config.RepositoryConfigurationDelegate - Multiple Spring Data modules found, entering strict repository configuration mode!
2020-06-03 15:23:27.262 [main] INFO  o.s.d.r.config.RepositoryConfigurationDelegate - Bootstrapping Spring Data Redis repositories in DEFAULT mode.
2020-06-03 15:23:27.313 [main] INFO  o.s.d.r.config.RepositoryConfigurationDelegate - Finished Spring Data repository scanning in 40ms. Found 0 Redis repository interfaces.
2020-06-03 15:23:27.776 [main] INFO  o.s.c.s.PostProcessorRegistrationDelegate$BeanPostProcessorChecker - Bean 'shiroConfig' of type [com.kexin.common.config.ShiroConfig$$EnhancerBySpringCGLIB$$cd3345eb] is not eligible for getting processed by all BeanPostProcessors (for example: not eligible for auto-proxying)
2020-06-03 15:23:28.262 [main] INFO  o.s.c.s.PostProcessorRegistrationDelegate$BeanPostProcessorChecker - Bean 'realm' of type [com.kexin.common.realm.AuthRealm] is not eligible for getting processed by all BeanPostProcessors (for example: not eligible for auto-proxying)
2020-06-03 15:23:28.266 [main] INFO  o.s.c.s.PostProcessorRegistrationDelegate$BeanPostProcessorChecker - Bean 'cacheManager' of type [org.apache.shiro.cache.MemoryConstrainedCacheManager] is not eligible for getting processed by all BeanPostProcessors (for example: not eligible for auto-proxying)
2020-06-03 15:23:28.270 [main] INFO  o.s.c.s.PostProcessorRegistrationDelegate$BeanPostProcessorChecker - Bean 'rememberMeCookie' of type [org.apache.shiro.web.servlet.SimpleCookie] is not eligible for getting processed by all BeanPostProcessors (for example: not eligible for auto-proxying)
2020-06-03 15:23:28.274 [main] INFO  o.s.c.s.PostProcessorRegistrationDelegate$BeanPostProcessorChecker - Bean 'rememberMeManager' of type [org.apache.shiro.web.mgt.CookieRememberMeManager] is not eligible for getting processed by all BeanPostProcessors (for example: not eligible for auto-proxying)
2020-06-03 15:23:28.288 [main] INFO  o.s.c.s.PostProcessorRegistrationDelegate$BeanPostProcessorChecker - Bean 'sessionManager' of type [com.kexin.common.config.CustomSessionManager] is not eligible for getting processed by all BeanPostProcessors (for example: not eligible for auto-proxying)
2020-06-03 15:23:28.299 [main] INFO  o.s.c.s.PostProcessorRegistrationDelegate$BeanPostProcessorChecker - Bean 'securityManager' of type [org.apache.shiro.web.mgt.DefaultWebSecurityManager] is not eligible for getting processed by all BeanPostProcessors (for example: not eligible for auto-proxying)
2020-06-03 15:23:28.397 [main] INFO  o.s.c.s.PostProcessorRegistrationDelegate$BeanPostProcessorChecker - Bean 'org.springframework.ws.config.annotation.DelegatingWsConfiguration' of type [org.springframework.ws.config.annotation.DelegatingWsConfiguration$$EnhancerBySpringCGLIB$$99295933] is not eligible for getting processed by all BeanPostProcessors (for example: not eligible for auto-proxying)
2020-06-03 15:23:28.419 [main] INFO  o.s.w.s.a.server.AnnotationActionEndpointMapping - Supporting [WS-Addressing August 2004, WS-Addressing 1.0]
2020-06-03 15:23:28.432 [main] INFO  o.s.c.s.PostProcessorRegistrationDelegate$BeanPostProcessorChecker - Bean 'authorizationAttributeSourceAdvisor' of type [org.apache.shiro.spring.security.interceptor.AuthorizationAttributeSourceAdvisor] is not eligible for getting processed by all BeanPostProcessors (for example: not eligible for auto-proxying)
2020-06-03 15:23:32.590 [main] INFO  o.s.scheduling.concurrent.ThreadPoolTaskExecutor - Initializing ExecutorService 'applicationTaskExecutor'
2020-06-03 15:23:33.391 [main] INFO  o.s.scheduling.concurrent.ThreadPoolTaskScheduler - Initializing ExecutorService 'taskScheduler'
2020-06-03 15:23:33.534 [main] INFO  com.kexin.admin.RedisSpringBootTests - Started RedisSpringBootTests in 7.6 seconds (JVM running for 8.938)
2020-06-03 15:23:33.896 [main] INFO  io.lettuce.core.EpollProvider - Starting without optional epoll library
2020-06-03 15:23:33.898 [main] INFO  io.lettuce.core.KqueueProvider - Starting without optional kqueue library
2020-06-03 15:23:34.726 [SpringContextShutdownHook] INFO  o.s.scheduling.concurrent.ThreadPoolTaskScheduler - Shutting down ExecutorService 'taskScheduler'
2020-06-03 15:23:34.727 [SpringContextShutdownHook] INFO  o.s.scheduling.concurrent.ThreadPoolTaskExecutor - Shutting down ExecutorService 'applicationTaskExecutor'
2020-06-03 15:45:59.217 [main] INFO  o.s.b.t.context.SpringBootTestContextBootstrapper - Neither @ContextConfiguration nor @ContextHierarchy found for test class [com.kexin.admin.RedisSpringBootTests], using SpringBootContextLoader
2020-06-03 15:45:59.225 [main] INFO  o.s.test.context.support.AbstractContextLoader - Could not detect default resource locations for test class [com.kexin.admin.RedisSpringBootTests]: no resource found for suffixes {-context.xml, Context.groovy}.
2020-06-03 15:45:59.226 [main] INFO  o.s.t.c.support.AnnotationConfigContextLoaderUtils - Could not detect default configuration classes for test class [com.kexin.admin.RedisSpringBootTests]: RedisSpringBootTests does not declare any static, non-private, non-final, nested classes annotated with @Configuration.
2020-06-03 15:45:59.362 [main] INFO  o.s.b.t.context.SpringBootTestContextBootstrapper - Found @SpringBootConfiguration com.kexin.AdminApplication for test class com.kexin.admin.RedisSpringBootTests
2020-06-03 15:45:59.489 [main] INFO  o.s.b.t.context.SpringBootTestContextBootstrapper - Loaded default TestExecutionListener class names from location [META-INF/spring.factories]: [org.springframework.boot.test.mock.mockito.MockitoTestExecutionListener, org.springframework.boot.test.mock.mockito.ResetMocksTestExecutionListener, org.springframework.boot.test.autoconfigure.restdocs.RestDocsTestExecutionListener, org.springframework.boot.test.autoconfigure.web.client.MockRestServiceServerResetTestExecutionListener, org.springframework.boot.test.autoconfigure.web.servlet.MockMvcPrintOnlyOnFailureTestExecutionListener, org.springframework.boot.test.autoconfigure.web.servlet.WebDriverTestExecutionListener, org.springframework.test.context.web.ServletTestExecutionListener, org.springframework.test.context.support.DirtiesContextBeforeModesTestExecutionListener, org.springframework.test.context.support.DependencyInjectionTestExecutionListener, org.springframework.test.context.support.DirtiesContextTestExecutionListener, org.springframework.test.context.transaction.TransactionalTestExecutionListener, org.springframework.test.context.jdbc.SqlScriptsTestExecutionListener, org.springframework.test.context.event.EventPublishingTestExecutionListener]
2020-06-03 15:45:59.508 [main] INFO  o.s.b.t.context.SpringBootTestContextBootstrapper - Using TestExecutionListeners: [org.springframework.test.context.web.ServletTestExecutionListener@299266e2, org.springframework.test.context.support.DirtiesContextBeforeModesTestExecutionListener@5471388b, org.springframework.boot.test.mock.mockito.MockitoTestExecutionListener@66ea1466, org.springframework.boot.test.autoconfigure.SpringBootDependencyInjectionTestExecutionListener@1601e47, org.springframework.test.context.support.DirtiesContextTestExecutionListener@3bffddff, org.springframework.test.context.transaction.TransactionalTestExecutionListener@66971f6b, org.springframework.test.context.jdbc.SqlScriptsTestExecutionListener@50687efb, org.springframework.test.context.event.EventPublishingTestExecutionListener@517bd097, org.springframework.boot.test.mock.mockito.ResetMocksTestExecutionListener@142eef62, org.springframework.boot.test.autoconfigure.restdocs.RestDocsTestExecutionListener@4a9cc6cb, org.springframework.boot.test.autoconfigure.web.client.MockRestServiceServerResetTestExecutionListener@5990e6c5, org.springframework.boot.test.autoconfigure.web.servlet.MockMvcPrintOnlyOnFailureTestExecutionListener@56e07a08, org.springframework.boot.test.autoconfigure.web.servlet.WebDriverTestExecutionListener@35d6ca49]
2020-06-03 15:46:00.319 [main] INFO  com.kexin.admin.RedisSpringBootTests - Starting RedisSpringBootTests on LAPTOP-S6AL2AB7 with PID 1476 (started by wuhq in E:\kexinwork\sjz\sjzhc_server)
2020-06-03 15:46:00.320 [main] INFO  com.kexin.admin.RedisSpringBootTests - The following profiles are active: dev
2020-06-03 15:46:01.385 [main] INFO  o.s.d.r.config.RepositoryConfigurationDelegate - Multiple Spring Data modules found, entering strict repository configuration mode!
2020-06-03 15:46:01.388 [main] INFO  o.s.d.r.config.RepositoryConfigurationDelegate - Bootstrapping Spring Data Redis repositories in DEFAULT mode.
2020-06-03 15:46:01.443 [main] INFO  o.s.d.r.config.RepositoryConfigurationDelegate - Finished Spring Data repository scanning in 39ms. Found 0 Redis repository interfaces.
2020-06-03 15:46:01.971 [main] INFO  o.s.c.s.PostProcessorRegistrationDelegate$BeanPostProcessorChecker - Bean 'shiroConfig' of type [com.kexin.common.config.ShiroConfig$$EnhancerBySpringCGLIB$$600c93ae] is not eligible for getting processed by all BeanPostProcessors (for example: not eligible for auto-proxying)
2020-06-03 15:46:02.538 [main] INFO  o.s.c.s.PostProcessorRegistrationDelegate$BeanPostProcessorChecker - Bean 'realm' of type [com.kexin.common.realm.AuthRealm] is not eligible for getting processed by all BeanPostProcessors (for example: not eligible for auto-proxying)
2020-06-03 15:46:02.541 [main] INFO  o.s.c.s.PostProcessorRegistrationDelegate$BeanPostProcessorChecker - Bean 'cacheManager' of type [org.apache.shiro.cache.MemoryConstrainedCacheManager] is not eligible for getting processed by all BeanPostProcessors (for example: not eligible for auto-proxying)
2020-06-03 15:46:02.545 [main] INFO  o.s.c.s.PostProcessorRegistrationDelegate$BeanPostProcessorChecker - Bean 'rememberMeCookie' of type [org.apache.shiro.web.servlet.SimpleCookie] is not eligible for getting processed by all BeanPostProcessors (for example: not eligible for auto-proxying)
2020-06-03 15:46:02.550 [main] INFO  o.s.c.s.PostProcessorRegistrationDelegate$BeanPostProcessorChecker - Bean 'rememberMeManager' of type [org.apache.shiro.web.mgt.CookieRememberMeManager] is not eligible for getting processed by all BeanPostProcessors (for example: not eligible for auto-proxying)
2020-06-03 15:46:02.560 [main] INFO  o.s.c.s.PostProcessorRegistrationDelegate$BeanPostProcessorChecker - Bean 'sessionManager' of type [com.kexin.common.config.CustomSessionManager] is not eligible for getting processed by all BeanPostProcessors (for example: not eligible for auto-proxying)
2020-06-03 15:46:02.573 [main] INFO  o.s.c.s.PostProcessorRegistrationDelegate$BeanPostProcessorChecker - Bean 'securityManager' of type [org.apache.shiro.web.mgt.DefaultWebSecurityManager] is not eligible for getting processed by all BeanPostProcessors (for example: not eligible for auto-proxying)
2020-06-03 15:46:02.666 [main] INFO  o.s.c.s.PostProcessorRegistrationDelegate$BeanPostProcessorChecker - Bean 'org.springframework.ws.config.annotation.DelegatingWsConfiguration' of type [org.springframework.ws.config.annotation.DelegatingWsConfiguration$$EnhancerBySpringCGLIB$$2c02a6f6] is not eligible for getting processed by all BeanPostProcessors (for example: not eligible for auto-proxying)
2020-06-03 15:46:02.690 [main] INFO  o.s.w.s.a.server.AnnotationActionEndpointMapping - Supporting [WS-Addressing August 2004, WS-Addressing 1.0]
2020-06-03 15:46:02.704 [main] INFO  o.s.c.s.PostProcessorRegistrationDelegate$BeanPostProcessorChecker - Bean 'authorizationAttributeSourceAdvisor' of type [org.apache.shiro.spring.security.interceptor.AuthorizationAttributeSourceAdvisor] is not eligible for getting processed by all BeanPostProcessors (for example: not eligible for auto-proxying)
2020-06-03 15:46:06.667 [main] INFO  o.s.scheduling.concurrent.ThreadPoolTaskExecutor - Initializing ExecutorService 'applicationTaskExecutor'
2020-06-03 15:46:07.418 [main] INFO  o.s.scheduling.concurrent.ThreadPoolTaskScheduler - Initializing ExecutorService 'taskScheduler'
2020-06-03 15:46:07.565 [main] INFO  com.kexin.admin.RedisSpringBootTests - Started RedisSpringBootTests in 7.989 seconds (JVM running for 9.287)
2020-06-03 15:46:07.839 [SpringContextShutdownHook] INFO  o.s.scheduling.concurrent.ThreadPoolTaskScheduler - Shutting down ExecutorService 'taskScheduler'
2020-06-03 15:46:07.840 [SpringContextShutdownHook] INFO  o.s.scheduling.concurrent.ThreadPoolTaskExecutor - Shutting down ExecutorService 'applicationTaskExecutor'
2020-06-03 15:47:25.293 [main] INFO  o.s.b.t.context.SpringBootTestContextBootstrapper - Neither @ContextConfiguration nor @ContextHierarchy found for test class [com.kexin.admin.RedisSpringBootTests], using SpringBootContextLoader
2020-06-03 15:47:25.299 [main] INFO  o.s.test.context.support.AbstractContextLoader - Could not detect default resource locations for test class [com.kexin.admin.RedisSpringBootTests]: no resource found for suffixes {-context.xml, Context.groovy}.
2020-06-03 15:47:25.300 [main] INFO  o.s.t.c.support.AnnotationConfigContextLoaderUtils - Could not detect default configuration classes for test class [com.kexin.admin.RedisSpringBootTests]: RedisSpringBootTests does not declare any static, non-private, non-final, nested classes annotated with @Configuration.
2020-06-03 15:47:25.399 [main] INFO  o.s.b.t.context.SpringBootTestContextBootstrapper - Found @SpringBootConfiguration com.kexin.AdminApplication for test class com.kexin.admin.RedisSpringBootTests
2020-06-03 15:47:25.524 [main] INFO  o.s.b.t.context.SpringBootTestContextBootstrapper - Loaded default TestExecutionListener class names from location [META-INF/spring.factories]: [org.springframework.boot.test.mock.mockito.MockitoTestExecutionListener, org.springframework.boot.test.mock.mockito.ResetMocksTestExecutionListener, org.springframework.boot.test.autoconfigure.restdocs.RestDocsTestExecutionListener, org.springframework.boot.test.autoconfigure.web.client.MockRestServiceServerResetTestExecutionListener, org.springframework.boot.test.autoconfigure.web.servlet.MockMvcPrintOnlyOnFailureTestExecutionListener, org.springframework.boot.test.autoconfigure.web.servlet.WebDriverTestExecutionListener, org.springframework.test.context.web.ServletTestExecutionListener, org.springframework.test.context.support.DirtiesContextBeforeModesTestExecutionListener, org.springframework.test.context.support.DependencyInjectionTestExecutionListener, org.springframework.test.context.support.DirtiesContextTestExecutionListener, org.springframework.test.context.transaction.TransactionalTestExecutionListener, org.springframework.test.context.jdbc.SqlScriptsTestExecutionListener, org.springframework.test.context.event.EventPublishingTestExecutionListener]
2020-06-03 15:47:25.538 [main] INFO  o.s.b.t.context.SpringBootTestContextBootstrapper - Using TestExecutionListeners: [org.springframework.test.context.web.ServletTestExecutionListener@299266e2, org.springframework.test.context.support.DirtiesContextBeforeModesTestExecutionListener@5471388b, org.springframework.boot.test.mock.mockito.MockitoTestExecutionListener@66ea1466, org.springframework.boot.test.autoconfigure.SpringBootDependencyInjectionTestExecutionListener@1601e47, org.springframework.test.context.support.DirtiesContextTestExecutionListener@3bffddff, org.springframework.test.context.transaction.TransactionalTestExecutionListener@66971f6b, org.springframework.test.context.jdbc.SqlScriptsTestExecutionListener@50687efb, org.springframework.test.context.event.EventPublishingTestExecutionListener@517bd097, org.springframework.boot.test.mock.mockito.ResetMocksTestExecutionListener@142eef62, org.springframework.boot.test.autoconfigure.restdocs.RestDocsTestExecutionListener@4a9cc6cb, org.springframework.boot.test.autoconfigure.web.client.MockRestServiceServerResetTestExecutionListener@5990e6c5, org.springframework.boot.test.autoconfigure.web.servlet.MockMvcPrintOnlyOnFailureTestExecutionListener@56e07a08, org.springframework.boot.test.autoconfigure.web.servlet.WebDriverTestExecutionListener@35d6ca49]
2020-06-03 15:47:26.185 [main] INFO  com.kexin.admin.RedisSpringBootTests - Starting RedisSpringBootTests on LAPTOP-S6AL2AB7 with PID 17144 (started by wuhq in E:\kexinwork\sjz\sjzhc_server)
2020-06-03 15:47:26.187 [main] INFO  com.kexin.admin.RedisSpringBootTests - The following profiles are active: dev
2020-06-03 15:47:27.188 [main] INFO  o.s.d.r.config.RepositoryConfigurationDelegate - Multiple Spring Data modules found, entering strict repository configuration mode!
2020-06-03 15:47:27.190 [main] INFO  o.s.d.r.config.RepositoryConfigurationDelegate - Bootstrapping Spring Data Redis repositories in DEFAULT mode.
2020-06-03 15:47:27.245 [main] INFO  o.s.d.r.config.RepositoryConfigurationDelegate - Finished Spring Data repository scanning in 42ms. Found 0 Redis repository interfaces.
2020-06-03 15:47:27.752 [main] INFO  o.s.c.s.PostProcessorRegistrationDelegate$BeanPostProcessorChecker - Bean 'shiroConfig' of type [com.kexin.common.config.ShiroConfig$$EnhancerBySpringCGLIB$$e4a60b5f] is not eligible for getting processed by all BeanPostProcessors (for example: not eligible for auto-proxying)
2020-06-03 15:47:28.339 [main] INFO  o.s.c.s.PostProcessorRegistrationDelegate$BeanPostProcessorChecker - Bean 'realm' of type [com.kexin.common.realm.AuthRealm] is not eligible for getting processed by all BeanPostProcessors (for example: not eligible for auto-proxying)
2020-06-03 15:47:28.342 [main] INFO  o.s.c.s.PostProcessorRegistrationDelegate$BeanPostProcessorChecker - Bean 'cacheManager' of type [org.apache.shiro.cache.MemoryConstrainedCacheManager] is not eligible for getting processed by all BeanPostProcessors (for example: not eligible for auto-proxying)
2020-06-03 15:47:28.346 [main] INFO  o.s.c.s.PostProcessorRegistrationDelegate$BeanPostProcessorChecker - Bean 'rememberMeCookie' of type [org.apache.shiro.web.servlet.SimpleCookie] is not eligible for getting processed by all BeanPostProcessors (for example: not eligible for auto-proxying)
2020-06-03 15:47:28.349 [main] INFO  o.s.c.s.PostProcessorRegistrationDelegate$BeanPostProcessorChecker - Bean 'rememberMeManager' of type [org.apache.shiro.web.mgt.CookieRememberMeManager] is not eligible for getting processed by all BeanPostProcessors (for example: not eligible for auto-proxying)
2020-06-03 15:47:28.358 [main] INFO  o.s.c.s.PostProcessorRegistrationDelegate$BeanPostProcessorChecker - Bean 'sessionManager' of type [com.kexin.common.config.CustomSessionManager] is not eligible for getting processed by all BeanPostProcessors (for example: not eligible for auto-proxying)
2020-06-03 15:47:28.368 [main] INFO  o.s.c.s.PostProcessorRegistrationDelegate$BeanPostProcessorChecker - Bean 'securityManager' of type [org.apache.shiro.web.mgt.DefaultWebSecurityManager] is not eligible for getting processed by all BeanPostProcessors (for example: not eligible for auto-proxying)
2020-06-03 15:47:28.447 [main] INFO  o.s.c.s.PostProcessorRegistrationDelegate$BeanPostProcessorChecker - Bean 'org.springframework.ws.config.annotation.DelegatingWsConfiguration' of type [org.springframework.ws.config.annotation.DelegatingWsConfiguration$$EnhancerBySpringCGLIB$$b09c1ea7] is not eligible for getting processed by all BeanPostProcessors (for example: not eligible for auto-proxying)
2020-06-03 15:47:28.475 [main] INFO  o.s.w.s.a.server.AnnotationActionEndpointMapping - Supporting [WS-Addressing August 2004, WS-Addressing 1.0]
2020-06-03 15:47:28.486 [main] INFO  o.s.c.s.PostProcessorRegistrationDelegate$BeanPostProcessorChecker - Bean 'authorizationAttributeSourceAdvisor' of type [org.apache.shiro.spring.security.interceptor.AuthorizationAttributeSourceAdvisor] is not eligible for getting processed by all BeanPostProcessors (for example: not eligible for auto-proxying)
2020-06-03 15:47:32.716 [main] INFO  o.s.scheduling.concurrent.ThreadPoolTaskExecutor - Initializing ExecutorService 'applicationTaskExecutor'
2020-06-03 15:47:33.552 [main] INFO  o.s.scheduling.concurrent.ThreadPoolTaskScheduler - Initializing ExecutorService 'taskScheduler'
2020-06-03 15:47:33.715 [main] INFO  com.kexin.admin.RedisSpringBootTests - Started RedisSpringBootTests in 8.112 seconds (JVM running for 9.303)
2020-06-03 15:47:34.117 [main] INFO  io.lettuce.core.EpollProvider - Starting without optional epoll library
2020-06-03 15:47:34.118 [main] INFO  io.lettuce.core.KqueueProvider - Starting without optional kqueue library
2020-06-03 15:47:34.965 [SpringContextShutdownHook] INFO  o.s.scheduling.concurrent.ThreadPoolTaskScheduler - Shutting down ExecutorService 'taskScheduler'
2020-06-03 15:47:34.966 [SpringContextShutdownHook] INFO  o.s.scheduling.concurrent.ThreadPoolTaskExecutor - Shutting down ExecutorService 'applicationTaskExecutor'
