2020-07-13 16:00:14.237 [restartedMain] WARN  org.mybatis.spring.mapper.ClassPathMapperScanner - Skipping MapperFactoryBean with name 'auditParameterMapper' and 'com.kexin.admin.mapper.AuditParameterMapper' mapperInterface. Bean already defined with the same name!
2020-07-13 16:00:14.238 [restartedMain] WARN  org.mybatis.spring.mapper.ClassPathMapperScanner - Skipping MapperFactoryBean with name 'auditParameterTypeMapper' and 'com.kexin.admin.mapper.AuditParameterTypeMapper' mapperInterface. Bean already defined with the same name!
2020-07-13 16:00:14.239 [restartedMain] WARN  org.mybatis.spring.mapper.ClassPathMapperScanner - Skipping MapperFactoryBean with name 'cartNumFirstMapper' and 'com.kexin.admin.mapper.CartNumFirstMapper' mapperInterface. Bean already defined with the same name!
2020-07-13 16:00:14.239 [restartedMain] WARN  org.mybatis.spring.mapper.ClassPathMapperScanner - Skipping MapperFactoryBean with name 'dataupLogMapper' and 'com.kexin.admin.mapper.DataupLogMapper' mapperInterface. Bean already defined with the same name!
2020-07-13 16:00:14.239 [restartedMain] WARN  org.mybatis.spring.mapper.ClassPathMapperScanner - Skipping MapperFactoryBean with name 'dicWorkUnitsMapper' and 'com.kexin.admin.mapper.DicWorkUnitsMapper' mapperInterface. Bean already defined with the same name!
2020-07-13 16:00:14.239 [restartedMain] WARN  org.mybatis.spring.mapper.ClassPathMapperScanner - Skipping MapperFactoryBean with name 'displayPlatformInfoMapper' and 'com.kexin.admin.mapper.DisplayPlatformInfoMapper' mapperInterface. Bean already defined with the same name!
2020-07-13 16:00:14.239 [restartedMain] WARN  org.mybatis.spring.mapper.ClassPathMapperScanner - Skipping MapperFactoryBean with name 'displayPlatformMapper' and 'com.kexin.admin.mapper.DisplayPlatformMapper' mapperInterface. Bean already defined with the same name!
2020-07-13 16:00:14.239 [restartedMain] WARN  org.mybatis.spring.mapper.ClassPathMapperScanner - Skipping MapperFactoryBean with name 'loginUserMapper' and 'com.kexin.admin.mapper.LoginUserMapper' mapperInterface. Bean already defined with the same name!
2020-07-13 16:00:14.239 [restartedMain] WARN  org.mybatis.spring.mapper.ClassPathMapperScanner - Skipping MapperFactoryBean with name 'machineCheckQueryMapper' and 'com.kexin.admin.mapper.MachineCheckQueryMapper' mapperInterface. Bean already defined with the same name!
2020-07-13 16:00:14.239 [restartedMain] WARN  org.mybatis.spring.mapper.ClassPathMapperScanner - Skipping MapperFactoryBean with name 'machineLogMapper' and 'com.kexin.admin.mapper.MachineLogMapper' mapperInterface. Bean already defined with the same name!
2020-07-13 16:00:14.239 [restartedMain] WARN  org.mybatis.spring.mapper.ClassPathMapperScanner - Skipping MapperFactoryBean with name 'machineMapper' and 'com.kexin.admin.mapper.MachineMapper' mapperInterface. Bean already defined with the same name!
2020-07-13 16:00:14.239 [restartedMain] WARN  org.mybatis.spring.mapper.ClassPathMapperScanner - Skipping MapperFactoryBean with name 'machineModelMapper' and 'com.kexin.admin.mapper.MachineModelMapper' mapperInterface. Bean already defined with the same name!
2020-07-13 16:00:14.239 [restartedMain] WARN  org.mybatis.spring.mapper.ClassPathMapperScanner - Skipping MapperFactoryBean with name 'machineWarningMapper' and 'com.kexin.admin.mapper.MachineWarningMapper' mapperInterface. Bean already defined with the same name!
2020-07-13 16:00:14.239 [restartedMain] WARN  org.mybatis.spring.mapper.ClassPathMapperScanner - Skipping MapperFactoryBean with name 'operationLogMapper' and 'com.kexin.admin.mapper.OperationLogMapper' mapperInterface. Bean already defined with the same name!
2020-07-13 16:00:14.240 [restartedMain] WARN  org.mybatis.spring.mapper.ClassPathMapperScanner - Skipping MapperFactoryBean with name 'operationMapper' and 'com.kexin.admin.mapper.OperationMapper' mapperInterface. Bean already defined with the same name!
2020-07-13 16:00:14.240 [restartedMain] WARN  org.mybatis.spring.mapper.ClassPathMapperScanner - Skipping MapperFactoryBean with name 'operationTypeMapper' and 'com.kexin.admin.mapper.OperationTypeMapper' mapperInterface. Bean already defined with the same name!
2020-07-13 16:00:14.240 [restartedMain] WARN  org.mybatis.spring.mapper.ClassPathMapperScanner - Skipping MapperFactoryBean with name 'operatorMapper' and 'com.kexin.admin.mapper.OperatorMapper' mapperInterface. Bean already defined with the same name!
2020-07-13 16:00:14.240 [restartedMain] WARN  org.mybatis.spring.mapper.ClassPathMapperScanner - Skipping MapperFactoryBean with name 'produceLogMapper' and 'com.kexin.admin.mapper.ProduceLogMapper' mapperInterface. Bean already defined with the same name!
2020-07-13 16:00:14.240 [restartedMain] WARN  org.mybatis.spring.mapper.ClassPathMapperScanner - Skipping MapperFactoryBean with name 'productsMapper' and 'com.kexin.admin.mapper.ProductsMapper' mapperInterface. Bean already defined with the same name!
2020-07-13 16:00:14.240 [restartedMain] WARN  org.mybatis.spring.mapper.ClassPathMapperScanner - Skipping MapperFactoryBean with name 'qaInspectMasterMapper' and 'com.kexin.admin.mapper.QaInspectMasterMapper' mapperInterface. Bean already defined with the same name!
2020-07-13 16:00:14.240 [restartedMain] WARN  org.mybatis.spring.mapper.ClassPathMapperScanner - Skipping MapperFactoryBean with name 'queryReportMainMapper' and 'com.kexin.admin.mapper.QueryReportMainMapper' mapperInterface. Bean already defined with the same name!
2020-07-13 16:00:14.240 [restartedMain] WARN  org.mybatis.spring.mapper.ClassPathMapperScanner - Skipping MapperFactoryBean with name 'queryReportNckMapper' and 'com.kexin.admin.mapper.QueryReportNckMapper' mapperInterface. Bean already defined with the same name!
2020-07-13 16:00:14.240 [restartedMain] WARN  org.mybatis.spring.mapper.ClassPathMapperScanner - Skipping MapperFactoryBean with name 'queryReportQaMapper' and 'com.kexin.admin.mapper.QueryReportQaMapper' mapperInterface. Bean already defined with the same name!
2020-07-13 16:00:14.240 [restartedMain] WARN  org.mybatis.spring.mapper.ClassPathMapperScanner - Skipping MapperFactoryBean with name 'roleMapper' and 'com.kexin.admin.mapper.RoleMapper' mapperInterface. Bean already defined with the same name!
2020-07-13 16:00:14.240 [restartedMain] WARN  org.mybatis.spring.mapper.ClassPathMapperScanner - Skipping MapperFactoryBean with name 'roleMenuMapper' and 'com.kexin.admin.mapper.RoleMenuMapper' mapperInterface. Bean already defined with the same name!
2020-07-13 16:00:14.240 [restartedMain] WARN  org.mybatis.spring.mapper.ClassPathMapperScanner - Skipping MapperFactoryBean with name 'sysFunctionMapper' and 'com.kexin.admin.mapper.SysFunctionMapper' mapperInterface. Bean already defined with the same name!
2020-07-13 16:00:14.240 [restartedMain] WARN  org.mybatis.spring.mapper.ClassPathMapperScanner - Skipping MapperFactoryBean with name 'sysMenusMapper' and 'com.kexin.admin.mapper.SysMenusMapper' mapperInterface. Bean already defined with the same name!
2020-07-13 16:00:14.240 [restartedMain] WARN  org.mybatis.spring.mapper.ClassPathMapperScanner - Skipping MapperFactoryBean with name 'sysMenusMetaMapper' and 'com.kexin.admin.mapper.SysMenusMetaMapper' mapperInterface. Bean already defined with the same name!
2020-07-13 16:00:14.240 [restartedMain] WARN  org.mybatis.spring.mapper.ClassPathMapperScanner - Skipping MapperFactoryBean with name 'systemLogMapper' and 'com.kexin.admin.mapper.SystemLogMapper' mapperInterface. Bean already defined with the same name!
2020-07-13 16:00:14.240 [restartedMain] WARN  org.mybatis.spring.mapper.ClassPathMapperScanner - Skipping MapperFactoryBean with name 'systemSetMapper' and 'com.kexin.admin.mapper.SystemSetMapper' mapperInterface. Bean already defined with the same name!
2020-07-13 16:00:14.241 [restartedMain] WARN  org.mybatis.spring.mapper.ClassPathMapperScanner - Skipping MapperFactoryBean with name 'userRoleMapper' and 'com.kexin.admin.mapper.UserRoleMapper' mapperInterface. Bean already defined with the same name!
2020-07-13 16:00:14.241 [restartedMain] WARN  org.mybatis.spring.mapper.ClassPathMapperScanner - Skipping MapperFactoryBean with name 'viewProduceLogMapper' and 'com.kexin.admin.mapper.ViewProduceLogMapper' mapperInterface. Bean already defined with the same name!
2020-07-13 16:00:14.241 [restartedMain] WARN  org.mybatis.spring.mapper.ClassPathMapperScanner - Skipping MapperFactoryBean with name 'wasterReasonMapper' and 'com.kexin.admin.mapper.WasterReasonMapper' mapperInterface. Bean already defined with the same name!
2020-07-13 16:00:14.241 [restartedMain] WARN  org.mybatis.spring.mapper.ClassPathMapperScanner - Skipping MapperFactoryBean with name 'workUnitMapper' and 'com.kexin.admin.mapper.WorkUnitMapper' mapperInterface. Bean already defined with the same name!
2020-07-13 16:00:14.241 [restartedMain] WARN  org.mybatis.spring.mapper.ClassPathMapperScanner - No MyBatis mapper was found in '[com.kexin.admin.mapper]' package. Please check your configuration.
2020-07-13 16:06:44.843 [restartedMain] WARN  org.mybatis.spring.mapper.ClassPathMapperScanner - Skipping MapperFactoryBean with name 'auditParameterMapper' and 'com.kexin.admin.mapper.AuditParameterMapper' mapperInterface. Bean already defined with the same name!
2020-07-13 16:06:44.843 [restartedMain] WARN  org.mybatis.spring.mapper.ClassPathMapperScanner - Skipping MapperFactoryBean with name 'auditParameterTypeMapper' and 'com.kexin.admin.mapper.AuditParameterTypeMapper' mapperInterface. Bean already defined with the same name!
2020-07-13 16:06:44.843 [restartedMain] WARN  org.mybatis.spring.mapper.ClassPathMapperScanner - Skipping MapperFactoryBean with name 'cartNumFirstMapper' and 'com.kexin.admin.mapper.CartNumFirstMapper' mapperInterface. Bean already defined with the same name!
2020-07-13 16:06:44.843 [restartedMain] WARN  org.mybatis.spring.mapper.ClassPathMapperScanner - Skipping MapperFactoryBean with name 'dataupLogMapper' and 'com.kexin.admin.mapper.DataupLogMapper' mapperInterface. Bean already defined with the same name!
2020-07-13 16:06:44.843 [restartedMain] WARN  org.mybatis.spring.mapper.ClassPathMapperScanner - Skipping MapperFactoryBean with name 'dicWorkUnitsMapper' and 'com.kexin.admin.mapper.DicWorkUnitsMapper' mapperInterface. Bean already defined with the same name!
2020-07-13 16:06:44.843 [restartedMain] WARN  org.mybatis.spring.mapper.ClassPathMapperScanner - Skipping MapperFactoryBean with name 'displayPlatformInfoMapper' and 'com.kexin.admin.mapper.DisplayPlatformInfoMapper' mapperInterface. Bean already defined with the same name!
2020-07-13 16:06:44.843 [restartedMain] WARN  org.mybatis.spring.mapper.ClassPathMapperScanner - Skipping MapperFactoryBean with name 'displayPlatformMapper' and 'com.kexin.admin.mapper.DisplayPlatformMapper' mapperInterface. Bean already defined with the same name!
2020-07-13 16:06:44.843 [restartedMain] WARN  org.mybatis.spring.mapper.ClassPathMapperScanner - Skipping MapperFactoryBean with name 'loginUserMapper' and 'com.kexin.admin.mapper.LoginUserMapper' mapperInterface. Bean already defined with the same name!
2020-07-13 16:06:44.843 [restartedMain] WARN  org.mybatis.spring.mapper.ClassPathMapperScanner - Skipping MapperFactoryBean with name 'machineCheckQueryMapper' and 'com.kexin.admin.mapper.MachineCheckQueryMapper' mapperInterface. Bean already defined with the same name!
2020-07-13 16:06:44.843 [restartedMain] WARN  org.mybatis.spring.mapper.ClassPathMapperScanner - Skipping MapperFactoryBean with name 'machineLogMapper' and 'com.kexin.admin.mapper.MachineLogMapper' mapperInterface. Bean already defined with the same name!
2020-07-13 16:06:44.843 [restartedMain] WARN  org.mybatis.spring.mapper.ClassPathMapperScanner - Skipping MapperFactoryBean with name 'machineMapper' and 'com.kexin.admin.mapper.MachineMapper' mapperInterface. Bean already defined with the same name!
2020-07-13 16:06:44.843 [restartedMain] WARN  org.mybatis.spring.mapper.ClassPathMapperScanner - Skipping MapperFactoryBean with name 'machineModelMapper' and 'com.kexin.admin.mapper.MachineModelMapper' mapperInterface. Bean already defined with the same name!
2020-07-13 16:06:44.843 [restartedMain] WARN  org.mybatis.spring.mapper.ClassPathMapperScanner - Skipping MapperFactoryBean with name 'machineWarningMapper' and 'com.kexin.admin.mapper.MachineWarningMapper' mapperInterface. Bean already defined with the same name!
2020-07-13 16:06:44.843 [restartedMain] WARN  org.mybatis.spring.mapper.ClassPathMapperScanner - Skipping MapperFactoryBean with name 'operationLogMapper' and 'com.kexin.admin.mapper.OperationLogMapper' mapperInterface. Bean already defined with the same name!
2020-07-13 16:06:44.843 [restartedMain] WARN  org.mybatis.spring.mapper.ClassPathMapperScanner - Skipping MapperFactoryBean with name 'operationMapper' and 'com.kexin.admin.mapper.OperationMapper' mapperInterface. Bean already defined with the same name!
2020-07-13 16:06:44.843 [restartedMain] WARN  org.mybatis.spring.mapper.ClassPathMapperScanner - Skipping MapperFactoryBean with name 'operationTypeMapper' and 'com.kexin.admin.mapper.OperationTypeMapper' mapperInterface. Bean already defined with the same name!
2020-07-13 16:06:44.843 [restartedMain] WARN  org.mybatis.spring.mapper.ClassPathMapperScanner - Skipping MapperFactoryBean with name 'operatorMapper' and 'com.kexin.admin.mapper.OperatorMapper' mapperInterface. Bean already defined with the same name!
2020-07-13 16:06:44.843 [restartedMain] WARN  org.mybatis.spring.mapper.ClassPathMapperScanner - Skipping MapperFactoryBean with name 'produceLogMapper' and 'com.kexin.admin.mapper.ProduceLogMapper' mapperInterface. Bean already defined with the same name!
2020-07-13 16:06:44.843 [restartedMain] WARN  org.mybatis.spring.mapper.ClassPathMapperScanner - Skipping MapperFactoryBean with name 'productsMapper' and 'com.kexin.admin.mapper.ProductsMapper' mapperInterface. Bean already defined with the same name!
2020-07-13 16:06:44.843 [restartedMain] WARN  org.mybatis.spring.mapper.ClassPathMapperScanner - Skipping MapperFactoryBean with name 'qaInspectMasterMapper' and 'com.kexin.admin.mapper.QaInspectMasterMapper' mapperInterface. Bean already defined with the same name!
2020-07-13 16:06:44.843 [restartedMain] WARN  org.mybatis.spring.mapper.ClassPathMapperScanner - Skipping MapperFactoryBean with name 'queryReportMainMapper' and 'com.kexin.admin.mapper.QueryReportMainMapper' mapperInterface. Bean already defined with the same name!
2020-07-13 16:06:44.843 [restartedMain] WARN  org.mybatis.spring.mapper.ClassPathMapperScanner - Skipping MapperFactoryBean with name 'queryReportNckMapper' and 'com.kexin.admin.mapper.QueryReportNckMapper' mapperInterface. Bean already defined with the same name!
2020-07-13 16:06:44.843 [restartedMain] WARN  org.mybatis.spring.mapper.ClassPathMapperScanner - Skipping MapperFactoryBean with name 'queryReportQaMapper' and 'com.kexin.admin.mapper.QueryReportQaMapper' mapperInterface. Bean already defined with the same name!
2020-07-13 16:06:44.843 [restartedMain] WARN  org.mybatis.spring.mapper.ClassPathMapperScanner - Skipping MapperFactoryBean with name 'roleMapper' and 'com.kexin.admin.mapper.RoleMapper' mapperInterface. Bean already defined with the same name!
2020-07-13 16:06:44.843 [restartedMain] WARN  org.mybatis.spring.mapper.ClassPathMapperScanner - Skipping MapperFactoryBean with name 'roleMenuMapper' and 'com.kexin.admin.mapper.RoleMenuMapper' mapperInterface. Bean already defined with the same name!
2020-07-13 16:06:44.843 [restartedMain] WARN  org.mybatis.spring.mapper.ClassPathMapperScanner - Skipping MapperFactoryBean with name 'sysFunctionMapper' and 'com.kexin.admin.mapper.SysFunctionMapper' mapperInterface. Bean already defined with the same name!
2020-07-13 16:06:44.843 [restartedMain] WARN  org.mybatis.spring.mapper.ClassPathMapperScanner - Skipping MapperFactoryBean with name 'sysMenusMapper' and 'com.kexin.admin.mapper.SysMenusMapper' mapperInterface. Bean already defined with the same name!
2020-07-13 16:06:44.844 [restartedMain] WARN  org.mybatis.spring.mapper.ClassPathMapperScanner - Skipping MapperFactoryBean with name 'sysMenusMetaMapper' and 'com.kexin.admin.mapper.SysMenusMetaMapper' mapperInterface. Bean already defined with the same name!
2020-07-13 16:06:44.844 [restartedMain] WARN  org.mybatis.spring.mapper.ClassPathMapperScanner - Skipping MapperFactoryBean with name 'systemLogMapper' and 'com.kexin.admin.mapper.SystemLogMapper' mapperInterface. Bean already defined with the same name!
2020-07-13 16:06:44.844 [restartedMain] WARN  org.mybatis.spring.mapper.ClassPathMapperScanner - Skipping MapperFactoryBean with name 'systemSetMapper' and 'com.kexin.admin.mapper.SystemSetMapper' mapperInterface. Bean already defined with the same name!
2020-07-13 16:06:44.844 [restartedMain] WARN  org.mybatis.spring.mapper.ClassPathMapperScanner - Skipping MapperFactoryBean with name 'userRoleMapper' and 'com.kexin.admin.mapper.UserRoleMapper' mapperInterface. Bean already defined with the same name!
2020-07-13 16:06:44.844 [restartedMain] WARN  org.mybatis.spring.mapper.ClassPathMapperScanner - Skipping MapperFactoryBean with name 'viewProduceLogMapper' and 'com.kexin.admin.mapper.ViewProduceLogMapper' mapperInterface. Bean already defined with the same name!
2020-07-13 16:06:44.844 [restartedMain] WARN  org.mybatis.spring.mapper.ClassPathMapperScanner - Skipping MapperFactoryBean with name 'wasterReasonMapper' and 'com.kexin.admin.mapper.WasterReasonMapper' mapperInterface. Bean already defined with the same name!
2020-07-13 16:06:44.844 [restartedMain] WARN  org.mybatis.spring.mapper.ClassPathMapperScanner - Skipping MapperFactoryBean with name 'workUnitMapper' and 'com.kexin.admin.mapper.WorkUnitMapper' mapperInterface. Bean already defined with the same name!
2020-07-13 16:06:44.844 [restartedMain] WARN  org.mybatis.spring.mapper.ClassPathMapperScanner - No MyBatis mapper was found in '[com.kexin.admin.mapper]' package. Please check your configuration.
2020-07-13 16:06:53.230 [restartedMain] WARN  org.mybatis.spring.mapper.ClassPathMapperScanner - Skipping MapperFactoryBean with name 'auditParameterMapper' and 'com.kexin.admin.mapper.AuditParameterMapper' mapperInterface. Bean already defined with the same name!
2020-07-13 16:06:53.231 [restartedMain] WARN  org.mybatis.spring.mapper.ClassPathMapperScanner - Skipping MapperFactoryBean with name 'auditParameterTypeMapper' and 'com.kexin.admin.mapper.AuditParameterTypeMapper' mapperInterface. Bean already defined with the same name!
2020-07-13 16:06:53.231 [restartedMain] WARN  org.mybatis.spring.mapper.ClassPathMapperScanner - Skipping MapperFactoryBean with name 'cartNumFirstMapper' and 'com.kexin.admin.mapper.CartNumFirstMapper' mapperInterface. Bean already defined with the same name!
2020-07-13 16:06:53.231 [restartedMain] WARN  org.mybatis.spring.mapper.ClassPathMapperScanner - Skipping MapperFactoryBean with name 'dataupLogMapper' and 'com.kexin.admin.mapper.DataupLogMapper' mapperInterface. Bean already defined with the same name!
2020-07-13 16:06:53.231 [restartedMain] WARN  org.mybatis.spring.mapper.ClassPathMapperScanner - Skipping MapperFactoryBean with name 'dicWorkUnitsMapper' and 'com.kexin.admin.mapper.DicWorkUnitsMapper' mapperInterface. Bean already defined with the same name!
2020-07-13 16:06:53.231 [restartedMain] WARN  org.mybatis.spring.mapper.ClassPathMapperScanner - Skipping MapperFactoryBean with name 'displayPlatformInfoMapper' and 'com.kexin.admin.mapper.DisplayPlatformInfoMapper' mapperInterface. Bean already defined with the same name!
2020-07-13 16:06:53.231 [restartedMain] WARN  org.mybatis.spring.mapper.ClassPathMapperScanner - Skipping MapperFactoryBean with name 'displayPlatformMapper' and 'com.kexin.admin.mapper.DisplayPlatformMapper' mapperInterface. Bean already defined with the same name!
2020-07-13 16:06:53.231 [restartedMain] WARN  org.mybatis.spring.mapper.ClassPathMapperScanner - Skipping MapperFactoryBean with name 'loginUserMapper' and 'com.kexin.admin.mapper.LoginUserMapper' mapperInterface. Bean already defined with the same name!
2020-07-13 16:06:53.231 [restartedMain] WARN  org.mybatis.spring.mapper.ClassPathMapperScanner - Skipping MapperFactoryBean with name 'machineCheckQueryMapper' and 'com.kexin.admin.mapper.MachineCheckQueryMapper' mapperInterface. Bean already defined with the same name!
2020-07-13 16:06:53.231 [restartedMain] WARN  org.mybatis.spring.mapper.ClassPathMapperScanner - Skipping MapperFactoryBean with name 'machineLogMapper' and 'com.kexin.admin.mapper.MachineLogMapper' mapperInterface. Bean already defined with the same name!
2020-07-13 16:06:53.231 [restartedMain] WARN  org.mybatis.spring.mapper.ClassPathMapperScanner - Skipping MapperFactoryBean with name 'machineMapper' and 'com.kexin.admin.mapper.MachineMapper' mapperInterface. Bean already defined with the same name!
2020-07-13 16:06:53.231 [restartedMain] WARN  org.mybatis.spring.mapper.ClassPathMapperScanner - Skipping MapperFactoryBean with name 'machineModelMapper' and 'com.kexin.admin.mapper.MachineModelMapper' mapperInterface. Bean already defined with the same name!
2020-07-13 16:06:53.231 [restartedMain] WARN  org.mybatis.spring.mapper.ClassPathMapperScanner - Skipping MapperFactoryBean with name 'machineWarningMapper' and 'com.kexin.admin.mapper.MachineWarningMapper' mapperInterface. Bean already defined with the same name!
2020-07-13 16:06:53.231 [restartedMain] WARN  org.mybatis.spring.mapper.ClassPathMapperScanner - Skipping MapperFactoryBean with name 'operationLogMapper' and 'com.kexin.admin.mapper.OperationLogMapper' mapperInterface. Bean already defined with the same name!
2020-07-13 16:06:53.231 [restartedMain] WARN  org.mybatis.spring.mapper.ClassPathMapperScanner - Skipping MapperFactoryBean with name 'operationMapper' and 'com.kexin.admin.mapper.OperationMapper' mapperInterface. Bean already defined with the same name!
2020-07-13 16:06:53.231 [restartedMain] WARN  org.mybatis.spring.mapper.ClassPathMapperScanner - Skipping MapperFactoryBean with name 'operationTypeMapper' and 'com.kexin.admin.mapper.OperationTypeMapper' mapperInterface. Bean already defined with the same name!
2020-07-13 16:06:53.231 [restartedMain] WARN  org.mybatis.spring.mapper.ClassPathMapperScanner - Skipping MapperFactoryBean with name 'operatorMapper' and 'com.kexin.admin.mapper.OperatorMapper' mapperInterface. Bean already defined with the same name!
2020-07-13 16:06:53.231 [restartedMain] WARN  org.mybatis.spring.mapper.ClassPathMapperScanner - Skipping MapperFactoryBean with name 'produceLogMapper' and 'com.kexin.admin.mapper.ProduceLogMapper' mapperInterface. Bean already defined with the same name!
2020-07-13 16:06:53.231 [restartedMain] WARN  org.mybatis.spring.mapper.ClassPathMapperScanner - Skipping MapperFactoryBean with name 'productsMapper' and 'com.kexin.admin.mapper.ProductsMapper' mapperInterface. Bean already defined with the same name!
2020-07-13 16:06:53.231 [restartedMain] WARN  org.mybatis.spring.mapper.ClassPathMapperScanner - Skipping MapperFactoryBean with name 'qaInspectMasterMapper' and 'com.kexin.admin.mapper.QaInspectMasterMapper' mapperInterface. Bean already defined with the same name!
2020-07-13 16:06:53.232 [restartedMain] WARN  org.mybatis.spring.mapper.ClassPathMapperScanner - Skipping MapperFactoryBean with name 'queryReportMainMapper' and 'com.kexin.admin.mapper.QueryReportMainMapper' mapperInterface. Bean already defined with the same name!
2020-07-13 16:06:53.232 [restartedMain] WARN  org.mybatis.spring.mapper.ClassPathMapperScanner - Skipping MapperFactoryBean with name 'queryReportNckMapper' and 'com.kexin.admin.mapper.QueryReportNckMapper' mapperInterface. Bean already defined with the same name!
2020-07-13 16:06:53.232 [restartedMain] WARN  org.mybatis.spring.mapper.ClassPathMapperScanner - Skipping MapperFactoryBean with name 'queryReportQaMapper' and 'com.kexin.admin.mapper.QueryReportQaMapper' mapperInterface. Bean already defined with the same name!
2020-07-13 16:06:53.232 [restartedMain] WARN  org.mybatis.spring.mapper.ClassPathMapperScanner - Skipping MapperFactoryBean with name 'roleMapper' and 'com.kexin.admin.mapper.RoleMapper' mapperInterface. Bean already defined with the same name!
2020-07-13 16:06:53.232 [restartedMain] WARN  org.mybatis.spring.mapper.ClassPathMapperScanner - Skipping MapperFactoryBean with name 'roleMenuMapper' and 'com.kexin.admin.mapper.RoleMenuMapper' mapperInterface. Bean already defined with the same name!
2020-07-13 16:06:53.232 [restartedMain] WARN  org.mybatis.spring.mapper.ClassPathMapperScanner - Skipping MapperFactoryBean with name 'sysFunctionMapper' and 'com.kexin.admin.mapper.SysFunctionMapper' mapperInterface. Bean already defined with the same name!
2020-07-13 16:06:53.232 [restartedMain] WARN  org.mybatis.spring.mapper.ClassPathMapperScanner - Skipping MapperFactoryBean with name 'sysMenusMapper' and 'com.kexin.admin.mapper.SysMenusMapper' mapperInterface. Bean already defined with the same name!
2020-07-13 16:06:53.232 [restartedMain] WARN  org.mybatis.spring.mapper.ClassPathMapperScanner - Skipping MapperFactoryBean with name 'sysMenusMetaMapper' and 'com.kexin.admin.mapper.SysMenusMetaMapper' mapperInterface. Bean already defined with the same name!
2020-07-13 16:06:53.232 [restartedMain] WARN  org.mybatis.spring.mapper.ClassPathMapperScanner - Skipping MapperFactoryBean with name 'systemLogMapper' and 'com.kexin.admin.mapper.SystemLogMapper' mapperInterface. Bean already defined with the same name!
2020-07-13 16:06:53.232 [restartedMain] WARN  org.mybatis.spring.mapper.ClassPathMapperScanner - Skipping MapperFactoryBean with name 'systemSetMapper' and 'com.kexin.admin.mapper.SystemSetMapper' mapperInterface. Bean already defined with the same name!
2020-07-13 16:06:53.232 [restartedMain] WARN  org.mybatis.spring.mapper.ClassPathMapperScanner - Skipping MapperFactoryBean with name 'userRoleMapper' and 'com.kexin.admin.mapper.UserRoleMapper' mapperInterface. Bean already defined with the same name!
2020-07-13 16:06:53.232 [restartedMain] WARN  org.mybatis.spring.mapper.ClassPathMapperScanner - Skipping MapperFactoryBean with name 'viewProduceLogMapper' and 'com.kexin.admin.mapper.ViewProduceLogMapper' mapperInterface. Bean already defined with the same name!
2020-07-13 16:06:53.232 [restartedMain] WARN  org.mybatis.spring.mapper.ClassPathMapperScanner - Skipping MapperFactoryBean with name 'wasterReasonMapper' and 'com.kexin.admin.mapper.WasterReasonMapper' mapperInterface. Bean already defined with the same name!
2020-07-13 16:06:53.232 [restartedMain] WARN  org.mybatis.spring.mapper.ClassPathMapperScanner - Skipping MapperFactoryBean with name 'workUnitMapper' and 'com.kexin.admin.mapper.WorkUnitMapper' mapperInterface. Bean already defined with the same name!
2020-07-13 16:06:53.232 [restartedMain] WARN  org.mybatis.spring.mapper.ClassPathMapperScanner - No MyBatis mapper was found in '[com.kexin.admin.mapper]' package. Please check your configuration.
2020-07-13 16:06:56.791 [restartedMain] WARN  o.s.b.w.s.c.AnnotationConfigServletWebServerApplicationContext - Exception encountered during context initialization - cancelling refresh attempt: org.springframework.beans.factory.BeanCreationException: Error creating bean with name 'monitorController' defined in file [E:\kexinwork\sjz\sjzhc_server\target\classes\com\kexin\admin\controller\MonitorController.class]: Post-processing of merged bean definition failed; nested exception is java.lang.IllegalStateException: Failed to introspect Class [com.kexin.admin.controller.MonitorController] from ClassLoader [org.springframework.boot.devtools.restart.classloader.RestartClassLoader@486477c7]
2020-07-13 16:07:01.246 [restartedMain] WARN  org.mybatis.spring.mapper.ClassPathMapperScanner - Skipping MapperFactoryBean with name 'auditParameterMapper' and 'com.kexin.admin.mapper.AuditParameterMapper' mapperInterface. Bean already defined with the same name!
2020-07-13 16:07:01.249 [restartedMain] WARN  org.mybatis.spring.mapper.ClassPathMapperScanner - Skipping MapperFactoryBean with name 'auditParameterTypeMapper' and 'com.kexin.admin.mapper.AuditParameterTypeMapper' mapperInterface. Bean already defined with the same name!
2020-07-13 16:07:01.249 [restartedMain] WARN  org.mybatis.spring.mapper.ClassPathMapperScanner - Skipping MapperFactoryBean with name 'cartNumFirstMapper' and 'com.kexin.admin.mapper.CartNumFirstMapper' mapperInterface. Bean already defined with the same name!
2020-07-13 16:07:01.249 [restartedMain] WARN  org.mybatis.spring.mapper.ClassPathMapperScanner - Skipping MapperFactoryBean with name 'dataupLogMapper' and 'com.kexin.admin.mapper.DataupLogMapper' mapperInterface. Bean already defined with the same name!
2020-07-13 16:07:01.249 [restartedMain] WARN  org.mybatis.spring.mapper.ClassPathMapperScanner - Skipping MapperFactoryBean with name 'dicWorkUnitsMapper' and 'com.kexin.admin.mapper.DicWorkUnitsMapper' mapperInterface. Bean already defined with the same name!
2020-07-13 16:07:01.249 [restartedMain] WARN  org.mybatis.spring.mapper.ClassPathMapperScanner - Skipping MapperFactoryBean with name 'displayPlatformInfoMapper' and 'com.kexin.admin.mapper.DisplayPlatformInfoMapper' mapperInterface. Bean already defined with the same name!
2020-07-13 16:07:01.249 [restartedMain] WARN  org.mybatis.spring.mapper.ClassPathMapperScanner - Skipping MapperFactoryBean with name 'displayPlatformMapper' and 'com.kexin.admin.mapper.DisplayPlatformMapper' mapperInterface. Bean already defined with the same name!
2020-07-13 16:07:01.249 [restartedMain] WARN  org.mybatis.spring.mapper.ClassPathMapperScanner - Skipping MapperFactoryBean with name 'loginUserMapper' and 'com.kexin.admin.mapper.LoginUserMapper' mapperInterface. Bean already defined with the same name!
2020-07-13 16:07:01.249 [restartedMain] WARN  org.mybatis.spring.mapper.ClassPathMapperScanner - Skipping MapperFactoryBean with name 'machineCheckQueryMapper' and 'com.kexin.admin.mapper.MachineCheckQueryMapper' mapperInterface. Bean already defined with the same name!
2020-07-13 16:07:01.249 [restartedMain] WARN  org.mybatis.spring.mapper.ClassPathMapperScanner - Skipping MapperFactoryBean with name 'machineLogMapper' and 'com.kexin.admin.mapper.MachineLogMapper' mapperInterface. Bean already defined with the same name!
2020-07-13 16:07:01.249 [restartedMain] WARN  org.mybatis.spring.mapper.ClassPathMapperScanner - Skipping MapperFactoryBean with name 'machineMapper' and 'com.kexin.admin.mapper.MachineMapper' mapperInterface. Bean already defined with the same name!
2020-07-13 16:07:01.249 [restartedMain] WARN  org.mybatis.spring.mapper.ClassPathMapperScanner - Skipping MapperFactoryBean with name 'machineModelMapper' and 'com.kexin.admin.mapper.MachineModelMapper' mapperInterface. Bean already defined with the same name!
2020-07-13 16:07:01.249 [restartedMain] WARN  org.mybatis.spring.mapper.ClassPathMapperScanner - Skipping MapperFactoryBean with name 'machineWarningMapper' and 'com.kexin.admin.mapper.MachineWarningMapper' mapperInterface. Bean already defined with the same name!
2020-07-13 16:07:01.249 [restartedMain] WARN  org.mybatis.spring.mapper.ClassPathMapperScanner - Skipping MapperFactoryBean with name 'operationLogMapper' and 'com.kexin.admin.mapper.OperationLogMapper' mapperInterface. Bean already defined with the same name!
2020-07-13 16:07:01.249 [restartedMain] WARN  org.mybatis.spring.mapper.ClassPathMapperScanner - Skipping MapperFactoryBean with name 'operationMapper' and 'com.kexin.admin.mapper.OperationMapper' mapperInterface. Bean already defined with the same name!
2020-07-13 16:07:01.249 [restartedMain] WARN  org.mybatis.spring.mapper.ClassPathMapperScanner - Skipping MapperFactoryBean with name 'operationTypeMapper' and 'com.kexin.admin.mapper.OperationTypeMapper' mapperInterface. Bean already defined with the same name!
2020-07-13 16:07:01.249 [restartedMain] WARN  org.mybatis.spring.mapper.ClassPathMapperScanner - Skipping MapperFactoryBean with name 'operatorMapper' and 'com.kexin.admin.mapper.OperatorMapper' mapperInterface. Bean already defined with the same name!
2020-07-13 16:07:01.249 [restartedMain] WARN  org.mybatis.spring.mapper.ClassPathMapperScanner - Skipping MapperFactoryBean with name 'produceLogMapper' and 'com.kexin.admin.mapper.ProduceLogMapper' mapperInterface. Bean already defined with the same name!
2020-07-13 16:07:01.249 [restartedMain] WARN  org.mybatis.spring.mapper.ClassPathMapperScanner - Skipping MapperFactoryBean with name 'productsMapper' and 'com.kexin.admin.mapper.ProductsMapper' mapperInterface. Bean already defined with the same name!
2020-07-13 16:07:01.252 [restartedMain] WARN  org.mybatis.spring.mapper.ClassPathMapperScanner - Skipping MapperFactoryBean with name 'qaInspectMasterMapper' and 'com.kexin.admin.mapper.QaInspectMasterMapper' mapperInterface. Bean already defined with the same name!
2020-07-13 16:07:01.252 [restartedMain] WARN  org.mybatis.spring.mapper.ClassPathMapperScanner - Skipping MapperFactoryBean with name 'queryReportMainMapper' and 'com.kexin.admin.mapper.QueryReportMainMapper' mapperInterface. Bean already defined with the same name!
2020-07-13 16:07:01.252 [restartedMain] WARN  org.mybatis.spring.mapper.ClassPathMapperScanner - Skipping MapperFactoryBean with name 'queryReportNckMapper' and 'com.kexin.admin.mapper.QueryReportNckMapper' mapperInterface. Bean already defined with the same name!
2020-07-13 16:07:01.252 [restartedMain] WARN  org.mybatis.spring.mapper.ClassPathMapperScanner - Skipping MapperFactoryBean with name 'queryReportQaMapper' and 'com.kexin.admin.mapper.QueryReportQaMapper' mapperInterface. Bean already defined with the same name!
2020-07-13 16:07:01.252 [restartedMain] WARN  org.mybatis.spring.mapper.ClassPathMapperScanner - Skipping MapperFactoryBean with name 'roleMapper' and 'com.kexin.admin.mapper.RoleMapper' mapperInterface. Bean already defined with the same name!
2020-07-13 16:07:01.252 [restartedMain] WARN  org.mybatis.spring.mapper.ClassPathMapperScanner - Skipping MapperFactoryBean with name 'roleMenuMapper' and 'com.kexin.admin.mapper.RoleMenuMapper' mapperInterface. Bean already defined with the same name!
2020-07-13 16:07:01.252 [restartedMain] WARN  org.mybatis.spring.mapper.ClassPathMapperScanner - Skipping MapperFactoryBean with name 'sysFunctionMapper' and 'com.kexin.admin.mapper.SysFunctionMapper' mapperInterface. Bean already defined with the same name!
2020-07-13 16:07:01.253 [restartedMain] WARN  org.mybatis.spring.mapper.ClassPathMapperScanner - Skipping MapperFactoryBean with name 'sysMenusMapper' and 'com.kexin.admin.mapper.SysMenusMapper' mapperInterface. Bean already defined with the same name!
2020-07-13 16:07:01.253 [restartedMain] WARN  org.mybatis.spring.mapper.ClassPathMapperScanner - Skipping MapperFactoryBean with name 'sysMenusMetaMapper' and 'com.kexin.admin.mapper.SysMenusMetaMapper' mapperInterface. Bean already defined with the same name!
2020-07-13 16:07:01.253 [restartedMain] WARN  org.mybatis.spring.mapper.ClassPathMapperScanner - Skipping MapperFactoryBean with name 'systemLogMapper' and 'com.kexin.admin.mapper.SystemLogMapper' mapperInterface. Bean already defined with the same name!
2020-07-13 16:07:01.253 [restartedMain] WARN  org.mybatis.spring.mapper.ClassPathMapperScanner - Skipping MapperFactoryBean with name 'systemSetMapper' and 'com.kexin.admin.mapper.SystemSetMapper' mapperInterface. Bean already defined with the same name!
2020-07-13 16:07:01.253 [restartedMain] WARN  org.mybatis.spring.mapper.ClassPathMapperScanner - Skipping MapperFactoryBean with name 'userRoleMapper' and 'com.kexin.admin.mapper.UserRoleMapper' mapperInterface. Bean already defined with the same name!
2020-07-13 16:07:01.253 [restartedMain] WARN  org.mybatis.spring.mapper.ClassPathMapperScanner - Skipping MapperFactoryBean with name 'viewProduceLogMapper' and 'com.kexin.admin.mapper.ViewProduceLogMapper' mapperInterface. Bean already defined with the same name!
2020-07-13 16:07:01.253 [restartedMain] WARN  org.mybatis.spring.mapper.ClassPathMapperScanner - Skipping MapperFactoryBean with name 'wasterReasonMapper' and 'com.kexin.admin.mapper.WasterReasonMapper' mapperInterface. Bean already defined with the same name!
2020-07-13 16:07:01.253 [restartedMain] WARN  org.mybatis.spring.mapper.ClassPathMapperScanner - Skipping MapperFactoryBean with name 'workUnitMapper' and 'com.kexin.admin.mapper.WorkUnitMapper' mapperInterface. Bean already defined with the same name!
2020-07-13 16:07:01.253 [restartedMain] WARN  org.mybatis.spring.mapper.ClassPathMapperScanner - No MyBatis mapper was found in '[com.kexin.admin.mapper]' package. Please check your configuration.
