2020-06-02 14:28:58.562 [main] WARN  org.mybatis.spring.mapper.ClassPathMapperScanner - Skipping MapperFactoryBean with name 'auditParameterMapper' and 'com.kexin.admin.mapper.AuditParameterMapper' mapperInterface. Bean already defined with the same name!
2020-06-02 14:28:58.565 [main] WARN  org.mybatis.spring.mapper.ClassPathMapperScanner - Skipping MapperFactoryBean with name 'auditParameterTypeMapper' and 'com.kexin.admin.mapper.AuditParameterTypeMapper' mapperInterface. Bean already defined with the same name!
2020-06-02 14:28:58.565 [main] WARN  org.mybatis.spring.mapper.ClassPathMapperScanner - Skipping MapperFactoryBean with name 'cartNumFirstMapper' and 'com.kexin.admin.mapper.CartNumFirstMapper' mapperInterface. Bean already defined with the same name!
2020-06-02 14:28:58.565 [main] WARN  org.mybatis.spring.mapper.ClassPathMapperScanner - Skipping MapperFactoryBean with name 'dataupLogMapper' and 'com.kexin.admin.mapper.DataupLogMapper' mapperInterface. Bean already defined with the same name!
2020-06-02 14:28:58.566 [main] WARN  org.mybatis.spring.mapper.ClassPathMapperScanner - Skipping MapperFactoryBean with name 'dicWorkUnitsMapper' and 'com.kexin.admin.mapper.DicWorkUnitsMapper' mapperInterface. Bean already defined with the same name!
2020-06-02 14:28:58.566 [main] WARN  org.mybatis.spring.mapper.ClassPathMapperScanner - Skipping MapperFactoryBean with name 'loginUserMapper' and 'com.kexin.admin.mapper.LoginUserMapper' mapperInterface. Bean already defined with the same name!
2020-06-02 14:28:58.566 [main] WARN  org.mybatis.spring.mapper.ClassPathMapperScanner - Skipping MapperFactoryBean with name 'machineCheckQueryMapper' and 'com.kexin.admin.mapper.MachineCheckQueryMapper' mapperInterface. Bean already defined with the same name!
2020-06-02 14:28:58.566 [main] WARN  org.mybatis.spring.mapper.ClassPathMapperScanner - Skipping MapperFactoryBean with name 'machineLogMapper' and 'com.kexin.admin.mapper.MachineLogMapper' mapperInterface. Bean already defined with the same name!
2020-06-02 14:28:58.566 [main] WARN  org.mybatis.spring.mapper.ClassPathMapperScanner - Skipping MapperFactoryBean with name 'machineMapper' and 'com.kexin.admin.mapper.MachineMapper' mapperInterface. Bean already defined with the same name!
2020-06-02 14:28:58.566 [main] WARN  org.mybatis.spring.mapper.ClassPathMapperScanner - Skipping MapperFactoryBean with name 'machineModelMapper' and 'com.kexin.admin.mapper.MachineModelMapper' mapperInterface. Bean already defined with the same name!
2020-06-02 14:28:58.566 [main] WARN  org.mybatis.spring.mapper.ClassPathMapperScanner - Skipping MapperFactoryBean with name 'operationLogMapper' and 'com.kexin.admin.mapper.OperationLogMapper' mapperInterface. Bean already defined with the same name!
2020-06-02 14:28:58.567 [main] WARN  org.mybatis.spring.mapper.ClassPathMapperScanner - Skipping MapperFactoryBean with name 'operationMapper' and 'com.kexin.admin.mapper.OperationMapper' mapperInterface. Bean already defined with the same name!
2020-06-02 14:28:58.567 [main] WARN  org.mybatis.spring.mapper.ClassPathMapperScanner - Skipping MapperFactoryBean with name 'operationTypeMapper' and 'com.kexin.admin.mapper.OperationTypeMapper' mapperInterface. Bean already defined with the same name!
2020-06-02 14:28:58.567 [main] WARN  org.mybatis.spring.mapper.ClassPathMapperScanner - Skipping MapperFactoryBean with name 'operatorMapper' and 'com.kexin.admin.mapper.OperatorMapper' mapperInterface. Bean already defined with the same name!
2020-06-02 14:28:58.567 [main] WARN  org.mybatis.spring.mapper.ClassPathMapperScanner - Skipping MapperFactoryBean with name 'produceLogMapper' and 'com.kexin.admin.mapper.ProduceLogMapper' mapperInterface. Bean already defined with the same name!
2020-06-02 14:28:58.567 [main] WARN  org.mybatis.spring.mapper.ClassPathMapperScanner - Skipping MapperFactoryBean with name 'productsMapper' and 'com.kexin.admin.mapper.ProductsMapper' mapperInterface. Bean already defined with the same name!
2020-06-02 14:28:58.567 [main] WARN  org.mybatis.spring.mapper.ClassPathMapperScanner - Skipping MapperFactoryBean with name 'qaInspectMasterMapper' and 'com.kexin.admin.mapper.QaInspectMasterMapper' mapperInterface. Bean already defined with the same name!
2020-06-02 14:28:58.567 [main] WARN  org.mybatis.spring.mapper.ClassPathMapperScanner - Skipping MapperFactoryBean with name 'queryReportMainMapper' and 'com.kexin.admin.mapper.QueryReportMainMapper' mapperInterface. Bean already defined with the same name!
2020-06-02 14:28:58.568 [main] WARN  org.mybatis.spring.mapper.ClassPathMapperScanner - Skipping MapperFactoryBean with name 'queryReportNckMapper' and 'com.kexin.admin.mapper.QueryReportNckMapper' mapperInterface. Bean already defined with the same name!
2020-06-02 14:28:58.568 [main] WARN  org.mybatis.spring.mapper.ClassPathMapperScanner - Skipping MapperFactoryBean with name 'queryReportQaMapper' and 'com.kexin.admin.mapper.QueryReportQaMapper' mapperInterface. Bean already defined with the same name!
2020-06-02 14:28:58.568 [main] WARN  org.mybatis.spring.mapper.ClassPathMapperScanner - Skipping MapperFactoryBean with name 'roleMapper' and 'com.kexin.admin.mapper.RoleMapper' mapperInterface. Bean already defined with the same name!
2020-06-02 14:28:58.568 [main] WARN  org.mybatis.spring.mapper.ClassPathMapperScanner - Skipping MapperFactoryBean with name 'roleMenuMapper' and 'com.kexin.admin.mapper.RoleMenuMapper' mapperInterface. Bean already defined with the same name!
2020-06-02 14:28:58.568 [main] WARN  org.mybatis.spring.mapper.ClassPathMapperScanner - Skipping MapperFactoryBean with name 'sysFunctionMapper' and 'com.kexin.admin.mapper.SysFunctionMapper' mapperInterface. Bean already defined with the same name!
2020-06-02 14:28:58.568 [main] WARN  org.mybatis.spring.mapper.ClassPathMapperScanner - Skipping MapperFactoryBean with name 'sysMenusMapper' and 'com.kexin.admin.mapper.SysMenusMapper' mapperInterface. Bean already defined with the same name!
2020-06-02 14:28:58.568 [main] WARN  org.mybatis.spring.mapper.ClassPathMapperScanner - Skipping MapperFactoryBean with name 'sysMenusMetaMapper' and 'com.kexin.admin.mapper.SysMenusMetaMapper' mapperInterface. Bean already defined with the same name!
2020-06-02 14:28:58.569 [main] WARN  org.mybatis.spring.mapper.ClassPathMapperScanner - Skipping MapperFactoryBean with name 'systemLogMapper' and 'com.kexin.admin.mapper.SystemLogMapper' mapperInterface. Bean already defined with the same name!
2020-06-02 14:28:58.569 [main] WARN  org.mybatis.spring.mapper.ClassPathMapperScanner - Skipping MapperFactoryBean with name 'systemSetMapper' and 'com.kexin.admin.mapper.SystemSetMapper' mapperInterface. Bean already defined with the same name!
2020-06-02 14:28:58.569 [main] WARN  org.mybatis.spring.mapper.ClassPathMapperScanner - Skipping MapperFactoryBean with name 'userRoleMapper' and 'com.kexin.admin.mapper.UserRoleMapper' mapperInterface. Bean already defined with the same name!
2020-06-02 14:28:58.570 [main] WARN  org.mybatis.spring.mapper.ClassPathMapperScanner - Skipping MapperFactoryBean with name 'viewProduceLogMapper' and 'com.kexin.admin.mapper.ViewProduceLogMapper' mapperInterface. Bean already defined with the same name!
2020-06-02 14:28:58.570 [main] WARN  org.mybatis.spring.mapper.ClassPathMapperScanner - Skipping MapperFactoryBean with name 'wasterReasonMapper' and 'com.kexin.admin.mapper.WasterReasonMapper' mapperInterface. Bean already defined with the same name!
2020-06-02 14:28:58.570 [main] WARN  org.mybatis.spring.mapper.ClassPathMapperScanner - Skipping MapperFactoryBean with name 'workUnitMapper' and 'com.kexin.admin.mapper.WorkUnitMapper' mapperInterface. Bean already defined with the same name!
2020-06-02 14:28:58.570 [main] WARN  org.mybatis.spring.mapper.ClassPathMapperScanner - No MyBatis mapper was found in '[com.kexin.admin.mapper]' package. Please check your configuration.
2020-06-02 14:33:35.786 [main] WARN  org.mybatis.spring.mapper.ClassPathMapperScanner - Skipping MapperFactoryBean with name 'auditParameterMapper' and 'com.kexin.admin.mapper.AuditParameterMapper' mapperInterface. Bean already defined with the same name!
2020-06-02 14:33:35.786 [main] WARN  org.mybatis.spring.mapper.ClassPathMapperScanner - Skipping MapperFactoryBean with name 'auditParameterTypeMapper' and 'com.kexin.admin.mapper.AuditParameterTypeMapper' mapperInterface. Bean already defined with the same name!
2020-06-02 14:33:35.786 [main] WARN  org.mybatis.spring.mapper.ClassPathMapperScanner - Skipping MapperFactoryBean with name 'cartNumFirstMapper' and 'com.kexin.admin.mapper.CartNumFirstMapper' mapperInterface. Bean already defined with the same name!
2020-06-02 14:33:35.786 [main] WARN  org.mybatis.spring.mapper.ClassPathMapperScanner - Skipping MapperFactoryBean with name 'dataupLogMapper' and 'com.kexin.admin.mapper.DataupLogMapper' mapperInterface. Bean already defined with the same name!
2020-06-02 14:33:35.787 [main] WARN  org.mybatis.spring.mapper.ClassPathMapperScanner - Skipping MapperFactoryBean with name 'dicWorkUnitsMapper' and 'com.kexin.admin.mapper.DicWorkUnitsMapper' mapperInterface. Bean already defined with the same name!
2020-06-02 14:33:35.787 [main] WARN  org.mybatis.spring.mapper.ClassPathMapperScanner - Skipping MapperFactoryBean with name 'loginUserMapper' and 'com.kexin.admin.mapper.LoginUserMapper' mapperInterface. Bean already defined with the same name!
2020-06-02 14:33:35.787 [main] WARN  org.mybatis.spring.mapper.ClassPathMapperScanner - Skipping MapperFactoryBean with name 'machineCheckQueryMapper' and 'com.kexin.admin.mapper.MachineCheckQueryMapper' mapperInterface. Bean already defined with the same name!
2020-06-02 14:33:35.787 [main] WARN  org.mybatis.spring.mapper.ClassPathMapperScanner - Skipping MapperFactoryBean with name 'machineLogMapper' and 'com.kexin.admin.mapper.MachineLogMapper' mapperInterface. Bean already defined with the same name!
2020-06-02 14:33:35.787 [main] WARN  org.mybatis.spring.mapper.ClassPathMapperScanner - Skipping MapperFactoryBean with name 'machineMapper' and 'com.kexin.admin.mapper.MachineMapper' mapperInterface. Bean already defined with the same name!
2020-06-02 14:33:35.787 [main] WARN  org.mybatis.spring.mapper.ClassPathMapperScanner - Skipping MapperFactoryBean with name 'machineModelMapper' and 'com.kexin.admin.mapper.MachineModelMapper' mapperInterface. Bean already defined with the same name!
2020-06-02 14:33:35.787 [main] WARN  org.mybatis.spring.mapper.ClassPathMapperScanner - Skipping MapperFactoryBean with name 'operationLogMapper' and 'com.kexin.admin.mapper.OperationLogMapper' mapperInterface. Bean already defined with the same name!
2020-06-02 14:33:35.788 [main] WARN  org.mybatis.spring.mapper.ClassPathMapperScanner - Skipping MapperFactoryBean with name 'operationMapper' and 'com.kexin.admin.mapper.OperationMapper' mapperInterface. Bean already defined with the same name!
2020-06-02 14:33:35.789 [main] WARN  org.mybatis.spring.mapper.ClassPathMapperScanner - Skipping MapperFactoryBean with name 'operationTypeMapper' and 'com.kexin.admin.mapper.OperationTypeMapper' mapperInterface. Bean already defined with the same name!
2020-06-02 14:33:35.789 [main] WARN  org.mybatis.spring.mapper.ClassPathMapperScanner - Skipping MapperFactoryBean with name 'operatorMapper' and 'com.kexin.admin.mapper.OperatorMapper' mapperInterface. Bean already defined with the same name!
2020-06-02 14:33:35.789 [main] WARN  org.mybatis.spring.mapper.ClassPathMapperScanner - Skipping MapperFactoryBean with name 'produceLogMapper' and 'com.kexin.admin.mapper.ProduceLogMapper' mapperInterface. Bean already defined with the same name!
2020-06-02 14:33:35.789 [main] WARN  org.mybatis.spring.mapper.ClassPathMapperScanner - Skipping MapperFactoryBean with name 'productsMapper' and 'com.kexin.admin.mapper.ProductsMapper' mapperInterface. Bean already defined with the same name!
2020-06-02 14:33:35.789 [main] WARN  org.mybatis.spring.mapper.ClassPathMapperScanner - Skipping MapperFactoryBean with name 'qaInspectMasterMapper' and 'com.kexin.admin.mapper.QaInspectMasterMapper' mapperInterface. Bean already defined with the same name!
2020-06-02 14:33:35.789 [main] WARN  org.mybatis.spring.mapper.ClassPathMapperScanner - Skipping MapperFactoryBean with name 'queryReportMainMapper' and 'com.kexin.admin.mapper.QueryReportMainMapper' mapperInterface. Bean already defined with the same name!
2020-06-02 14:33:35.789 [main] WARN  org.mybatis.spring.mapper.ClassPathMapperScanner - Skipping MapperFactoryBean with name 'queryReportNckMapper' and 'com.kexin.admin.mapper.QueryReportNckMapper' mapperInterface. Bean already defined with the same name!
2020-06-02 14:33:35.790 [main] WARN  org.mybatis.spring.mapper.ClassPathMapperScanner - Skipping MapperFactoryBean with name 'queryReportQaMapper' and 'com.kexin.admin.mapper.QueryReportQaMapper' mapperInterface. Bean already defined with the same name!
2020-06-02 14:33:35.790 [main] WARN  org.mybatis.spring.mapper.ClassPathMapperScanner - Skipping MapperFactoryBean with name 'roleMapper' and 'com.kexin.admin.mapper.RoleMapper' mapperInterface. Bean already defined with the same name!
2020-06-02 14:33:35.790 [main] WARN  org.mybatis.spring.mapper.ClassPathMapperScanner - Skipping MapperFactoryBean with name 'roleMenuMapper' and 'com.kexin.admin.mapper.RoleMenuMapper' mapperInterface. Bean already defined with the same name!
2020-06-02 14:33:35.790 [main] WARN  org.mybatis.spring.mapper.ClassPathMapperScanner - Skipping MapperFactoryBean with name 'sysFunctionMapper' and 'com.kexin.admin.mapper.SysFunctionMapper' mapperInterface. Bean already defined with the same name!
2020-06-02 14:33:35.790 [main] WARN  org.mybatis.spring.mapper.ClassPathMapperScanner - Skipping MapperFactoryBean with name 'sysMenusMapper' and 'com.kexin.admin.mapper.SysMenusMapper' mapperInterface. Bean already defined with the same name!
2020-06-02 14:33:35.790 [main] WARN  org.mybatis.spring.mapper.ClassPathMapperScanner - Skipping MapperFactoryBean with name 'sysMenusMetaMapper' and 'com.kexin.admin.mapper.SysMenusMetaMapper' mapperInterface. Bean already defined with the same name!
2020-06-02 14:33:35.791 [main] WARN  org.mybatis.spring.mapper.ClassPathMapperScanner - Skipping MapperFactoryBean with name 'systemLogMapper' and 'com.kexin.admin.mapper.SystemLogMapper' mapperInterface. Bean already defined with the same name!
2020-06-02 14:33:35.791 [main] WARN  org.mybatis.spring.mapper.ClassPathMapperScanner - Skipping MapperFactoryBean with name 'systemSetMapper' and 'com.kexin.admin.mapper.SystemSetMapper' mapperInterface. Bean already defined with the same name!
2020-06-02 14:33:35.791 [main] WARN  org.mybatis.spring.mapper.ClassPathMapperScanner - Skipping MapperFactoryBean with name 'userRoleMapper' and 'com.kexin.admin.mapper.UserRoleMapper' mapperInterface. Bean already defined with the same name!
2020-06-02 14:33:35.791 [main] WARN  org.mybatis.spring.mapper.ClassPathMapperScanner - Skipping MapperFactoryBean with name 'viewProduceLogMapper' and 'com.kexin.admin.mapper.ViewProduceLogMapper' mapperInterface. Bean already defined with the same name!
2020-06-02 14:33:35.791 [main] WARN  org.mybatis.spring.mapper.ClassPathMapperScanner - Skipping MapperFactoryBean with name 'wasterReasonMapper' and 'com.kexin.admin.mapper.WasterReasonMapper' mapperInterface. Bean already defined with the same name!
2020-06-02 14:33:35.791 [main] WARN  org.mybatis.spring.mapper.ClassPathMapperScanner - Skipping MapperFactoryBean with name 'workUnitMapper' and 'com.kexin.admin.mapper.WorkUnitMapper' mapperInterface. Bean already defined with the same name!
2020-06-02 14:33:35.792 [main] WARN  org.mybatis.spring.mapper.ClassPathMapperScanner - No MyBatis mapper was found in '[com.kexin.admin.mapper]' package. Please check your configuration.
2020-06-02 14:35:18.223 [main] WARN  org.mybatis.spring.mapper.ClassPathMapperScanner - Skipping MapperFactoryBean with name 'auditParameterMapper' and 'com.kexin.admin.mapper.AuditParameterMapper' mapperInterface. Bean already defined with the same name!
2020-06-02 14:35:18.223 [main] WARN  org.mybatis.spring.mapper.ClassPathMapperScanner - Skipping MapperFactoryBean with name 'auditParameterTypeMapper' and 'com.kexin.admin.mapper.AuditParameterTypeMapper' mapperInterface. Bean already defined with the same name!
2020-06-02 14:35:18.223 [main] WARN  org.mybatis.spring.mapper.ClassPathMapperScanner - Skipping MapperFactoryBean with name 'cartNumFirstMapper' and 'com.kexin.admin.mapper.CartNumFirstMapper' mapperInterface. Bean already defined with the same name!
2020-06-02 14:35:18.223 [main] WARN  org.mybatis.spring.mapper.ClassPathMapperScanner - Skipping MapperFactoryBean with name 'dataupLogMapper' and 'com.kexin.admin.mapper.DataupLogMapper' mapperInterface. Bean already defined with the same name!
2020-06-02 14:35:18.223 [main] WARN  org.mybatis.spring.mapper.ClassPathMapperScanner - Skipping MapperFactoryBean with name 'dicWorkUnitsMapper' and 'com.kexin.admin.mapper.DicWorkUnitsMapper' mapperInterface. Bean already defined with the same name!
2020-06-02 14:35:18.224 [main] WARN  org.mybatis.spring.mapper.ClassPathMapperScanner - Skipping MapperFactoryBean with name 'loginUserMapper' and 'com.kexin.admin.mapper.LoginUserMapper' mapperInterface. Bean already defined with the same name!
2020-06-02 14:35:18.224 [main] WARN  org.mybatis.spring.mapper.ClassPathMapperScanner - Skipping MapperFactoryBean with name 'machineCheckQueryMapper' and 'com.kexin.admin.mapper.MachineCheckQueryMapper' mapperInterface. Bean already defined with the same name!
2020-06-02 14:35:18.224 [main] WARN  org.mybatis.spring.mapper.ClassPathMapperScanner - Skipping MapperFactoryBean with name 'machineLogMapper' and 'com.kexin.admin.mapper.MachineLogMapper' mapperInterface. Bean already defined with the same name!
2020-06-02 14:35:18.224 [main] WARN  org.mybatis.spring.mapper.ClassPathMapperScanner - Skipping MapperFactoryBean with name 'machineMapper' and 'com.kexin.admin.mapper.MachineMapper' mapperInterface. Bean already defined with the same name!
2020-06-02 14:35:18.224 [main] WARN  org.mybatis.spring.mapper.ClassPathMapperScanner - Skipping MapperFactoryBean with name 'machineModelMapper' and 'com.kexin.admin.mapper.MachineModelMapper' mapperInterface. Bean already defined with the same name!
2020-06-02 14:35:18.224 [main] WARN  org.mybatis.spring.mapper.ClassPathMapperScanner - Skipping MapperFactoryBean with name 'operationLogMapper' and 'com.kexin.admin.mapper.OperationLogMapper' mapperInterface. Bean already defined with the same name!
2020-06-02 14:35:18.224 [main] WARN  org.mybatis.spring.mapper.ClassPathMapperScanner - Skipping MapperFactoryBean with name 'operationMapper' and 'com.kexin.admin.mapper.OperationMapper' mapperInterface. Bean already defined with the same name!
2020-06-02 14:35:18.224 [main] WARN  org.mybatis.spring.mapper.ClassPathMapperScanner - Skipping MapperFactoryBean with name 'operationTypeMapper' and 'com.kexin.admin.mapper.OperationTypeMapper' mapperInterface. Bean already defined with the same name!
2020-06-02 14:35:18.225 [main] WARN  org.mybatis.spring.mapper.ClassPathMapperScanner - Skipping MapperFactoryBean with name 'operatorMapper' and 'com.kexin.admin.mapper.OperatorMapper' mapperInterface. Bean already defined with the same name!
2020-06-02 14:35:18.226 [main] WARN  org.mybatis.spring.mapper.ClassPathMapperScanner - Skipping MapperFactoryBean with name 'produceLogMapper' and 'com.kexin.admin.mapper.ProduceLogMapper' mapperInterface. Bean already defined with the same name!
2020-06-02 14:35:18.226 [main] WARN  org.mybatis.spring.mapper.ClassPathMapperScanner - Skipping MapperFactoryBean with name 'productsMapper' and 'com.kexin.admin.mapper.ProductsMapper' mapperInterface. Bean already defined with the same name!
2020-06-02 14:35:18.226 [main] WARN  org.mybatis.spring.mapper.ClassPathMapperScanner - Skipping MapperFactoryBean with name 'qaInspectMasterMapper' and 'com.kexin.admin.mapper.QaInspectMasterMapper' mapperInterface. Bean already defined with the same name!
2020-06-02 14:35:18.226 [main] WARN  org.mybatis.spring.mapper.ClassPathMapperScanner - Skipping MapperFactoryBean with name 'queryReportMainMapper' and 'com.kexin.admin.mapper.QueryReportMainMapper' mapperInterface. Bean already defined with the same name!
2020-06-02 14:35:18.226 [main] WARN  org.mybatis.spring.mapper.ClassPathMapperScanner - Skipping MapperFactoryBean with name 'queryReportNckMapper' and 'com.kexin.admin.mapper.QueryReportNckMapper' mapperInterface. Bean already defined with the same name!
2020-06-02 14:35:18.226 [main] WARN  org.mybatis.spring.mapper.ClassPathMapperScanner - Skipping MapperFactoryBean with name 'queryReportQaMapper' and 'com.kexin.admin.mapper.QueryReportQaMapper' mapperInterface. Bean already defined with the same name!
2020-06-02 14:35:18.226 [main] WARN  org.mybatis.spring.mapper.ClassPathMapperScanner - Skipping MapperFactoryBean with name 'roleMapper' and 'com.kexin.admin.mapper.RoleMapper' mapperInterface. Bean already defined with the same name!
2020-06-02 14:35:18.226 [main] WARN  org.mybatis.spring.mapper.ClassPathMapperScanner - Skipping MapperFactoryBean with name 'roleMenuMapper' and 'com.kexin.admin.mapper.RoleMenuMapper' mapperInterface. Bean already defined with the same name!
2020-06-02 14:35:18.226 [main] WARN  org.mybatis.spring.mapper.ClassPathMapperScanner - Skipping MapperFactoryBean with name 'sysFunctionMapper' and 'com.kexin.admin.mapper.SysFunctionMapper' mapperInterface. Bean already defined with the same name!
2020-06-02 14:35:18.226 [main] WARN  org.mybatis.spring.mapper.ClassPathMapperScanner - Skipping MapperFactoryBean with name 'sysMenusMapper' and 'com.kexin.admin.mapper.SysMenusMapper' mapperInterface. Bean already defined with the same name!
2020-06-02 14:35:18.226 [main] WARN  org.mybatis.spring.mapper.ClassPathMapperScanner - Skipping MapperFactoryBean with name 'sysMenusMetaMapper' and 'com.kexin.admin.mapper.SysMenusMetaMapper' mapperInterface. Bean already defined with the same name!
2020-06-02 14:35:18.226 [main] WARN  org.mybatis.spring.mapper.ClassPathMapperScanner - Skipping MapperFactoryBean with name 'systemLogMapper' and 'com.kexin.admin.mapper.SystemLogMapper' mapperInterface. Bean already defined with the same name!
2020-06-02 14:35:18.226 [main] WARN  org.mybatis.spring.mapper.ClassPathMapperScanner - Skipping MapperFactoryBean with name 'systemSetMapper' and 'com.kexin.admin.mapper.SystemSetMapper' mapperInterface. Bean already defined with the same name!
2020-06-02 14:35:18.226 [main] WARN  org.mybatis.spring.mapper.ClassPathMapperScanner - Skipping MapperFactoryBean with name 'userRoleMapper' and 'com.kexin.admin.mapper.UserRoleMapper' mapperInterface. Bean already defined with the same name!
2020-06-02 14:35:18.226 [main] WARN  org.mybatis.spring.mapper.ClassPathMapperScanner - Skipping MapperFactoryBean with name 'viewProduceLogMapper' and 'com.kexin.admin.mapper.ViewProduceLogMapper' mapperInterface. Bean already defined with the same name!
2020-06-02 14:35:18.226 [main] WARN  org.mybatis.spring.mapper.ClassPathMapperScanner - Skipping MapperFactoryBean with name 'wasterReasonMapper' and 'com.kexin.admin.mapper.WasterReasonMapper' mapperInterface. Bean already defined with the same name!
2020-06-02 14:35:18.226 [main] WARN  org.mybatis.spring.mapper.ClassPathMapperScanner - Skipping MapperFactoryBean with name 'workUnitMapper' and 'com.kexin.admin.mapper.WorkUnitMapper' mapperInterface. Bean already defined with the same name!
2020-06-02 14:35:18.227 [main] WARN  org.mybatis.spring.mapper.ClassPathMapperScanner - No MyBatis mapper was found in '[com.kexin.admin.mapper]' package. Please check your configuration.
2020-06-02 14:36:46.113 [main] WARN  org.mybatis.spring.mapper.ClassPathMapperScanner - Skipping MapperFactoryBean with name 'auditParameterMapper' and 'com.kexin.admin.mapper.AuditParameterMapper' mapperInterface. Bean already defined with the same name!
2020-06-02 14:36:46.113 [main] WARN  org.mybatis.spring.mapper.ClassPathMapperScanner - Skipping MapperFactoryBean with name 'auditParameterTypeMapper' and 'com.kexin.admin.mapper.AuditParameterTypeMapper' mapperInterface. Bean already defined with the same name!
2020-06-02 14:36:46.113 [main] WARN  org.mybatis.spring.mapper.ClassPathMapperScanner - Skipping MapperFactoryBean with name 'cartNumFirstMapper' and 'com.kexin.admin.mapper.CartNumFirstMapper' mapperInterface. Bean already defined with the same name!
2020-06-02 14:36:46.114 [main] WARN  org.mybatis.spring.mapper.ClassPathMapperScanner - Skipping MapperFactoryBean with name 'dataupLogMapper' and 'com.kexin.admin.mapper.DataupLogMapper' mapperInterface. Bean already defined with the same name!
2020-06-02 14:36:46.114 [main] WARN  org.mybatis.spring.mapper.ClassPathMapperScanner - Skipping MapperFactoryBean with name 'dicWorkUnitsMapper' and 'com.kexin.admin.mapper.DicWorkUnitsMapper' mapperInterface. Bean already defined with the same name!
2020-06-02 14:36:46.115 [main] WARN  org.mybatis.spring.mapper.ClassPathMapperScanner - Skipping MapperFactoryBean with name 'loginUserMapper' and 'com.kexin.admin.mapper.LoginUserMapper' mapperInterface. Bean already defined with the same name!
2020-06-02 14:36:46.115 [main] WARN  org.mybatis.spring.mapper.ClassPathMapperScanner - Skipping MapperFactoryBean with name 'machineCheckQueryMapper' and 'com.kexin.admin.mapper.MachineCheckQueryMapper' mapperInterface. Bean already defined with the same name!
2020-06-02 14:36:46.115 [main] WARN  org.mybatis.spring.mapper.ClassPathMapperScanner - Skipping MapperFactoryBean with name 'machineLogMapper' and 'com.kexin.admin.mapper.MachineLogMapper' mapperInterface. Bean already defined with the same name!
2020-06-02 14:36:46.115 [main] WARN  org.mybatis.spring.mapper.ClassPathMapperScanner - Skipping MapperFactoryBean with name 'machineMapper' and 'com.kexin.admin.mapper.MachineMapper' mapperInterface. Bean already defined with the same name!
2020-06-02 14:36:46.115 [main] WARN  org.mybatis.spring.mapper.ClassPathMapperScanner - Skipping MapperFactoryBean with name 'machineModelMapper' and 'com.kexin.admin.mapper.MachineModelMapper' mapperInterface. Bean already defined with the same name!
2020-06-02 14:36:46.116 [main] WARN  org.mybatis.spring.mapper.ClassPathMapperScanner - Skipping MapperFactoryBean with name 'operationLogMapper' and 'com.kexin.admin.mapper.OperationLogMapper' mapperInterface. Bean already defined with the same name!
2020-06-02 14:36:46.116 [main] WARN  org.mybatis.spring.mapper.ClassPathMapperScanner - Skipping MapperFactoryBean with name 'operationMapper' and 'com.kexin.admin.mapper.OperationMapper' mapperInterface. Bean already defined with the same name!
2020-06-02 14:36:46.116 [main] WARN  org.mybatis.spring.mapper.ClassPathMapperScanner - Skipping MapperFactoryBean with name 'operationTypeMapper' and 'com.kexin.admin.mapper.OperationTypeMapper' mapperInterface. Bean already defined with the same name!
2020-06-02 14:36:46.116 [main] WARN  org.mybatis.spring.mapper.ClassPathMapperScanner - Skipping MapperFactoryBean with name 'operatorMapper' and 'com.kexin.admin.mapper.OperatorMapper' mapperInterface. Bean already defined with the same name!
2020-06-02 14:36:46.116 [main] WARN  org.mybatis.spring.mapper.ClassPathMapperScanner - Skipping MapperFactoryBean with name 'produceLogMapper' and 'com.kexin.admin.mapper.ProduceLogMapper' mapperInterface. Bean already defined with the same name!
2020-06-02 14:36:46.116 [main] WARN  org.mybatis.spring.mapper.ClassPathMapperScanner - Skipping MapperFactoryBean with name 'productsMapper' and 'com.kexin.admin.mapper.ProductsMapper' mapperInterface. Bean already defined with the same name!
2020-06-02 14:36:46.116 [main] WARN  org.mybatis.spring.mapper.ClassPathMapperScanner - Skipping MapperFactoryBean with name 'qaInspectMasterMapper' and 'com.kexin.admin.mapper.QaInspectMasterMapper' mapperInterface. Bean already defined with the same name!
2020-06-02 14:36:46.116 [main] WARN  org.mybatis.spring.mapper.ClassPathMapperScanner - Skipping MapperFactoryBean with name 'queryReportMainMapper' and 'com.kexin.admin.mapper.QueryReportMainMapper' mapperInterface. Bean already defined with the same name!
2020-06-02 14:36:46.116 [main] WARN  org.mybatis.spring.mapper.ClassPathMapperScanner - Skipping MapperFactoryBean with name 'queryReportNckMapper' and 'com.kexin.admin.mapper.QueryReportNckMapper' mapperInterface. Bean already defined with the same name!
2020-06-02 14:36:46.120 [main] WARN  org.mybatis.spring.mapper.ClassPathMapperScanner - Skipping MapperFactoryBean with name 'queryReportQaMapper' and 'com.kexin.admin.mapper.QueryReportQaMapper' mapperInterface. Bean already defined with the same name!
2020-06-02 14:36:46.120 [main] WARN  org.mybatis.spring.mapper.ClassPathMapperScanner - Skipping MapperFactoryBean with name 'roleMapper' and 'com.kexin.admin.mapper.RoleMapper' mapperInterface. Bean already defined with the same name!
2020-06-02 14:36:46.120 [main] WARN  org.mybatis.spring.mapper.ClassPathMapperScanner - Skipping MapperFactoryBean with name 'roleMenuMapper' and 'com.kexin.admin.mapper.RoleMenuMapper' mapperInterface. Bean already defined with the same name!
2020-06-02 14:36:46.121 [main] WARN  org.mybatis.spring.mapper.ClassPathMapperScanner - Skipping MapperFactoryBean with name 'sysFunctionMapper' and 'com.kexin.admin.mapper.SysFunctionMapper' mapperInterface. Bean already defined with the same name!
2020-06-02 14:36:46.121 [main] WARN  org.mybatis.spring.mapper.ClassPathMapperScanner - Skipping MapperFactoryBean with name 'sysMenusMapper' and 'com.kexin.admin.mapper.SysMenusMapper' mapperInterface. Bean already defined with the same name!
2020-06-02 14:36:46.121 [main] WARN  org.mybatis.spring.mapper.ClassPathMapperScanner - Skipping MapperFactoryBean with name 'sysMenusMetaMapper' and 'com.kexin.admin.mapper.SysMenusMetaMapper' mapperInterface. Bean already defined with the same name!
2020-06-02 14:36:46.121 [main] WARN  org.mybatis.spring.mapper.ClassPathMapperScanner - Skipping MapperFactoryBean with name 'systemLogMapper' and 'com.kexin.admin.mapper.SystemLogMapper' mapperInterface. Bean already defined with the same name!
2020-06-02 14:36:46.121 [main] WARN  org.mybatis.spring.mapper.ClassPathMapperScanner - Skipping MapperFactoryBean with name 'systemSetMapper' and 'com.kexin.admin.mapper.SystemSetMapper' mapperInterface. Bean already defined with the same name!
2020-06-02 14:36:46.121 [main] WARN  org.mybatis.spring.mapper.ClassPathMapperScanner - Skipping MapperFactoryBean with name 'userRoleMapper' and 'com.kexin.admin.mapper.UserRoleMapper' mapperInterface. Bean already defined with the same name!
2020-06-02 14:36:46.121 [main] WARN  org.mybatis.spring.mapper.ClassPathMapperScanner - Skipping MapperFactoryBean with name 'viewProduceLogMapper' and 'com.kexin.admin.mapper.ViewProduceLogMapper' mapperInterface. Bean already defined with the same name!
2020-06-02 14:36:46.121 [main] WARN  org.mybatis.spring.mapper.ClassPathMapperScanner - Skipping MapperFactoryBean with name 'wasterReasonMapper' and 'com.kexin.admin.mapper.WasterReasonMapper' mapperInterface. Bean already defined with the same name!
2020-06-02 14:36:46.122 [main] WARN  org.mybatis.spring.mapper.ClassPathMapperScanner - Skipping MapperFactoryBean with name 'workUnitMapper' and 'com.kexin.admin.mapper.WorkUnitMapper' mapperInterface. Bean already defined with the same name!
2020-06-02 14:36:46.122 [main] WARN  org.mybatis.spring.mapper.ClassPathMapperScanner - No MyBatis mapper was found in '[com.kexin.admin.mapper]' package. Please check your configuration.
2020-06-02 14:38:52.154 [main] WARN  org.mybatis.spring.mapper.ClassPathMapperScanner - Skipping MapperFactoryBean with name 'auditParameterMapper' and 'com.kexin.admin.mapper.AuditParameterMapper' mapperInterface. Bean already defined with the same name!
2020-06-02 14:38:52.155 [main] WARN  org.mybatis.spring.mapper.ClassPathMapperScanner - Skipping MapperFactoryBean with name 'auditParameterTypeMapper' and 'com.kexin.admin.mapper.AuditParameterTypeMapper' mapperInterface. Bean already defined with the same name!
2020-06-02 14:38:52.155 [main] WARN  org.mybatis.spring.mapper.ClassPathMapperScanner - Skipping MapperFactoryBean with name 'cartNumFirstMapper' and 'com.kexin.admin.mapper.CartNumFirstMapper' mapperInterface. Bean already defined with the same name!
2020-06-02 14:38:52.155 [main] WARN  org.mybatis.spring.mapper.ClassPathMapperScanner - Skipping MapperFactoryBean with name 'dataupLogMapper' and 'com.kexin.admin.mapper.DataupLogMapper' mapperInterface. Bean already defined with the same name!
2020-06-02 14:38:52.155 [main] WARN  org.mybatis.spring.mapper.ClassPathMapperScanner - Skipping MapperFactoryBean with name 'dicWorkUnitsMapper' and 'com.kexin.admin.mapper.DicWorkUnitsMapper' mapperInterface. Bean already defined with the same name!
2020-06-02 14:38:52.155 [main] WARN  org.mybatis.spring.mapper.ClassPathMapperScanner - Skipping MapperFactoryBean with name 'loginUserMapper' and 'com.kexin.admin.mapper.LoginUserMapper' mapperInterface. Bean already defined with the same name!
2020-06-02 14:38:52.155 [main] WARN  org.mybatis.spring.mapper.ClassPathMapperScanner - Skipping MapperFactoryBean with name 'machineCheckQueryMapper' and 'com.kexin.admin.mapper.MachineCheckQueryMapper' mapperInterface. Bean already defined with the same name!
2020-06-02 14:38:52.156 [main] WARN  org.mybatis.spring.mapper.ClassPathMapperScanner - Skipping MapperFactoryBean with name 'machineLogMapper' and 'com.kexin.admin.mapper.MachineLogMapper' mapperInterface. Bean already defined with the same name!
2020-06-02 14:38:52.156 [main] WARN  org.mybatis.spring.mapper.ClassPathMapperScanner - Skipping MapperFactoryBean with name 'machineMapper' and 'com.kexin.admin.mapper.MachineMapper' mapperInterface. Bean already defined with the same name!
2020-06-02 14:38:52.156 [main] WARN  org.mybatis.spring.mapper.ClassPathMapperScanner - Skipping MapperFactoryBean with name 'machineModelMapper' and 'com.kexin.admin.mapper.MachineModelMapper' mapperInterface. Bean already defined with the same name!
2020-06-02 14:38:52.156 [main] WARN  org.mybatis.spring.mapper.ClassPathMapperScanner - Skipping MapperFactoryBean with name 'operationLogMapper' and 'com.kexin.admin.mapper.OperationLogMapper' mapperInterface. Bean already defined with the same name!
2020-06-02 14:38:52.156 [main] WARN  org.mybatis.spring.mapper.ClassPathMapperScanner - Skipping MapperFactoryBean with name 'operationMapper' and 'com.kexin.admin.mapper.OperationMapper' mapperInterface. Bean already defined with the same name!
2020-06-02 14:38:52.156 [main] WARN  org.mybatis.spring.mapper.ClassPathMapperScanner - Skipping MapperFactoryBean with name 'operationTypeMapper' and 'com.kexin.admin.mapper.OperationTypeMapper' mapperInterface. Bean already defined with the same name!
2020-06-02 14:38:52.156 [main] WARN  org.mybatis.spring.mapper.ClassPathMapperScanner - Skipping MapperFactoryBean with name 'operatorMapper' and 'com.kexin.admin.mapper.OperatorMapper' mapperInterface. Bean already defined with the same name!
2020-06-02 14:38:52.156 [main] WARN  org.mybatis.spring.mapper.ClassPathMapperScanner - Skipping MapperFactoryBean with name 'produceLogMapper' and 'com.kexin.admin.mapper.ProduceLogMapper' mapperInterface. Bean already defined with the same name!
2020-06-02 14:38:52.157 [main] WARN  org.mybatis.spring.mapper.ClassPathMapperScanner - Skipping MapperFactoryBean with name 'productsMapper' and 'com.kexin.admin.mapper.ProductsMapper' mapperInterface. Bean already defined with the same name!
2020-06-02 14:38:52.157 [main] WARN  org.mybatis.spring.mapper.ClassPathMapperScanner - Skipping MapperFactoryBean with name 'qaInspectMasterMapper' and 'com.kexin.admin.mapper.QaInspectMasterMapper' mapperInterface. Bean already defined with the same name!
2020-06-02 14:38:52.157 [main] WARN  org.mybatis.spring.mapper.ClassPathMapperScanner - Skipping MapperFactoryBean with name 'queryReportMainMapper' and 'com.kexin.admin.mapper.QueryReportMainMapper' mapperInterface. Bean already defined with the same name!
2020-06-02 14:38:52.157 [main] WARN  org.mybatis.spring.mapper.ClassPathMapperScanner - Skipping MapperFactoryBean with name 'queryReportNckMapper' and 'com.kexin.admin.mapper.QueryReportNckMapper' mapperInterface. Bean already defined with the same name!
2020-06-02 14:38:52.157 [main] WARN  org.mybatis.spring.mapper.ClassPathMapperScanner - Skipping MapperFactoryBean with name 'queryReportQaMapper' and 'com.kexin.admin.mapper.QueryReportQaMapper' mapperInterface. Bean already defined with the same name!
2020-06-02 14:38:52.157 [main] WARN  org.mybatis.spring.mapper.ClassPathMapperScanner - Skipping MapperFactoryBean with name 'roleMapper' and 'com.kexin.admin.mapper.RoleMapper' mapperInterface. Bean already defined with the same name!
2020-06-02 14:38:52.157 [main] WARN  org.mybatis.spring.mapper.ClassPathMapperScanner - Skipping MapperFactoryBean with name 'roleMenuMapper' and 'com.kexin.admin.mapper.RoleMenuMapper' mapperInterface. Bean already defined with the same name!
2020-06-02 14:38:52.158 [main] WARN  org.mybatis.spring.mapper.ClassPathMapperScanner - Skipping MapperFactoryBean with name 'sysFunctionMapper' and 'com.kexin.admin.mapper.SysFunctionMapper' mapperInterface. Bean already defined with the same name!
2020-06-02 14:38:52.158 [main] WARN  org.mybatis.spring.mapper.ClassPathMapperScanner - Skipping MapperFactoryBean with name 'sysMenusMapper' and 'com.kexin.admin.mapper.SysMenusMapper' mapperInterface. Bean already defined with the same name!
2020-06-02 14:38:52.158 [main] WARN  org.mybatis.spring.mapper.ClassPathMapperScanner - Skipping MapperFactoryBean with name 'sysMenusMetaMapper' and 'com.kexin.admin.mapper.SysMenusMetaMapper' mapperInterface. Bean already defined with the same name!
2020-06-02 14:38:52.158 [main] WARN  org.mybatis.spring.mapper.ClassPathMapperScanner - Skipping MapperFactoryBean with name 'systemLogMapper' and 'com.kexin.admin.mapper.SystemLogMapper' mapperInterface. Bean already defined with the same name!
2020-06-02 14:38:52.158 [main] WARN  org.mybatis.spring.mapper.ClassPathMapperScanner - Skipping MapperFactoryBean with name 'systemSetMapper' and 'com.kexin.admin.mapper.SystemSetMapper' mapperInterface. Bean already defined with the same name!
2020-06-02 14:38:52.158 [main] WARN  org.mybatis.spring.mapper.ClassPathMapperScanner - Skipping MapperFactoryBean with name 'userRoleMapper' and 'com.kexin.admin.mapper.UserRoleMapper' mapperInterface. Bean already defined with the same name!
2020-06-02 14:38:52.158 [main] WARN  org.mybatis.spring.mapper.ClassPathMapperScanner - Skipping MapperFactoryBean with name 'viewProduceLogMapper' and 'com.kexin.admin.mapper.ViewProduceLogMapper' mapperInterface. Bean already defined with the same name!
2020-06-02 14:38:52.158 [main] WARN  org.mybatis.spring.mapper.ClassPathMapperScanner - Skipping MapperFactoryBean with name 'wasterReasonMapper' and 'com.kexin.admin.mapper.WasterReasonMapper' mapperInterface. Bean already defined with the same name!
2020-06-02 14:38:52.158 [main] WARN  org.mybatis.spring.mapper.ClassPathMapperScanner - Skipping MapperFactoryBean with name 'workUnitMapper' and 'com.kexin.admin.mapper.WorkUnitMapper' mapperInterface. Bean already defined with the same name!
2020-06-02 14:38:52.159 [main] WARN  org.mybatis.spring.mapper.ClassPathMapperScanner - No MyBatis mapper was found in '[com.kexin.admin.mapper]' package. Please check your configuration.
2020-06-02 14:43:18.908 [restartedMain] WARN  org.mybatis.spring.mapper.ClassPathMapperScanner - Skipping MapperFactoryBean with name 'auditParameterMapper' and 'com.kexin.admin.mapper.AuditParameterMapper' mapperInterface. Bean already defined with the same name!
2020-06-02 14:43:18.909 [restartedMain] WARN  org.mybatis.spring.mapper.ClassPathMapperScanner - Skipping MapperFactoryBean with name 'auditParameterTypeMapper' and 'com.kexin.admin.mapper.AuditParameterTypeMapper' mapperInterface. Bean already defined with the same name!
2020-06-02 14:43:18.909 [restartedMain] WARN  org.mybatis.spring.mapper.ClassPathMapperScanner - Skipping MapperFactoryBean with name 'cartNumFirstMapper' and 'com.kexin.admin.mapper.CartNumFirstMapper' mapperInterface. Bean already defined with the same name!
2020-06-02 14:43:18.909 [restartedMain] WARN  org.mybatis.spring.mapper.ClassPathMapperScanner - Skipping MapperFactoryBean with name 'dataupLogMapper' and 'com.kexin.admin.mapper.DataupLogMapper' mapperInterface. Bean already defined with the same name!
2020-06-02 14:43:18.909 [restartedMain] WARN  org.mybatis.spring.mapper.ClassPathMapperScanner - Skipping MapperFactoryBean with name 'dicWorkUnitsMapper' and 'com.kexin.admin.mapper.DicWorkUnitsMapper' mapperInterface. Bean already defined with the same name!
2020-06-02 14:43:18.909 [restartedMain] WARN  org.mybatis.spring.mapper.ClassPathMapperScanner - Skipping MapperFactoryBean with name 'loginUserMapper' and 'com.kexin.admin.mapper.LoginUserMapper' mapperInterface. Bean already defined with the same name!
2020-06-02 14:43:18.909 [restartedMain] WARN  org.mybatis.spring.mapper.ClassPathMapperScanner - Skipping MapperFactoryBean with name 'machineCheckQueryMapper' and 'com.kexin.admin.mapper.MachineCheckQueryMapper' mapperInterface. Bean already defined with the same name!
2020-06-02 14:43:18.909 [restartedMain] WARN  org.mybatis.spring.mapper.ClassPathMapperScanner - Skipping MapperFactoryBean with name 'machineLogMapper' and 'com.kexin.admin.mapper.MachineLogMapper' mapperInterface. Bean already defined with the same name!
2020-06-02 14:43:18.910 [restartedMain] WARN  org.mybatis.spring.mapper.ClassPathMapperScanner - Skipping MapperFactoryBean with name 'machineMapper' and 'com.kexin.admin.mapper.MachineMapper' mapperInterface. Bean already defined with the same name!
2020-06-02 14:43:18.910 [restartedMain] WARN  org.mybatis.spring.mapper.ClassPathMapperScanner - Skipping MapperFactoryBean with name 'machineModelMapper' and 'com.kexin.admin.mapper.MachineModelMapper' mapperInterface. Bean already defined with the same name!
2020-06-02 14:43:18.910 [restartedMain] WARN  org.mybatis.spring.mapper.ClassPathMapperScanner - Skipping MapperFactoryBean with name 'operationLogMapper' and 'com.kexin.admin.mapper.OperationLogMapper' mapperInterface. Bean already defined with the same name!
2020-06-02 14:43:18.910 [restartedMain] WARN  org.mybatis.spring.mapper.ClassPathMapperScanner - Skipping MapperFactoryBean with name 'operationMapper' and 'com.kexin.admin.mapper.OperationMapper' mapperInterface. Bean already defined with the same name!
2020-06-02 14:43:18.910 [restartedMain] WARN  org.mybatis.spring.mapper.ClassPathMapperScanner - Skipping MapperFactoryBean with name 'operationTypeMapper' and 'com.kexin.admin.mapper.OperationTypeMapper' mapperInterface. Bean already defined with the same name!
2020-06-02 14:43:18.910 [restartedMain] WARN  org.mybatis.spring.mapper.ClassPathMapperScanner - Skipping MapperFactoryBean with name 'operatorMapper' and 'com.kexin.admin.mapper.OperatorMapper' mapperInterface. Bean already defined with the same name!
2020-06-02 14:43:18.910 [restartedMain] WARN  org.mybatis.spring.mapper.ClassPathMapperScanner - Skipping MapperFactoryBean with name 'produceLogMapper' and 'com.kexin.admin.mapper.ProduceLogMapper' mapperInterface. Bean already defined with the same name!
2020-06-02 14:43:18.910 [restartedMain] WARN  org.mybatis.spring.mapper.ClassPathMapperScanner - Skipping MapperFactoryBean with name 'productsMapper' and 'com.kexin.admin.mapper.ProductsMapper' mapperInterface. Bean already defined with the same name!
2020-06-02 14:43:18.910 [restartedMain] WARN  org.mybatis.spring.mapper.ClassPathMapperScanner - Skipping MapperFactoryBean with name 'qaInspectMasterMapper' and 'com.kexin.admin.mapper.QaInspectMasterMapper' mapperInterface. Bean already defined with the same name!
2020-06-02 14:43:18.910 [restartedMain] WARN  org.mybatis.spring.mapper.ClassPathMapperScanner - Skipping MapperFactoryBean with name 'queryReportMainMapper' and 'com.kexin.admin.mapper.QueryReportMainMapper' mapperInterface. Bean already defined with the same name!
2020-06-02 14:43:18.911 [restartedMain] WARN  org.mybatis.spring.mapper.ClassPathMapperScanner - Skipping MapperFactoryBean with name 'queryReportNckMapper' and 'com.kexin.admin.mapper.QueryReportNckMapper' mapperInterface. Bean already defined with the same name!
2020-06-02 14:43:18.911 [restartedMain] WARN  org.mybatis.spring.mapper.ClassPathMapperScanner - Skipping MapperFactoryBean with name 'queryReportQaMapper' and 'com.kexin.admin.mapper.QueryReportQaMapper' mapperInterface. Bean already defined with the same name!
2020-06-02 14:43:18.911 [restartedMain] WARN  org.mybatis.spring.mapper.ClassPathMapperScanner - Skipping MapperFactoryBean with name 'roleMapper' and 'com.kexin.admin.mapper.RoleMapper' mapperInterface. Bean already defined with the same name!
2020-06-02 14:43:18.911 [restartedMain] WARN  org.mybatis.spring.mapper.ClassPathMapperScanner - Skipping MapperFactoryBean with name 'roleMenuMapper' and 'com.kexin.admin.mapper.RoleMenuMapper' mapperInterface. Bean already defined with the same name!
2020-06-02 14:43:18.911 [restartedMain] WARN  org.mybatis.spring.mapper.ClassPathMapperScanner - Skipping MapperFactoryBean with name 'sysFunctionMapper' and 'com.kexin.admin.mapper.SysFunctionMapper' mapperInterface. Bean already defined with the same name!
2020-06-02 14:43:18.911 [restartedMain] WARN  org.mybatis.spring.mapper.ClassPathMapperScanner - Skipping MapperFactoryBean with name 'sysMenusMapper' and 'com.kexin.admin.mapper.SysMenusMapper' mapperInterface. Bean already defined with the same name!
2020-06-02 14:43:18.911 [restartedMain] WARN  org.mybatis.spring.mapper.ClassPathMapperScanner - Skipping MapperFactoryBean with name 'sysMenusMetaMapper' and 'com.kexin.admin.mapper.SysMenusMetaMapper' mapperInterface. Bean already defined with the same name!
2020-06-02 14:43:18.911 [restartedMain] WARN  org.mybatis.spring.mapper.ClassPathMapperScanner - Skipping MapperFactoryBean with name 'systemLogMapper' and 'com.kexin.admin.mapper.SystemLogMapper' mapperInterface. Bean already defined with the same name!
2020-06-02 14:43:18.911 [restartedMain] WARN  org.mybatis.spring.mapper.ClassPathMapperScanner - Skipping MapperFactoryBean with name 'systemSetMapper' and 'com.kexin.admin.mapper.SystemSetMapper' mapperInterface. Bean already defined with the same name!
2020-06-02 14:43:18.911 [restartedMain] WARN  org.mybatis.spring.mapper.ClassPathMapperScanner - Skipping MapperFactoryBean with name 'userRoleMapper' and 'com.kexin.admin.mapper.UserRoleMapper' mapperInterface. Bean already defined with the same name!
2020-06-02 14:43:18.911 [restartedMain] WARN  org.mybatis.spring.mapper.ClassPathMapperScanner - Skipping MapperFactoryBean with name 'viewProduceLogMapper' and 'com.kexin.admin.mapper.ViewProduceLogMapper' mapperInterface. Bean already defined with the same name!
2020-06-02 14:43:18.911 [restartedMain] WARN  org.mybatis.spring.mapper.ClassPathMapperScanner - Skipping MapperFactoryBean with name 'wasterReasonMapper' and 'com.kexin.admin.mapper.WasterReasonMapper' mapperInterface. Bean already defined with the same name!
2020-06-02 14:43:18.912 [restartedMain] WARN  org.mybatis.spring.mapper.ClassPathMapperScanner - Skipping MapperFactoryBean with name 'workUnitMapper' and 'com.kexin.admin.mapper.WorkUnitMapper' mapperInterface. Bean already defined with the same name!
2020-06-02 14:43:18.912 [restartedMain] WARN  org.mybatis.spring.mapper.ClassPathMapperScanner - No MyBatis mapper was found in '[com.kexin.admin.mapper]' package. Please check your configuration.
2020-06-02 16:37:47.219 [main] WARN  org.mybatis.spring.mapper.ClassPathMapperScanner - Skipping MapperFactoryBean with name 'auditParameterMapper' and 'com.kexin.admin.mapper.AuditParameterMapper' mapperInterface. Bean already defined with the same name!
2020-06-02 16:37:47.219 [main] WARN  org.mybatis.spring.mapper.ClassPathMapperScanner - Skipping MapperFactoryBean with name 'auditParameterTypeMapper' and 'com.kexin.admin.mapper.AuditParameterTypeMapper' mapperInterface. Bean already defined with the same name!
2020-06-02 16:37:47.219 [main] WARN  org.mybatis.spring.mapper.ClassPathMapperScanner - Skipping MapperFactoryBean with name 'cartNumFirstMapper' and 'com.kexin.admin.mapper.CartNumFirstMapper' mapperInterface. Bean already defined with the same name!
2020-06-02 16:37:47.219 [main] WARN  org.mybatis.spring.mapper.ClassPathMapperScanner - Skipping MapperFactoryBean with name 'dataupLogMapper' and 'com.kexin.admin.mapper.DataupLogMapper' mapperInterface. Bean already defined with the same name!
2020-06-02 16:37:47.219 [main] WARN  org.mybatis.spring.mapper.ClassPathMapperScanner - Skipping MapperFactoryBean with name 'dicWorkUnitsMapper' and 'com.kexin.admin.mapper.DicWorkUnitsMapper' mapperInterface. Bean already defined with the same name!
2020-06-02 16:37:47.219 [main] WARN  org.mybatis.spring.mapper.ClassPathMapperScanner - Skipping MapperFactoryBean with name 'loginUserMapper' and 'com.kexin.admin.mapper.LoginUserMapper' mapperInterface. Bean already defined with the same name!
2020-06-02 16:37:47.219 [main] WARN  org.mybatis.spring.mapper.ClassPathMapperScanner - Skipping MapperFactoryBean with name 'machineCheckQueryMapper' and 'com.kexin.admin.mapper.MachineCheckQueryMapper' mapperInterface. Bean already defined with the same name!
2020-06-02 16:37:47.219 [main] WARN  org.mybatis.spring.mapper.ClassPathMapperScanner - Skipping MapperFactoryBean with name 'machineLogMapper' and 'com.kexin.admin.mapper.MachineLogMapper' mapperInterface. Bean already defined with the same name!
2020-06-02 16:37:47.219 [main] WARN  org.mybatis.spring.mapper.ClassPathMapperScanner - Skipping MapperFactoryBean with name 'machineMapper' and 'com.kexin.admin.mapper.MachineMapper' mapperInterface. Bean already defined with the same name!
2020-06-02 16:37:47.220 [main] WARN  org.mybatis.spring.mapper.ClassPathMapperScanner - Skipping MapperFactoryBean with name 'machineModelMapper' and 'com.kexin.admin.mapper.MachineModelMapper' mapperInterface. Bean already defined with the same name!
2020-06-02 16:37:47.220 [main] WARN  org.mybatis.spring.mapper.ClassPathMapperScanner - Skipping MapperFactoryBean with name 'operationLogMapper' and 'com.kexin.admin.mapper.OperationLogMapper' mapperInterface. Bean already defined with the same name!
2020-06-02 16:37:47.220 [main] WARN  org.mybatis.spring.mapper.ClassPathMapperScanner - Skipping MapperFactoryBean with name 'operationMapper' and 'com.kexin.admin.mapper.OperationMapper' mapperInterface. Bean already defined with the same name!
2020-06-02 16:37:47.220 [main] WARN  org.mybatis.spring.mapper.ClassPathMapperScanner - Skipping MapperFactoryBean with name 'operationTypeMapper' and 'com.kexin.admin.mapper.OperationTypeMapper' mapperInterface. Bean already defined with the same name!
2020-06-02 16:37:47.220 [main] WARN  org.mybatis.spring.mapper.ClassPathMapperScanner - Skipping MapperFactoryBean with name 'operatorMapper' and 'com.kexin.admin.mapper.OperatorMapper' mapperInterface. Bean already defined with the same name!
2020-06-02 16:37:47.220 [main] WARN  org.mybatis.spring.mapper.ClassPathMapperScanner - Skipping MapperFactoryBean with name 'produceLogMapper' and 'com.kexin.admin.mapper.ProduceLogMapper' mapperInterface. Bean already defined with the same name!
2020-06-02 16:37:47.220 [main] WARN  org.mybatis.spring.mapper.ClassPathMapperScanner - Skipping MapperFactoryBean with name 'productsMapper' and 'com.kexin.admin.mapper.ProductsMapper' mapperInterface. Bean already defined with the same name!
2020-06-02 16:37:47.220 [main] WARN  org.mybatis.spring.mapper.ClassPathMapperScanner - Skipping MapperFactoryBean with name 'qaInspectMasterMapper' and 'com.kexin.admin.mapper.QaInspectMasterMapper' mapperInterface. Bean already defined with the same name!
2020-06-02 16:37:47.220 [main] WARN  org.mybatis.spring.mapper.ClassPathMapperScanner - Skipping MapperFactoryBean with name 'queryReportMainMapper' and 'com.kexin.admin.mapper.QueryReportMainMapper' mapperInterface. Bean already defined with the same name!
2020-06-02 16:37:47.220 [main] WARN  org.mybatis.spring.mapper.ClassPathMapperScanner - Skipping MapperFactoryBean with name 'queryReportNckMapper' and 'com.kexin.admin.mapper.QueryReportNckMapper' mapperInterface. Bean already defined with the same name!
2020-06-02 16:37:47.221 [main] WARN  org.mybatis.spring.mapper.ClassPathMapperScanner - Skipping MapperFactoryBean with name 'queryReportQaMapper' and 'com.kexin.admin.mapper.QueryReportQaMapper' mapperInterface. Bean already defined with the same name!
2020-06-02 16:37:47.221 [main] WARN  org.mybatis.spring.mapper.ClassPathMapperScanner - Skipping MapperFactoryBean with name 'roleMapper' and 'com.kexin.admin.mapper.RoleMapper' mapperInterface. Bean already defined with the same name!
2020-06-02 16:37:47.221 [main] WARN  org.mybatis.spring.mapper.ClassPathMapperScanner - Skipping MapperFactoryBean with name 'roleMenuMapper' and 'com.kexin.admin.mapper.RoleMenuMapper' mapperInterface. Bean already defined with the same name!
2020-06-02 16:37:47.221 [main] WARN  org.mybatis.spring.mapper.ClassPathMapperScanner - Skipping MapperFactoryBean with name 'sysFunctionMapper' and 'com.kexin.admin.mapper.SysFunctionMapper' mapperInterface. Bean already defined with the same name!
2020-06-02 16:37:47.221 [main] WARN  org.mybatis.spring.mapper.ClassPathMapperScanner - Skipping MapperFactoryBean with name 'sysMenusMapper' and 'com.kexin.admin.mapper.SysMenusMapper' mapperInterface. Bean already defined with the same name!
2020-06-02 16:37:47.221 [main] WARN  org.mybatis.spring.mapper.ClassPathMapperScanner - Skipping MapperFactoryBean with name 'sysMenusMetaMapper' and 'com.kexin.admin.mapper.SysMenusMetaMapper' mapperInterface. Bean already defined with the same name!
2020-06-02 16:37:47.221 [main] WARN  org.mybatis.spring.mapper.ClassPathMapperScanner - Skipping MapperFactoryBean with name 'systemLogMapper' and 'com.kexin.admin.mapper.SystemLogMapper' mapperInterface. Bean already defined with the same name!
2020-06-02 16:37:47.221 [main] WARN  org.mybatis.spring.mapper.ClassPathMapperScanner - Skipping MapperFactoryBean with name 'systemSetMapper' and 'com.kexin.admin.mapper.SystemSetMapper' mapperInterface. Bean already defined with the same name!
2020-06-02 16:37:47.221 [main] WARN  org.mybatis.spring.mapper.ClassPathMapperScanner - Skipping MapperFactoryBean with name 'userRoleMapper' and 'com.kexin.admin.mapper.UserRoleMapper' mapperInterface. Bean already defined with the same name!
2020-06-02 16:37:47.221 [main] WARN  org.mybatis.spring.mapper.ClassPathMapperScanner - Skipping MapperFactoryBean with name 'viewProduceLogMapper' and 'com.kexin.admin.mapper.ViewProduceLogMapper' mapperInterface. Bean already defined with the same name!
2020-06-02 16:37:47.221 [main] WARN  org.mybatis.spring.mapper.ClassPathMapperScanner - Skipping MapperFactoryBean with name 'wasterReasonMapper' and 'com.kexin.admin.mapper.WasterReasonMapper' mapperInterface. Bean already defined with the same name!
2020-06-02 16:37:47.222 [main] WARN  org.mybatis.spring.mapper.ClassPathMapperScanner - Skipping MapperFactoryBean with name 'workUnitMapper' and 'com.kexin.admin.mapper.WorkUnitMapper' mapperInterface. Bean already defined with the same name!
2020-06-02 16:37:47.222 [main] WARN  org.mybatis.spring.mapper.ClassPathMapperScanner - No MyBatis mapper was found in '[com.kexin.admin.mapper]' package. Please check your configuration.
2020-06-02 16:39:08.857 [main] WARN  org.mybatis.spring.mapper.ClassPathMapperScanner - Skipping MapperFactoryBean with name 'auditParameterMapper' and 'com.kexin.admin.mapper.AuditParameterMapper' mapperInterface. Bean already defined with the same name!
2020-06-02 16:39:08.857 [main] WARN  org.mybatis.spring.mapper.ClassPathMapperScanner - Skipping MapperFactoryBean with name 'auditParameterTypeMapper' and 'com.kexin.admin.mapper.AuditParameterTypeMapper' mapperInterface. Bean already defined with the same name!
2020-06-02 16:39:08.857 [main] WARN  org.mybatis.spring.mapper.ClassPathMapperScanner - Skipping MapperFactoryBean with name 'cartNumFirstMapper' and 'com.kexin.admin.mapper.CartNumFirstMapper' mapperInterface. Bean already defined with the same name!
2020-06-02 16:39:08.857 [main] WARN  org.mybatis.spring.mapper.ClassPathMapperScanner - Skipping MapperFactoryBean with name 'dataupLogMapper' and 'com.kexin.admin.mapper.DataupLogMapper' mapperInterface. Bean already defined with the same name!
2020-06-02 16:39:08.857 [main] WARN  org.mybatis.spring.mapper.ClassPathMapperScanner - Skipping MapperFactoryBean with name 'dicWorkUnitsMapper' and 'com.kexin.admin.mapper.DicWorkUnitsMapper' mapperInterface. Bean already defined with the same name!
2020-06-02 16:39:08.857 [main] WARN  org.mybatis.spring.mapper.ClassPathMapperScanner - Skipping MapperFactoryBean with name 'loginUserMapper' and 'com.kexin.admin.mapper.LoginUserMapper' mapperInterface. Bean already defined with the same name!
2020-06-02 16:39:08.857 [main] WARN  org.mybatis.spring.mapper.ClassPathMapperScanner - Skipping MapperFactoryBean with name 'machineCheckQueryMapper' and 'com.kexin.admin.mapper.MachineCheckQueryMapper' mapperInterface. Bean already defined with the same name!
2020-06-02 16:39:08.857 [main] WARN  org.mybatis.spring.mapper.ClassPathMapperScanner - Skipping MapperFactoryBean with name 'machineLogMapper' and 'com.kexin.admin.mapper.MachineLogMapper' mapperInterface. Bean already defined with the same name!
2020-06-02 16:39:08.858 [main] WARN  org.mybatis.spring.mapper.ClassPathMapperScanner - Skipping MapperFactoryBean with name 'machineMapper' and 'com.kexin.admin.mapper.MachineMapper' mapperInterface. Bean already defined with the same name!
2020-06-02 16:39:08.858 [main] WARN  org.mybatis.spring.mapper.ClassPathMapperScanner - Skipping MapperFactoryBean with name 'machineModelMapper' and 'com.kexin.admin.mapper.MachineModelMapper' mapperInterface. Bean already defined with the same name!
2020-06-02 16:39:08.858 [main] WARN  org.mybatis.spring.mapper.ClassPathMapperScanner - Skipping MapperFactoryBean with name 'operationLogMapper' and 'com.kexin.admin.mapper.OperationLogMapper' mapperInterface. Bean already defined with the same name!
2020-06-02 16:39:08.858 [main] WARN  org.mybatis.spring.mapper.ClassPathMapperScanner - Skipping MapperFactoryBean with name 'operationMapper' and 'com.kexin.admin.mapper.OperationMapper' mapperInterface. Bean already defined with the same name!
2020-06-02 16:39:08.858 [main] WARN  org.mybatis.spring.mapper.ClassPathMapperScanner - Skipping MapperFactoryBean with name 'operationTypeMapper' and 'com.kexin.admin.mapper.OperationTypeMapper' mapperInterface. Bean already defined with the same name!
2020-06-02 16:39:08.858 [main] WARN  org.mybatis.spring.mapper.ClassPathMapperScanner - Skipping MapperFactoryBean with name 'operatorMapper' and 'com.kexin.admin.mapper.OperatorMapper' mapperInterface. Bean already defined with the same name!
2020-06-02 16:39:08.858 [main] WARN  org.mybatis.spring.mapper.ClassPathMapperScanner - Skipping MapperFactoryBean with name 'produceLogMapper' and 'com.kexin.admin.mapper.ProduceLogMapper' mapperInterface. Bean already defined with the same name!
2020-06-02 16:39:08.858 [main] WARN  org.mybatis.spring.mapper.ClassPathMapperScanner - Skipping MapperFactoryBean with name 'productsMapper' and 'com.kexin.admin.mapper.ProductsMapper' mapperInterface. Bean already defined with the same name!
2020-06-02 16:39:08.858 [main] WARN  org.mybatis.spring.mapper.ClassPathMapperScanner - Skipping MapperFactoryBean with name 'qaInspectMasterMapper' and 'com.kexin.admin.mapper.QaInspectMasterMapper' mapperInterface. Bean already defined with the same name!
2020-06-02 16:39:08.858 [main] WARN  org.mybatis.spring.mapper.ClassPathMapperScanner - Skipping MapperFactoryBean with name 'queryReportMainMapper' and 'com.kexin.admin.mapper.QueryReportMainMapper' mapperInterface. Bean already defined with the same name!
2020-06-02 16:39:08.859 [main] WARN  org.mybatis.spring.mapper.ClassPathMapperScanner - Skipping MapperFactoryBean with name 'queryReportNckMapper' and 'com.kexin.admin.mapper.QueryReportNckMapper' mapperInterface. Bean already defined with the same name!
2020-06-02 16:39:08.859 [main] WARN  org.mybatis.spring.mapper.ClassPathMapperScanner - Skipping MapperFactoryBean with name 'queryReportQaMapper' and 'com.kexin.admin.mapper.QueryReportQaMapper' mapperInterface. Bean already defined with the same name!
2020-06-02 16:39:08.859 [main] WARN  org.mybatis.spring.mapper.ClassPathMapperScanner - Skipping MapperFactoryBean with name 'roleMapper' and 'com.kexin.admin.mapper.RoleMapper' mapperInterface. Bean already defined with the same name!
2020-06-02 16:39:08.859 [main] WARN  org.mybatis.spring.mapper.ClassPathMapperScanner - Skipping MapperFactoryBean with name 'roleMenuMapper' and 'com.kexin.admin.mapper.RoleMenuMapper' mapperInterface. Bean already defined with the same name!
2020-06-02 16:39:08.859 [main] WARN  org.mybatis.spring.mapper.ClassPathMapperScanner - Skipping MapperFactoryBean with name 'sysFunctionMapper' and 'com.kexin.admin.mapper.SysFunctionMapper' mapperInterface. Bean already defined with the same name!
2020-06-02 16:39:08.859 [main] WARN  org.mybatis.spring.mapper.ClassPathMapperScanner - Skipping MapperFactoryBean with name 'sysMenusMapper' and 'com.kexin.admin.mapper.SysMenusMapper' mapperInterface. Bean already defined with the same name!
2020-06-02 16:39:08.859 [main] WARN  org.mybatis.spring.mapper.ClassPathMapperScanner - Skipping MapperFactoryBean with name 'sysMenusMetaMapper' and 'com.kexin.admin.mapper.SysMenusMetaMapper' mapperInterface. Bean already defined with the same name!
2020-06-02 16:39:08.859 [main] WARN  org.mybatis.spring.mapper.ClassPathMapperScanner - Skipping MapperFactoryBean with name 'systemLogMapper' and 'com.kexin.admin.mapper.SystemLogMapper' mapperInterface. Bean already defined with the same name!
2020-06-02 16:39:08.859 [main] WARN  org.mybatis.spring.mapper.ClassPathMapperScanner - Skipping MapperFactoryBean with name 'systemSetMapper' and 'com.kexin.admin.mapper.SystemSetMapper' mapperInterface. Bean already defined with the same name!
2020-06-02 16:39:08.859 [main] WARN  org.mybatis.spring.mapper.ClassPathMapperScanner - Skipping MapperFactoryBean with name 'userRoleMapper' and 'com.kexin.admin.mapper.UserRoleMapper' mapperInterface. Bean already defined with the same name!
2020-06-02 16:39:08.859 [main] WARN  org.mybatis.spring.mapper.ClassPathMapperScanner - Skipping MapperFactoryBean with name 'viewProduceLogMapper' and 'com.kexin.admin.mapper.ViewProduceLogMapper' mapperInterface. Bean already defined with the same name!
2020-06-02 16:39:08.859 [main] WARN  org.mybatis.spring.mapper.ClassPathMapperScanner - Skipping MapperFactoryBean with name 'wasterReasonMapper' and 'com.kexin.admin.mapper.WasterReasonMapper' mapperInterface. Bean already defined with the same name!
2020-06-02 16:39:08.860 [main] WARN  org.mybatis.spring.mapper.ClassPathMapperScanner - Skipping MapperFactoryBean with name 'workUnitMapper' and 'com.kexin.admin.mapper.WorkUnitMapper' mapperInterface. Bean already defined with the same name!
2020-06-02 16:39:08.860 [main] WARN  org.mybatis.spring.mapper.ClassPathMapperScanner - No MyBatis mapper was found in '[com.kexin.admin.mapper]' package. Please check your configuration.
2020-06-02 16:40:47.555 [main] WARN  org.mybatis.spring.mapper.ClassPathMapperScanner - Skipping MapperFactoryBean with name 'auditParameterMapper' and 'com.kexin.admin.mapper.AuditParameterMapper' mapperInterface. Bean already defined with the same name!
2020-06-02 16:40:47.555 [main] WARN  org.mybatis.spring.mapper.ClassPathMapperScanner - Skipping MapperFactoryBean with name 'auditParameterTypeMapper' and 'com.kexin.admin.mapper.AuditParameterTypeMapper' mapperInterface. Bean already defined with the same name!
2020-06-02 16:40:47.555 [main] WARN  org.mybatis.spring.mapper.ClassPathMapperScanner - Skipping MapperFactoryBean with name 'cartNumFirstMapper' and 'com.kexin.admin.mapper.CartNumFirstMapper' mapperInterface. Bean already defined with the same name!
2020-06-02 16:40:47.555 [main] WARN  org.mybatis.spring.mapper.ClassPathMapperScanner - Skipping MapperFactoryBean with name 'dataupLogMapper' and 'com.kexin.admin.mapper.DataupLogMapper' mapperInterface. Bean already defined with the same name!
2020-06-02 16:40:47.555 [main] WARN  org.mybatis.spring.mapper.ClassPathMapperScanner - Skipping MapperFactoryBean with name 'dicWorkUnitsMapper' and 'com.kexin.admin.mapper.DicWorkUnitsMapper' mapperInterface. Bean already defined with the same name!
2020-06-02 16:40:47.555 [main] WARN  org.mybatis.spring.mapper.ClassPathMapperScanner - Skipping MapperFactoryBean with name 'loginUserMapper' and 'com.kexin.admin.mapper.LoginUserMapper' mapperInterface. Bean already defined with the same name!
2020-06-02 16:40:47.556 [main] WARN  org.mybatis.spring.mapper.ClassPathMapperScanner - Skipping MapperFactoryBean with name 'machineCheckQueryMapper' and 'com.kexin.admin.mapper.MachineCheckQueryMapper' mapperInterface. Bean already defined with the same name!
2020-06-02 16:40:47.556 [main] WARN  org.mybatis.spring.mapper.ClassPathMapperScanner - Skipping MapperFactoryBean with name 'machineLogMapper' and 'com.kexin.admin.mapper.MachineLogMapper' mapperInterface. Bean already defined with the same name!
2020-06-02 16:40:47.556 [main] WARN  org.mybatis.spring.mapper.ClassPathMapperScanner - Skipping MapperFactoryBean with name 'machineMapper' and 'com.kexin.admin.mapper.MachineMapper' mapperInterface. Bean already defined with the same name!
2020-06-02 16:40:47.556 [main] WARN  org.mybatis.spring.mapper.ClassPathMapperScanner - Skipping MapperFactoryBean with name 'machineModelMapper' and 'com.kexin.admin.mapper.MachineModelMapper' mapperInterface. Bean already defined with the same name!
2020-06-02 16:40:47.556 [main] WARN  org.mybatis.spring.mapper.ClassPathMapperScanner - Skipping MapperFactoryBean with name 'operationLogMapper' and 'com.kexin.admin.mapper.OperationLogMapper' mapperInterface. Bean already defined with the same name!
2020-06-02 16:40:47.556 [main] WARN  org.mybatis.spring.mapper.ClassPathMapperScanner - Skipping MapperFactoryBean with name 'operationMapper' and 'com.kexin.admin.mapper.OperationMapper' mapperInterface. Bean already defined with the same name!
2020-06-02 16:40:47.556 [main] WARN  org.mybatis.spring.mapper.ClassPathMapperScanner - Skipping MapperFactoryBean with name 'operationTypeMapper' and 'com.kexin.admin.mapper.OperationTypeMapper' mapperInterface. Bean already defined with the same name!
2020-06-02 16:40:47.556 [main] WARN  org.mybatis.spring.mapper.ClassPathMapperScanner - Skipping MapperFactoryBean with name 'operatorMapper' and 'com.kexin.admin.mapper.OperatorMapper' mapperInterface. Bean already defined with the same name!
2020-06-02 16:40:47.556 [main] WARN  org.mybatis.spring.mapper.ClassPathMapperScanner - Skipping MapperFactoryBean with name 'produceLogMapper' and 'com.kexin.admin.mapper.ProduceLogMapper' mapperInterface. Bean already defined with the same name!
2020-06-02 16:40:47.557 [main] WARN  org.mybatis.spring.mapper.ClassPathMapperScanner - Skipping MapperFactoryBean with name 'productsMapper' and 'com.kexin.admin.mapper.ProductsMapper' mapperInterface. Bean already defined with the same name!
2020-06-02 16:40:47.557 [main] WARN  org.mybatis.spring.mapper.ClassPathMapperScanner - Skipping MapperFactoryBean with name 'qaInspectMasterMapper' and 'com.kexin.admin.mapper.QaInspectMasterMapper' mapperInterface. Bean already defined with the same name!
2020-06-02 16:40:47.557 [main] WARN  org.mybatis.spring.mapper.ClassPathMapperScanner - Skipping MapperFactoryBean with name 'queryReportMainMapper' and 'com.kexin.admin.mapper.QueryReportMainMapper' mapperInterface. Bean already defined with the same name!
2020-06-02 16:40:47.557 [main] WARN  org.mybatis.spring.mapper.ClassPathMapperScanner - Skipping MapperFactoryBean with name 'queryReportNckMapper' and 'com.kexin.admin.mapper.QueryReportNckMapper' mapperInterface. Bean already defined with the same name!
2020-06-02 16:40:47.557 [main] WARN  org.mybatis.spring.mapper.ClassPathMapperScanner - Skipping MapperFactoryBean with name 'queryReportQaMapper' and 'com.kexin.admin.mapper.QueryReportQaMapper' mapperInterface. Bean already defined with the same name!
2020-06-02 16:40:47.557 [main] WARN  org.mybatis.spring.mapper.ClassPathMapperScanner - Skipping MapperFactoryBean with name 'roleMapper' and 'com.kexin.admin.mapper.RoleMapper' mapperInterface. Bean already defined with the same name!
2020-06-02 16:40:47.557 [main] WARN  org.mybatis.spring.mapper.ClassPathMapperScanner - Skipping MapperFactoryBean with name 'roleMenuMapper' and 'com.kexin.admin.mapper.RoleMenuMapper' mapperInterface. Bean already defined with the same name!
2020-06-02 16:40:47.557 [main] WARN  org.mybatis.spring.mapper.ClassPathMapperScanner - Skipping MapperFactoryBean with name 'sysFunctionMapper' and 'com.kexin.admin.mapper.SysFunctionMapper' mapperInterface. Bean already defined with the same name!
2020-06-02 16:40:47.557 [main] WARN  org.mybatis.spring.mapper.ClassPathMapperScanner - Skipping MapperFactoryBean with name 'sysMenusMapper' and 'com.kexin.admin.mapper.SysMenusMapper' mapperInterface. Bean already defined with the same name!
2020-06-02 16:40:47.557 [main] WARN  org.mybatis.spring.mapper.ClassPathMapperScanner - Skipping MapperFactoryBean with name 'sysMenusMetaMapper' and 'com.kexin.admin.mapper.SysMenusMetaMapper' mapperInterface. Bean already defined with the same name!
2020-06-02 16:40:47.557 [main] WARN  org.mybatis.spring.mapper.ClassPathMapperScanner - Skipping MapperFactoryBean with name 'systemLogMapper' and 'com.kexin.admin.mapper.SystemLogMapper' mapperInterface. Bean already defined with the same name!
2020-06-02 16:40:47.558 [main] WARN  org.mybatis.spring.mapper.ClassPathMapperScanner - Skipping MapperFactoryBean with name 'systemSetMapper' and 'com.kexin.admin.mapper.SystemSetMapper' mapperInterface. Bean already defined with the same name!
2020-06-02 16:40:47.558 [main] WARN  org.mybatis.spring.mapper.ClassPathMapperScanner - Skipping MapperFactoryBean with name 'userRoleMapper' and 'com.kexin.admin.mapper.UserRoleMapper' mapperInterface. Bean already defined with the same name!
2020-06-02 16:40:47.558 [main] WARN  org.mybatis.spring.mapper.ClassPathMapperScanner - Skipping MapperFactoryBean with name 'viewProduceLogMapper' and 'com.kexin.admin.mapper.ViewProduceLogMapper' mapperInterface. Bean already defined with the same name!
2020-06-02 16:40:47.558 [main] WARN  org.mybatis.spring.mapper.ClassPathMapperScanner - Skipping MapperFactoryBean with name 'wasterReasonMapper' and 'com.kexin.admin.mapper.WasterReasonMapper' mapperInterface. Bean already defined with the same name!
2020-06-02 16:40:47.558 [main] WARN  org.mybatis.spring.mapper.ClassPathMapperScanner - Skipping MapperFactoryBean with name 'workUnitMapper' and 'com.kexin.admin.mapper.WorkUnitMapper' mapperInterface. Bean already defined with the same name!
2020-06-02 16:40:47.558 [main] WARN  org.mybatis.spring.mapper.ClassPathMapperScanner - No MyBatis mapper was found in '[com.kexin.admin.mapper]' package. Please check your configuration.
2020-06-02 16:42:18.998 [main] WARN  org.mybatis.spring.mapper.ClassPathMapperScanner - Skipping MapperFactoryBean with name 'auditParameterMapper' and 'com.kexin.admin.mapper.AuditParameterMapper' mapperInterface. Bean already defined with the same name!
2020-06-02 16:42:18.999 [main] WARN  org.mybatis.spring.mapper.ClassPathMapperScanner - Skipping MapperFactoryBean with name 'auditParameterTypeMapper' and 'com.kexin.admin.mapper.AuditParameterTypeMapper' mapperInterface. Bean already defined with the same name!
2020-06-02 16:42:18.999 [main] WARN  org.mybatis.spring.mapper.ClassPathMapperScanner - Skipping MapperFactoryBean with name 'cartNumFirstMapper' and 'com.kexin.admin.mapper.CartNumFirstMapper' mapperInterface. Bean already defined with the same name!
2020-06-02 16:42:18.999 [main] WARN  org.mybatis.spring.mapper.ClassPathMapperScanner - Skipping MapperFactoryBean with name 'dataupLogMapper' and 'com.kexin.admin.mapper.DataupLogMapper' mapperInterface. Bean already defined with the same name!
2020-06-02 16:42:18.999 [main] WARN  org.mybatis.spring.mapper.ClassPathMapperScanner - Skipping MapperFactoryBean with name 'dicWorkUnitsMapper' and 'com.kexin.admin.mapper.DicWorkUnitsMapper' mapperInterface. Bean already defined with the same name!
2020-06-02 16:42:18.999 [main] WARN  org.mybatis.spring.mapper.ClassPathMapperScanner - Skipping MapperFactoryBean with name 'loginUserMapper' and 'com.kexin.admin.mapper.LoginUserMapper' mapperInterface. Bean already defined with the same name!
2020-06-02 16:42:18.999 [main] WARN  org.mybatis.spring.mapper.ClassPathMapperScanner - Skipping MapperFactoryBean with name 'machineCheckQueryMapper' and 'com.kexin.admin.mapper.MachineCheckQueryMapper' mapperInterface. Bean already defined with the same name!
2020-06-02 16:42:18.999 [main] WARN  org.mybatis.spring.mapper.ClassPathMapperScanner - Skipping MapperFactoryBean with name 'machineLogMapper' and 'com.kexin.admin.mapper.MachineLogMapper' mapperInterface. Bean already defined with the same name!
2020-06-02 16:42:18.999 [main] WARN  org.mybatis.spring.mapper.ClassPathMapperScanner - Skipping MapperFactoryBean with name 'machineMapper' and 'com.kexin.admin.mapper.MachineMapper' mapperInterface. Bean already defined with the same name!
2020-06-02 16:42:18.999 [main] WARN  org.mybatis.spring.mapper.ClassPathMapperScanner - Skipping MapperFactoryBean with name 'machineModelMapper' and 'com.kexin.admin.mapper.MachineModelMapper' mapperInterface. Bean already defined with the same name!
2020-06-02 16:42:18.999 [main] WARN  org.mybatis.spring.mapper.ClassPathMapperScanner - Skipping MapperFactoryBean with name 'operationLogMapper' and 'com.kexin.admin.mapper.OperationLogMapper' mapperInterface. Bean already defined with the same name!
2020-06-02 16:42:18.999 [main] WARN  org.mybatis.spring.mapper.ClassPathMapperScanner - Skipping MapperFactoryBean with name 'operationMapper' and 'com.kexin.admin.mapper.OperationMapper' mapperInterface. Bean already defined with the same name!
2020-06-02 16:42:18.999 [main] WARN  org.mybatis.spring.mapper.ClassPathMapperScanner - Skipping MapperFactoryBean with name 'operationTypeMapper' and 'com.kexin.admin.mapper.OperationTypeMapper' mapperInterface. Bean already defined with the same name!
2020-06-02 16:42:18.999 [main] WARN  org.mybatis.spring.mapper.ClassPathMapperScanner - Skipping MapperFactoryBean with name 'operatorMapper' and 'com.kexin.admin.mapper.OperatorMapper' mapperInterface. Bean already defined with the same name!
2020-06-02 16:42:19.000 [main] WARN  org.mybatis.spring.mapper.ClassPathMapperScanner - Skipping MapperFactoryBean with name 'produceLogMapper' and 'com.kexin.admin.mapper.ProduceLogMapper' mapperInterface. Bean already defined with the same name!
2020-06-02 16:42:19.000 [main] WARN  org.mybatis.spring.mapper.ClassPathMapperScanner - Skipping MapperFactoryBean with name 'productsMapper' and 'com.kexin.admin.mapper.ProductsMapper' mapperInterface. Bean already defined with the same name!
2020-06-02 16:42:19.000 [main] WARN  org.mybatis.spring.mapper.ClassPathMapperScanner - Skipping MapperFactoryBean with name 'qaInspectMasterMapper' and 'com.kexin.admin.mapper.QaInspectMasterMapper' mapperInterface. Bean already defined with the same name!
2020-06-02 16:42:19.000 [main] WARN  org.mybatis.spring.mapper.ClassPathMapperScanner - Skipping MapperFactoryBean with name 'queryReportMainMapper' and 'com.kexin.admin.mapper.QueryReportMainMapper' mapperInterface. Bean already defined with the same name!
2020-06-02 16:42:19.000 [main] WARN  org.mybatis.spring.mapper.ClassPathMapperScanner - Skipping MapperFactoryBean with name 'queryReportNckMapper' and 'com.kexin.admin.mapper.QueryReportNckMapper' mapperInterface. Bean already defined with the same name!
2020-06-02 16:42:19.000 [main] WARN  org.mybatis.spring.mapper.ClassPathMapperScanner - Skipping MapperFactoryBean with name 'queryReportQaMapper' and 'com.kexin.admin.mapper.QueryReportQaMapper' mapperInterface. Bean already defined with the same name!
2020-06-02 16:42:19.000 [main] WARN  org.mybatis.spring.mapper.ClassPathMapperScanner - Skipping MapperFactoryBean with name 'roleMapper' and 'com.kexin.admin.mapper.RoleMapper' mapperInterface. Bean already defined with the same name!
2020-06-02 16:42:19.000 [main] WARN  org.mybatis.spring.mapper.ClassPathMapperScanner - Skipping MapperFactoryBean with name 'roleMenuMapper' and 'com.kexin.admin.mapper.RoleMenuMapper' mapperInterface. Bean already defined with the same name!
2020-06-02 16:42:19.000 [main] WARN  org.mybatis.spring.mapper.ClassPathMapperScanner - Skipping MapperFactoryBean with name 'sysFunctionMapper' and 'com.kexin.admin.mapper.SysFunctionMapper' mapperInterface. Bean already defined with the same name!
2020-06-02 16:42:19.000 [main] WARN  org.mybatis.spring.mapper.ClassPathMapperScanner - Skipping MapperFactoryBean with name 'sysMenusMapper' and 'com.kexin.admin.mapper.SysMenusMapper' mapperInterface. Bean already defined with the same name!
2020-06-02 16:42:19.000 [main] WARN  org.mybatis.spring.mapper.ClassPathMapperScanner - Skipping MapperFactoryBean with name 'sysMenusMetaMapper' and 'com.kexin.admin.mapper.SysMenusMetaMapper' mapperInterface. Bean already defined with the same name!
2020-06-02 16:42:19.000 [main] WARN  org.mybatis.spring.mapper.ClassPathMapperScanner - Skipping MapperFactoryBean with name 'systemLogMapper' and 'com.kexin.admin.mapper.SystemLogMapper' mapperInterface. Bean already defined with the same name!
2020-06-02 16:42:19.000 [main] WARN  org.mybatis.spring.mapper.ClassPathMapperScanner - Skipping MapperFactoryBean with name 'systemSetMapper' and 'com.kexin.admin.mapper.SystemSetMapper' mapperInterface. Bean already defined with the same name!
2020-06-02 16:42:19.000 [main] WARN  org.mybatis.spring.mapper.ClassPathMapperScanner - Skipping MapperFactoryBean with name 'userRoleMapper' and 'com.kexin.admin.mapper.UserRoleMapper' mapperInterface. Bean already defined with the same name!
2020-06-02 16:42:19.000 [main] WARN  org.mybatis.spring.mapper.ClassPathMapperScanner - Skipping MapperFactoryBean with name 'viewProduceLogMapper' and 'com.kexin.admin.mapper.ViewProduceLogMapper' mapperInterface. Bean already defined with the same name!
2020-06-02 16:42:19.000 [main] WARN  org.mybatis.spring.mapper.ClassPathMapperScanner - Skipping MapperFactoryBean with name 'wasterReasonMapper' and 'com.kexin.admin.mapper.WasterReasonMapper' mapperInterface. Bean already defined with the same name!
2020-06-02 16:42:19.000 [main] WARN  org.mybatis.spring.mapper.ClassPathMapperScanner - Skipping MapperFactoryBean with name 'workUnitMapper' and 'com.kexin.admin.mapper.WorkUnitMapper' mapperInterface. Bean already defined with the same name!
2020-06-02 16:42:19.001 [main] WARN  org.mybatis.spring.mapper.ClassPathMapperScanner - No MyBatis mapper was found in '[com.kexin.admin.mapper]' package. Please check your configuration.
2020-06-02 16:43:45.653 [main] WARN  org.mybatis.spring.mapper.ClassPathMapperScanner - Skipping MapperFactoryBean with name 'auditParameterMapper' and 'com.kexin.admin.mapper.AuditParameterMapper' mapperInterface. Bean already defined with the same name!
2020-06-02 16:43:45.653 [main] WARN  org.mybatis.spring.mapper.ClassPathMapperScanner - Skipping MapperFactoryBean with name 'auditParameterTypeMapper' and 'com.kexin.admin.mapper.AuditParameterTypeMapper' mapperInterface. Bean already defined with the same name!
2020-06-02 16:43:45.654 [main] WARN  org.mybatis.spring.mapper.ClassPathMapperScanner - Skipping MapperFactoryBean with name 'cartNumFirstMapper' and 'com.kexin.admin.mapper.CartNumFirstMapper' mapperInterface. Bean already defined with the same name!
2020-06-02 16:43:45.654 [main] WARN  org.mybatis.spring.mapper.ClassPathMapperScanner - Skipping MapperFactoryBean with name 'dataupLogMapper' and 'com.kexin.admin.mapper.DataupLogMapper' mapperInterface. Bean already defined with the same name!
2020-06-02 16:43:45.654 [main] WARN  org.mybatis.spring.mapper.ClassPathMapperScanner - Skipping MapperFactoryBean with name 'dicWorkUnitsMapper' and 'com.kexin.admin.mapper.DicWorkUnitsMapper' mapperInterface. Bean already defined with the same name!
2020-06-02 16:43:45.654 [main] WARN  org.mybatis.spring.mapper.ClassPathMapperScanner - Skipping MapperFactoryBean with name 'loginUserMapper' and 'com.kexin.admin.mapper.LoginUserMapper' mapperInterface. Bean already defined with the same name!
2020-06-02 16:43:45.654 [main] WARN  org.mybatis.spring.mapper.ClassPathMapperScanner - Skipping MapperFactoryBean with name 'machineCheckQueryMapper' and 'com.kexin.admin.mapper.MachineCheckQueryMapper' mapperInterface. Bean already defined with the same name!
2020-06-02 16:43:45.654 [main] WARN  org.mybatis.spring.mapper.ClassPathMapperScanner - Skipping MapperFactoryBean with name 'machineLogMapper' and 'com.kexin.admin.mapper.MachineLogMapper' mapperInterface. Bean already defined with the same name!
2020-06-02 16:43:45.654 [main] WARN  org.mybatis.spring.mapper.ClassPathMapperScanner - Skipping MapperFactoryBean with name 'machineMapper' and 'com.kexin.admin.mapper.MachineMapper' mapperInterface. Bean already defined with the same name!
2020-06-02 16:43:45.654 [main] WARN  org.mybatis.spring.mapper.ClassPathMapperScanner - Skipping MapperFactoryBean with name 'machineModelMapper' and 'com.kexin.admin.mapper.MachineModelMapper' mapperInterface. Bean already defined with the same name!
2020-06-02 16:43:45.654 [main] WARN  org.mybatis.spring.mapper.ClassPathMapperScanner - Skipping MapperFactoryBean with name 'operationLogMapper' and 'com.kexin.admin.mapper.OperationLogMapper' mapperInterface. Bean already defined with the same name!
2020-06-02 16:43:45.654 [main] WARN  org.mybatis.spring.mapper.ClassPathMapperScanner - Skipping MapperFactoryBean with name 'operationMapper' and 'com.kexin.admin.mapper.OperationMapper' mapperInterface. Bean already defined with the same name!
2020-06-02 16:43:45.654 [main] WARN  org.mybatis.spring.mapper.ClassPathMapperScanner - Skipping MapperFactoryBean with name 'operationTypeMapper' and 'com.kexin.admin.mapper.OperationTypeMapper' mapperInterface. Bean already defined with the same name!
2020-06-02 16:43:45.654 [main] WARN  org.mybatis.spring.mapper.ClassPathMapperScanner - Skipping MapperFactoryBean with name 'operatorMapper' and 'com.kexin.admin.mapper.OperatorMapper' mapperInterface. Bean already defined with the same name!
2020-06-02 16:43:45.654 [main] WARN  org.mybatis.spring.mapper.ClassPathMapperScanner - Skipping MapperFactoryBean with name 'produceLogMapper' and 'com.kexin.admin.mapper.ProduceLogMapper' mapperInterface. Bean already defined with the same name!
2020-06-02 16:43:45.654 [main] WARN  org.mybatis.spring.mapper.ClassPathMapperScanner - Skipping MapperFactoryBean with name 'productsMapper' and 'com.kexin.admin.mapper.ProductsMapper' mapperInterface. Bean already defined with the same name!
2020-06-02 16:43:45.654 [main] WARN  org.mybatis.spring.mapper.ClassPathMapperScanner - Skipping MapperFactoryBean with name 'qaInspectMasterMapper' and 'com.kexin.admin.mapper.QaInspectMasterMapper' mapperInterface. Bean already defined with the same name!
2020-06-02 16:43:45.655 [main] WARN  org.mybatis.spring.mapper.ClassPathMapperScanner - Skipping MapperFactoryBean with name 'queryReportMainMapper' and 'com.kexin.admin.mapper.QueryReportMainMapper' mapperInterface. Bean already defined with the same name!
2020-06-02 16:43:45.655 [main] WARN  org.mybatis.spring.mapper.ClassPathMapperScanner - Skipping MapperFactoryBean with name 'queryReportNckMapper' and 'com.kexin.admin.mapper.QueryReportNckMapper' mapperInterface. Bean already defined with the same name!
2020-06-02 16:43:45.655 [main] WARN  org.mybatis.spring.mapper.ClassPathMapperScanner - Skipping MapperFactoryBean with name 'queryReportQaMapper' and 'com.kexin.admin.mapper.QueryReportQaMapper' mapperInterface. Bean already defined with the same name!
2020-06-02 16:43:45.655 [main] WARN  org.mybatis.spring.mapper.ClassPathMapperScanner - Skipping MapperFactoryBean with name 'roleMapper' and 'com.kexin.admin.mapper.RoleMapper' mapperInterface. Bean already defined with the same name!
2020-06-02 16:43:45.655 [main] WARN  org.mybatis.spring.mapper.ClassPathMapperScanner - Skipping MapperFactoryBean with name 'roleMenuMapper' and 'com.kexin.admin.mapper.RoleMenuMapper' mapperInterface. Bean already defined with the same name!
2020-06-02 16:43:45.655 [main] WARN  org.mybatis.spring.mapper.ClassPathMapperScanner - Skipping MapperFactoryBean with name 'sysFunctionMapper' and 'com.kexin.admin.mapper.SysFunctionMapper' mapperInterface. Bean already defined with the same name!
2020-06-02 16:43:45.655 [main] WARN  org.mybatis.spring.mapper.ClassPathMapperScanner - Skipping MapperFactoryBean with name 'sysMenusMapper' and 'com.kexin.admin.mapper.SysMenusMapper' mapperInterface. Bean already defined with the same name!
2020-06-02 16:43:45.655 [main] WARN  org.mybatis.spring.mapper.ClassPathMapperScanner - Skipping MapperFactoryBean with name 'sysMenusMetaMapper' and 'com.kexin.admin.mapper.SysMenusMetaMapper' mapperInterface. Bean already defined with the same name!
2020-06-02 16:43:45.655 [main] WARN  org.mybatis.spring.mapper.ClassPathMapperScanner - Skipping MapperFactoryBean with name 'systemLogMapper' and 'com.kexin.admin.mapper.SystemLogMapper' mapperInterface. Bean already defined with the same name!
2020-06-02 16:43:45.655 [main] WARN  org.mybatis.spring.mapper.ClassPathMapperScanner - Skipping MapperFactoryBean with name 'systemSetMapper' and 'com.kexin.admin.mapper.SystemSetMapper' mapperInterface. Bean already defined with the same name!
2020-06-02 16:43:45.655 [main] WARN  org.mybatis.spring.mapper.ClassPathMapperScanner - Skipping MapperFactoryBean with name 'userRoleMapper' and 'com.kexin.admin.mapper.UserRoleMapper' mapperInterface. Bean already defined with the same name!
2020-06-02 16:43:45.655 [main] WARN  org.mybatis.spring.mapper.ClassPathMapperScanner - Skipping MapperFactoryBean with name 'viewProduceLogMapper' and 'com.kexin.admin.mapper.ViewProduceLogMapper' mapperInterface. Bean already defined with the same name!
2020-06-02 16:43:45.655 [main] WARN  org.mybatis.spring.mapper.ClassPathMapperScanner - Skipping MapperFactoryBean with name 'wasterReasonMapper' and 'com.kexin.admin.mapper.WasterReasonMapper' mapperInterface. Bean already defined with the same name!
2020-06-02 16:43:45.655 [main] WARN  org.mybatis.spring.mapper.ClassPathMapperScanner - Skipping MapperFactoryBean with name 'workUnitMapper' and 'com.kexin.admin.mapper.WorkUnitMapper' mapperInterface. Bean already defined with the same name!
2020-06-02 16:43:45.655 [main] WARN  org.mybatis.spring.mapper.ClassPathMapperScanner - No MyBatis mapper was found in '[com.kexin.admin.mapper]' package. Please check your configuration.
2020-06-02 16:44:58.759 [main] WARN  org.mybatis.spring.mapper.ClassPathMapperScanner - Skipping MapperFactoryBean with name 'auditParameterMapper' and 'com.kexin.admin.mapper.AuditParameterMapper' mapperInterface. Bean already defined with the same name!
2020-06-02 16:44:58.759 [main] WARN  org.mybatis.spring.mapper.ClassPathMapperScanner - Skipping MapperFactoryBean with name 'auditParameterTypeMapper' and 'com.kexin.admin.mapper.AuditParameterTypeMapper' mapperInterface. Bean already defined with the same name!
2020-06-02 16:44:58.759 [main] WARN  org.mybatis.spring.mapper.ClassPathMapperScanner - Skipping MapperFactoryBean with name 'cartNumFirstMapper' and 'com.kexin.admin.mapper.CartNumFirstMapper' mapperInterface. Bean already defined with the same name!
2020-06-02 16:44:58.760 [main] WARN  org.mybatis.spring.mapper.ClassPathMapperScanner - Skipping MapperFactoryBean with name 'dataupLogMapper' and 'com.kexin.admin.mapper.DataupLogMapper' mapperInterface. Bean already defined with the same name!
2020-06-02 16:44:58.760 [main] WARN  org.mybatis.spring.mapper.ClassPathMapperScanner - Skipping MapperFactoryBean with name 'dicWorkUnitsMapper' and 'com.kexin.admin.mapper.DicWorkUnitsMapper' mapperInterface. Bean already defined with the same name!
2020-06-02 16:44:58.760 [main] WARN  org.mybatis.spring.mapper.ClassPathMapperScanner - Skipping MapperFactoryBean with name 'loginUserMapper' and 'com.kexin.admin.mapper.LoginUserMapper' mapperInterface. Bean already defined with the same name!
2020-06-02 16:44:58.760 [main] WARN  org.mybatis.spring.mapper.ClassPathMapperScanner - Skipping MapperFactoryBean with name 'machineCheckQueryMapper' and 'com.kexin.admin.mapper.MachineCheckQueryMapper' mapperInterface. Bean already defined with the same name!
2020-06-02 16:44:58.760 [main] WARN  org.mybatis.spring.mapper.ClassPathMapperScanner - Skipping MapperFactoryBean with name 'machineLogMapper' and 'com.kexin.admin.mapper.MachineLogMapper' mapperInterface. Bean already defined with the same name!
2020-06-02 16:44:58.760 [main] WARN  org.mybatis.spring.mapper.ClassPathMapperScanner - Skipping MapperFactoryBean with name 'machineMapper' and 'com.kexin.admin.mapper.MachineMapper' mapperInterface. Bean already defined with the same name!
2020-06-02 16:44:58.760 [main] WARN  org.mybatis.spring.mapper.ClassPathMapperScanner - Skipping MapperFactoryBean with name 'machineModelMapper' and 'com.kexin.admin.mapper.MachineModelMapper' mapperInterface. Bean already defined with the same name!
2020-06-02 16:44:58.760 [main] WARN  org.mybatis.spring.mapper.ClassPathMapperScanner - Skipping MapperFactoryBean with name 'operationLogMapper' and 'com.kexin.admin.mapper.OperationLogMapper' mapperInterface. Bean already defined with the same name!
2020-06-02 16:44:58.760 [main] WARN  org.mybatis.spring.mapper.ClassPathMapperScanner - Skipping MapperFactoryBean with name 'operationMapper' and 'com.kexin.admin.mapper.OperationMapper' mapperInterface. Bean already defined with the same name!
2020-06-02 16:44:58.760 [main] WARN  org.mybatis.spring.mapper.ClassPathMapperScanner - Skipping MapperFactoryBean with name 'operationTypeMapper' and 'com.kexin.admin.mapper.OperationTypeMapper' mapperInterface. Bean already defined with the same name!
2020-06-02 16:44:58.760 [main] WARN  org.mybatis.spring.mapper.ClassPathMapperScanner - Skipping MapperFactoryBean with name 'operatorMapper' and 'com.kexin.admin.mapper.OperatorMapper' mapperInterface. Bean already defined with the same name!
2020-06-02 16:44:58.761 [main] WARN  org.mybatis.spring.mapper.ClassPathMapperScanner - Skipping MapperFactoryBean with name 'produceLogMapper' and 'com.kexin.admin.mapper.ProduceLogMapper' mapperInterface. Bean already defined with the same name!
2020-06-02 16:44:58.761 [main] WARN  org.mybatis.spring.mapper.ClassPathMapperScanner - Skipping MapperFactoryBean with name 'productsMapper' and 'com.kexin.admin.mapper.ProductsMapper' mapperInterface. Bean already defined with the same name!
2020-06-02 16:44:58.761 [main] WARN  org.mybatis.spring.mapper.ClassPathMapperScanner - Skipping MapperFactoryBean with name 'qaInspectMasterMapper' and 'com.kexin.admin.mapper.QaInspectMasterMapper' mapperInterface. Bean already defined with the same name!
2020-06-02 16:44:58.761 [main] WARN  org.mybatis.spring.mapper.ClassPathMapperScanner - Skipping MapperFactoryBean with name 'queryReportMainMapper' and 'com.kexin.admin.mapper.QueryReportMainMapper' mapperInterface. Bean already defined with the same name!
2020-06-02 16:44:58.761 [main] WARN  org.mybatis.spring.mapper.ClassPathMapperScanner - Skipping MapperFactoryBean with name 'queryReportNckMapper' and 'com.kexin.admin.mapper.QueryReportNckMapper' mapperInterface. Bean already defined with the same name!
2020-06-02 16:44:58.761 [main] WARN  org.mybatis.spring.mapper.ClassPathMapperScanner - Skipping MapperFactoryBean with name 'queryReportQaMapper' and 'com.kexin.admin.mapper.QueryReportQaMapper' mapperInterface. Bean already defined with the same name!
2020-06-02 16:44:58.761 [main] WARN  org.mybatis.spring.mapper.ClassPathMapperScanner - Skipping MapperFactoryBean with name 'roleMapper' and 'com.kexin.admin.mapper.RoleMapper' mapperInterface. Bean already defined with the same name!
2020-06-02 16:44:58.761 [main] WARN  org.mybatis.spring.mapper.ClassPathMapperScanner - Skipping MapperFactoryBean with name 'roleMenuMapper' and 'com.kexin.admin.mapper.RoleMenuMapper' mapperInterface. Bean already defined with the same name!
2020-06-02 16:44:58.761 [main] WARN  org.mybatis.spring.mapper.ClassPathMapperScanner - Skipping MapperFactoryBean with name 'sysFunctionMapper' and 'com.kexin.admin.mapper.SysFunctionMapper' mapperInterface. Bean already defined with the same name!
2020-06-02 16:44:58.761 [main] WARN  org.mybatis.spring.mapper.ClassPathMapperScanner - Skipping MapperFactoryBean with name 'sysMenusMapper' and 'com.kexin.admin.mapper.SysMenusMapper' mapperInterface. Bean already defined with the same name!
2020-06-02 16:44:58.761 [main] WARN  org.mybatis.spring.mapper.ClassPathMapperScanner - Skipping MapperFactoryBean with name 'sysMenusMetaMapper' and 'com.kexin.admin.mapper.SysMenusMetaMapper' mapperInterface. Bean already defined with the same name!
2020-06-02 16:44:58.762 [main] WARN  org.mybatis.spring.mapper.ClassPathMapperScanner - Skipping MapperFactoryBean with name 'systemLogMapper' and 'com.kexin.admin.mapper.SystemLogMapper' mapperInterface. Bean already defined with the same name!
2020-06-02 16:44:58.762 [main] WARN  org.mybatis.spring.mapper.ClassPathMapperScanner - Skipping MapperFactoryBean with name 'systemSetMapper' and 'com.kexin.admin.mapper.SystemSetMapper' mapperInterface. Bean already defined with the same name!
2020-06-02 16:44:58.762 [main] WARN  org.mybatis.spring.mapper.ClassPathMapperScanner - Skipping MapperFactoryBean with name 'userRoleMapper' and 'com.kexin.admin.mapper.UserRoleMapper' mapperInterface. Bean already defined with the same name!
2020-06-02 16:44:58.762 [main] WARN  org.mybatis.spring.mapper.ClassPathMapperScanner - Skipping MapperFactoryBean with name 'viewProduceLogMapper' and 'com.kexin.admin.mapper.ViewProduceLogMapper' mapperInterface. Bean already defined with the same name!
2020-06-02 16:44:58.762 [main] WARN  org.mybatis.spring.mapper.ClassPathMapperScanner - Skipping MapperFactoryBean with name 'wasterReasonMapper' and 'com.kexin.admin.mapper.WasterReasonMapper' mapperInterface. Bean already defined with the same name!
2020-06-02 16:44:58.762 [main] WARN  org.mybatis.spring.mapper.ClassPathMapperScanner - Skipping MapperFactoryBean with name 'workUnitMapper' and 'com.kexin.admin.mapper.WorkUnitMapper' mapperInterface. Bean already defined with the same name!
2020-06-02 16:44:58.762 [main] WARN  org.mybatis.spring.mapper.ClassPathMapperScanner - No MyBatis mapper was found in '[com.kexin.admin.mapper]' package. Please check your configuration.
