2020-06-27 12:45:09.423 [restartedMain] WARN  org.mybatis.spring.mapper.ClassPathMapperScanner - Skipping MapperFactoryBean with name 'auditParameterMapper' and 'com.kexin.admin.mapper.AuditParameterMapper' mapperInterface. Bean already defined with the same name!
2020-06-27 12:45:09.425 [restartedMain] WARN  org.mybatis.spring.mapper.ClassPathMapperScanner - Skipping MapperFactoryBean with name 'auditParameterTypeMapper' and 'com.kexin.admin.mapper.AuditParameterTypeMapper' mapperInterface. Bean already defined with the same name!
2020-06-27 12:45:09.425 [restartedMain] WARN  org.mybatis.spring.mapper.ClassPathMapperScanner - Skipping MapperFactoryBean with name 'cartNumFirstMapper' and 'com.kexin.admin.mapper.CartNumFirstMapper' mapperInterface. Bean already defined with the same name!
2020-06-27 12:45:09.426 [restartedMain] WARN  org.mybatis.spring.mapper.ClassPathMapperScanner - Skipping MapperFactoryBean with name 'dataupLogMapper' and 'com.kexin.admin.mapper.DataupLogMapper' mapperInterface. Bean already defined with the same name!
2020-06-27 12:45:09.426 [restartedMain] WARN  org.mybatis.spring.mapper.ClassPathMapperScanner - Skipping MapperFactoryBean with name 'dicWorkUnitsMapper' and 'com.kexin.admin.mapper.DicWorkUnitsMapper' mapperInterface. Bean already defined with the same name!
2020-06-27 12:45:09.426 [restartedMain] WARN  org.mybatis.spring.mapper.ClassPathMapperScanner - Skipping MapperFactoryBean with name 'loginUserMapper' and 'com.kexin.admin.mapper.LoginUserMapper' mapperInterface. Bean already defined with the same name!
2020-06-27 12:45:09.427 [restartedMain] WARN  org.mybatis.spring.mapper.ClassPathMapperScanner - Skipping MapperFactoryBean with name 'machineCheckQueryMapper' and 'com.kexin.admin.mapper.MachineCheckQueryMapper' mapperInterface. Bean already defined with the same name!
2020-06-27 12:45:09.427 [restartedMain] WARN  org.mybatis.spring.mapper.ClassPathMapperScanner - Skipping MapperFactoryBean with name 'machineLogMapper' and 'com.kexin.admin.mapper.MachineLogMapper' mapperInterface. Bean already defined with the same name!
2020-06-27 12:45:09.427 [restartedMain] WARN  org.mybatis.spring.mapper.ClassPathMapperScanner - Skipping MapperFactoryBean with name 'machineMapper' and 'com.kexin.admin.mapper.MachineMapper' mapperInterface. Bean already defined with the same name!
2020-06-27 12:45:09.427 [restartedMain] WARN  org.mybatis.spring.mapper.ClassPathMapperScanner - Skipping MapperFactoryBean with name 'machineModelMapper' and 'com.kexin.admin.mapper.MachineModelMapper' mapperInterface. Bean already defined with the same name!
2020-06-27 12:45:09.427 [restartedMain] WARN  org.mybatis.spring.mapper.ClassPathMapperScanner - Skipping MapperFactoryBean with name 'operationLogMapper' and 'com.kexin.admin.mapper.OperationLogMapper' mapperInterface. Bean already defined with the same name!
2020-06-27 12:45:09.427 [restartedMain] WARN  org.mybatis.spring.mapper.ClassPathMapperScanner - Skipping MapperFactoryBean with name 'operationMapper' and 'com.kexin.admin.mapper.OperationMapper' mapperInterface. Bean already defined with the same name!
2020-06-27 12:45:09.427 [restartedMain] WARN  org.mybatis.spring.mapper.ClassPathMapperScanner - Skipping MapperFactoryBean with name 'operationTypeMapper' and 'com.kexin.admin.mapper.OperationTypeMapper' mapperInterface. Bean already defined with the same name!
2020-06-27 12:45:09.427 [restartedMain] WARN  org.mybatis.spring.mapper.ClassPathMapperScanner - Skipping MapperFactoryBean with name 'operatorMapper' and 'com.kexin.admin.mapper.OperatorMapper' mapperInterface. Bean already defined with the same name!
2020-06-27 12:45:09.427 [restartedMain] WARN  org.mybatis.spring.mapper.ClassPathMapperScanner - Skipping MapperFactoryBean with name 'produceLogMapper' and 'com.kexin.admin.mapper.ProduceLogMapper' mapperInterface. Bean already defined with the same name!
2020-06-27 12:45:09.428 [restartedMain] WARN  org.mybatis.spring.mapper.ClassPathMapperScanner - Skipping MapperFactoryBean with name 'productsMapper' and 'com.kexin.admin.mapper.ProductsMapper' mapperInterface. Bean already defined with the same name!
2020-06-27 12:45:09.428 [restartedMain] WARN  org.mybatis.spring.mapper.ClassPathMapperScanner - Skipping MapperFactoryBean with name 'qaInspectMasterMapper' and 'com.kexin.admin.mapper.QaInspectMasterMapper' mapperInterface. Bean already defined with the same name!
2020-06-27 12:45:09.428 [restartedMain] WARN  org.mybatis.spring.mapper.ClassPathMapperScanner - Skipping MapperFactoryBean with name 'queryReportMainMapper' and 'com.kexin.admin.mapper.QueryReportMainMapper' mapperInterface. Bean already defined with the same name!
2020-06-27 12:45:09.428 [restartedMain] WARN  org.mybatis.spring.mapper.ClassPathMapperScanner - Skipping MapperFactoryBean with name 'queryReportNckMapper' and 'com.kexin.admin.mapper.QueryReportNckMapper' mapperInterface. Bean already defined with the same name!
2020-06-27 12:45:09.428 [restartedMain] WARN  org.mybatis.spring.mapper.ClassPathMapperScanner - Skipping MapperFactoryBean with name 'queryReportQaMapper' and 'com.kexin.admin.mapper.QueryReportQaMapper' mapperInterface. Bean already defined with the same name!
2020-06-27 12:45:09.428 [restartedMain] WARN  org.mybatis.spring.mapper.ClassPathMapperScanner - Skipping MapperFactoryBean with name 'roleMapper' and 'com.kexin.admin.mapper.RoleMapper' mapperInterface. Bean already defined with the same name!
2020-06-27 12:45:09.428 [restartedMain] WARN  org.mybatis.spring.mapper.ClassPathMapperScanner - Skipping MapperFactoryBean with name 'roleMenuMapper' and 'com.kexin.admin.mapper.RoleMenuMapper' mapperInterface. Bean already defined with the same name!
2020-06-27 12:45:09.429 [restartedMain] WARN  org.mybatis.spring.mapper.ClassPathMapperScanner - Skipping MapperFactoryBean with name 'sysFunctionMapper' and 'com.kexin.admin.mapper.SysFunctionMapper' mapperInterface. Bean already defined with the same name!
2020-06-27 12:45:09.429 [restartedMain] WARN  org.mybatis.spring.mapper.ClassPathMapperScanner - Skipping MapperFactoryBean with name 'sysMenusMapper' and 'com.kexin.admin.mapper.SysMenusMapper' mapperInterface. Bean already defined with the same name!
2020-06-27 12:45:09.429 [restartedMain] WARN  org.mybatis.spring.mapper.ClassPathMapperScanner - Skipping MapperFactoryBean with name 'sysMenusMetaMapper' and 'com.kexin.admin.mapper.SysMenusMetaMapper' mapperInterface. Bean already defined with the same name!
2020-06-27 12:45:09.429 [restartedMain] WARN  org.mybatis.spring.mapper.ClassPathMapperScanner - Skipping MapperFactoryBean with name 'systemLogMapper' and 'com.kexin.admin.mapper.SystemLogMapper' mapperInterface. Bean already defined with the same name!
2020-06-27 12:45:09.429 [restartedMain] WARN  org.mybatis.spring.mapper.ClassPathMapperScanner - Skipping MapperFactoryBean with name 'systemSetMapper' and 'com.kexin.admin.mapper.SystemSetMapper' mapperInterface. Bean already defined with the same name!
2020-06-27 12:45:09.429 [restartedMain] WARN  org.mybatis.spring.mapper.ClassPathMapperScanner - Skipping MapperFactoryBean with name 'userRoleMapper' and 'com.kexin.admin.mapper.UserRoleMapper' mapperInterface. Bean already defined with the same name!
2020-06-27 12:45:09.430 [restartedMain] WARN  org.mybatis.spring.mapper.ClassPathMapperScanner - Skipping MapperFactoryBean with name 'viewProduceLogMapper' and 'com.kexin.admin.mapper.ViewProduceLogMapper' mapperInterface. Bean already defined with the same name!
2020-06-27 12:45:09.431 [restartedMain] WARN  org.mybatis.spring.mapper.ClassPathMapperScanner - Skipping MapperFactoryBean with name 'wasterReasonMapper' and 'com.kexin.admin.mapper.WasterReasonMapper' mapperInterface. Bean already defined with the same name!
2020-06-27 12:45:09.431 [restartedMain] WARN  org.mybatis.spring.mapper.ClassPathMapperScanner - Skipping MapperFactoryBean with name 'workUnitMapper' and 'com.kexin.admin.mapper.WorkUnitMapper' mapperInterface. Bean already defined with the same name!
2020-06-27 12:45:09.431 [restartedMain] WARN  org.mybatis.spring.mapper.ClassPathMapperScanner - No MyBatis mapper was found in '[com.kexin.admin.mapper]' package. Please check your configuration.
2020-06-27 16:22:08.833 [HikariPool-1 housekeeper] WARN  com.zaxxer.hikari.pool.HikariPool - HikariPool-1 - Thread starvation or clock leap detected (housekeeper delta=3h29s333ms684µs).
2020-06-27 17:43:16.479 [HikariPool-1 housekeeper] WARN  com.zaxxer.hikari.pool.HikariPool - HikariPool-1 - Thread starvation or clock leap detected (housekeeper delta=1h21m7s650ms112µs900ns).
2020-06-27 21:22:35.786 [restartedMain] WARN  org.mybatis.spring.mapper.ClassPathMapperScanner - Skipping MapperFactoryBean with name 'auditParameterMapper' and 'com.kexin.admin.mapper.AuditParameterMapper' mapperInterface. Bean already defined with the same name!
2020-06-27 21:22:35.786 [restartedMain] WARN  org.mybatis.spring.mapper.ClassPathMapperScanner - Skipping MapperFactoryBean with name 'auditParameterTypeMapper' and 'com.kexin.admin.mapper.AuditParameterTypeMapper' mapperInterface. Bean already defined with the same name!
2020-06-27 21:22:35.786 [restartedMain] WARN  org.mybatis.spring.mapper.ClassPathMapperScanner - Skipping MapperFactoryBean with name 'cartNumFirstMapper' and 'com.kexin.admin.mapper.CartNumFirstMapper' mapperInterface. Bean already defined with the same name!
2020-06-27 21:22:35.786 [restartedMain] WARN  org.mybatis.spring.mapper.ClassPathMapperScanner - Skipping MapperFactoryBean with name 'dataupLogMapper' and 'com.kexin.admin.mapper.DataupLogMapper' mapperInterface. Bean already defined with the same name!
2020-06-27 21:22:35.786 [restartedMain] WARN  org.mybatis.spring.mapper.ClassPathMapperScanner - Skipping MapperFactoryBean with name 'dicWorkUnitsMapper' and 'com.kexin.admin.mapper.DicWorkUnitsMapper' mapperInterface. Bean already defined with the same name!
2020-06-27 21:22:35.786 [restartedMain] WARN  org.mybatis.spring.mapper.ClassPathMapperScanner - Skipping MapperFactoryBean with name 'loginUserMapper' and 'com.kexin.admin.mapper.LoginUserMapper' mapperInterface. Bean already defined with the same name!
2020-06-27 21:22:35.786 [restartedMain] WARN  org.mybatis.spring.mapper.ClassPathMapperScanner - Skipping MapperFactoryBean with name 'machineCheckQueryMapper' and 'com.kexin.admin.mapper.MachineCheckQueryMapper' mapperInterface. Bean already defined with the same name!
2020-06-27 21:22:35.786 [restartedMain] WARN  org.mybatis.spring.mapper.ClassPathMapperScanner - Skipping MapperFactoryBean with name 'machineLogMapper' and 'com.kexin.admin.mapper.MachineLogMapper' mapperInterface. Bean already defined with the same name!
2020-06-27 21:22:35.786 [restartedMain] WARN  org.mybatis.spring.mapper.ClassPathMapperScanner - Skipping MapperFactoryBean with name 'machineMapper' and 'com.kexin.admin.mapper.MachineMapper' mapperInterface. Bean already defined with the same name!
2020-06-27 21:22:35.787 [restartedMain] WARN  org.mybatis.spring.mapper.ClassPathMapperScanner - Skipping MapperFactoryBean with name 'machineModelMapper' and 'com.kexin.admin.mapper.MachineModelMapper' mapperInterface. Bean already defined with the same name!
2020-06-27 21:22:35.787 [restartedMain] WARN  org.mybatis.spring.mapper.ClassPathMapperScanner - Skipping MapperFactoryBean with name 'operationLogMapper' and 'com.kexin.admin.mapper.OperationLogMapper' mapperInterface. Bean already defined with the same name!
2020-06-27 21:22:35.787 [restartedMain] WARN  org.mybatis.spring.mapper.ClassPathMapperScanner - Skipping MapperFactoryBean with name 'operationMapper' and 'com.kexin.admin.mapper.OperationMapper' mapperInterface. Bean already defined with the same name!
2020-06-27 21:22:35.787 [restartedMain] WARN  org.mybatis.spring.mapper.ClassPathMapperScanner - Skipping MapperFactoryBean with name 'operationTypeMapper' and 'com.kexin.admin.mapper.OperationTypeMapper' mapperInterface. Bean already defined with the same name!
2020-06-27 21:22:35.787 [restartedMain] WARN  org.mybatis.spring.mapper.ClassPathMapperScanner - Skipping MapperFactoryBean with name 'operatorMapper' and 'com.kexin.admin.mapper.OperatorMapper' mapperInterface. Bean already defined with the same name!
2020-06-27 21:22:35.787 [restartedMain] WARN  org.mybatis.spring.mapper.ClassPathMapperScanner - Skipping MapperFactoryBean with name 'produceLogMapper' and 'com.kexin.admin.mapper.ProduceLogMapper' mapperInterface. Bean already defined with the same name!
2020-06-27 21:22:35.787 [restartedMain] WARN  org.mybatis.spring.mapper.ClassPathMapperScanner - Skipping MapperFactoryBean with name 'productsMapper' and 'com.kexin.admin.mapper.ProductsMapper' mapperInterface. Bean already defined with the same name!
2020-06-27 21:22:35.787 [restartedMain] WARN  org.mybatis.spring.mapper.ClassPathMapperScanner - Skipping MapperFactoryBean with name 'qaInspectMasterMapper' and 'com.kexin.admin.mapper.QaInspectMasterMapper' mapperInterface. Bean already defined with the same name!
2020-06-27 21:22:35.787 [restartedMain] WARN  org.mybatis.spring.mapper.ClassPathMapperScanner - Skipping MapperFactoryBean with name 'queryReportMainMapper' and 'com.kexin.admin.mapper.QueryReportMainMapper' mapperInterface. Bean already defined with the same name!
2020-06-27 21:22:35.788 [restartedMain] WARN  org.mybatis.spring.mapper.ClassPathMapperScanner - Skipping MapperFactoryBean with name 'queryReportNckMapper' and 'com.kexin.admin.mapper.QueryReportNckMapper' mapperInterface. Bean already defined with the same name!
2020-06-27 21:22:35.788 [restartedMain] WARN  org.mybatis.spring.mapper.ClassPathMapperScanner - Skipping MapperFactoryBean with name 'queryReportQaMapper' and 'com.kexin.admin.mapper.QueryReportQaMapper' mapperInterface. Bean already defined with the same name!
2020-06-27 21:22:35.788 [restartedMain] WARN  org.mybatis.spring.mapper.ClassPathMapperScanner - Skipping MapperFactoryBean with name 'roleMapper' and 'com.kexin.admin.mapper.RoleMapper' mapperInterface. Bean already defined with the same name!
2020-06-27 21:22:35.788 [restartedMain] WARN  org.mybatis.spring.mapper.ClassPathMapperScanner - Skipping MapperFactoryBean with name 'roleMenuMapper' and 'com.kexin.admin.mapper.RoleMenuMapper' mapperInterface. Bean already defined with the same name!
2020-06-27 21:22:35.788 [restartedMain] WARN  org.mybatis.spring.mapper.ClassPathMapperScanner - Skipping MapperFactoryBean with name 'sysFunctionMapper' and 'com.kexin.admin.mapper.SysFunctionMapper' mapperInterface. Bean already defined with the same name!
2020-06-27 21:22:35.788 [restartedMain] WARN  org.mybatis.spring.mapper.ClassPathMapperScanner - Skipping MapperFactoryBean with name 'sysMenusMapper' and 'com.kexin.admin.mapper.SysMenusMapper' mapperInterface. Bean already defined with the same name!
2020-06-27 21:22:35.788 [restartedMain] WARN  org.mybatis.spring.mapper.ClassPathMapperScanner - Skipping MapperFactoryBean with name 'sysMenusMetaMapper' and 'com.kexin.admin.mapper.SysMenusMetaMapper' mapperInterface. Bean already defined with the same name!
2020-06-27 21:22:35.788 [restartedMain] WARN  org.mybatis.spring.mapper.ClassPathMapperScanner - Skipping MapperFactoryBean with name 'systemLogMapper' and 'com.kexin.admin.mapper.SystemLogMapper' mapperInterface. Bean already defined with the same name!
2020-06-27 21:22:35.788 [restartedMain] WARN  org.mybatis.spring.mapper.ClassPathMapperScanner - Skipping MapperFactoryBean with name 'systemSetMapper' and 'com.kexin.admin.mapper.SystemSetMapper' mapperInterface. Bean already defined with the same name!
2020-06-27 21:22:35.788 [restartedMain] WARN  org.mybatis.spring.mapper.ClassPathMapperScanner - Skipping MapperFactoryBean with name 'userRoleMapper' and 'com.kexin.admin.mapper.UserRoleMapper' mapperInterface. Bean already defined with the same name!
2020-06-27 21:22:35.788 [restartedMain] WARN  org.mybatis.spring.mapper.ClassPathMapperScanner - Skipping MapperFactoryBean with name 'viewProduceLogMapper' and 'com.kexin.admin.mapper.ViewProduceLogMapper' mapperInterface. Bean already defined with the same name!
2020-06-27 21:22:35.788 [restartedMain] WARN  org.mybatis.spring.mapper.ClassPathMapperScanner - Skipping MapperFactoryBean with name 'wasterReasonMapper' and 'com.kexin.admin.mapper.WasterReasonMapper' mapperInterface. Bean already defined with the same name!
2020-06-27 21:22:35.788 [restartedMain] WARN  org.mybatis.spring.mapper.ClassPathMapperScanner - Skipping MapperFactoryBean with name 'workUnitMapper' and 'com.kexin.admin.mapper.WorkUnitMapper' mapperInterface. Bean already defined with the same name!
2020-06-27 21:22:35.788 [restartedMain] WARN  org.mybatis.spring.mapper.ClassPathMapperScanner - No MyBatis mapper was found in '[com.kexin.admin.mapper]' package. Please check your configuration.
2020-06-27 21:23:33.895 [restartedMain] WARN  org.mybatis.spring.mapper.ClassPathMapperScanner - Skipping MapperFactoryBean with name 'auditParameterMapper' and 'com.kexin.admin.mapper.AuditParameterMapper' mapperInterface. Bean already defined with the same name!
2020-06-27 21:23:33.896 [restartedMain] WARN  org.mybatis.spring.mapper.ClassPathMapperScanner - Skipping MapperFactoryBean with name 'auditParameterTypeMapper' and 'com.kexin.admin.mapper.AuditParameterTypeMapper' mapperInterface. Bean already defined with the same name!
2020-06-27 21:23:33.896 [restartedMain] WARN  org.mybatis.spring.mapper.ClassPathMapperScanner - Skipping MapperFactoryBean with name 'cartNumFirstMapper' and 'com.kexin.admin.mapper.CartNumFirstMapper' mapperInterface. Bean already defined with the same name!
2020-06-27 21:23:33.896 [restartedMain] WARN  org.mybatis.spring.mapper.ClassPathMapperScanner - Skipping MapperFactoryBean with name 'dataupLogMapper' and 'com.kexin.admin.mapper.DataupLogMapper' mapperInterface. Bean already defined with the same name!
2020-06-27 21:23:33.896 [restartedMain] WARN  org.mybatis.spring.mapper.ClassPathMapperScanner - Skipping MapperFactoryBean with name 'dicWorkUnitsMapper' and 'com.kexin.admin.mapper.DicWorkUnitsMapper' mapperInterface. Bean already defined with the same name!
2020-06-27 21:23:33.896 [restartedMain] WARN  org.mybatis.spring.mapper.ClassPathMapperScanner - Skipping MapperFactoryBean with name 'loginUserMapper' and 'com.kexin.admin.mapper.LoginUserMapper' mapperInterface. Bean already defined with the same name!
2020-06-27 21:23:33.896 [restartedMain] WARN  org.mybatis.spring.mapper.ClassPathMapperScanner - Skipping MapperFactoryBean with name 'machineCheckQueryMapper' and 'com.kexin.admin.mapper.MachineCheckQueryMapper' mapperInterface. Bean already defined with the same name!
2020-06-27 21:23:33.896 [restartedMain] WARN  org.mybatis.spring.mapper.ClassPathMapperScanner - Skipping MapperFactoryBean with name 'machineLogMapper' and 'com.kexin.admin.mapper.MachineLogMapper' mapperInterface. Bean already defined with the same name!
2020-06-27 21:23:33.896 [restartedMain] WARN  org.mybatis.spring.mapper.ClassPathMapperScanner - Skipping MapperFactoryBean with name 'machineMapper' and 'com.kexin.admin.mapper.MachineMapper' mapperInterface. Bean already defined with the same name!
2020-06-27 21:23:33.896 [restartedMain] WARN  org.mybatis.spring.mapper.ClassPathMapperScanner - Skipping MapperFactoryBean with name 'machineModelMapper' and 'com.kexin.admin.mapper.MachineModelMapper' mapperInterface. Bean already defined with the same name!
2020-06-27 21:23:33.896 [restartedMain] WARN  org.mybatis.spring.mapper.ClassPathMapperScanner - Skipping MapperFactoryBean with name 'operationLogMapper' and 'com.kexin.admin.mapper.OperationLogMapper' mapperInterface. Bean already defined with the same name!
2020-06-27 21:23:33.896 [restartedMain] WARN  org.mybatis.spring.mapper.ClassPathMapperScanner - Skipping MapperFactoryBean with name 'operationMapper' and 'com.kexin.admin.mapper.OperationMapper' mapperInterface. Bean already defined with the same name!
2020-06-27 21:23:33.896 [restartedMain] WARN  org.mybatis.spring.mapper.ClassPathMapperScanner - Skipping MapperFactoryBean with name 'operationTypeMapper' and 'com.kexin.admin.mapper.OperationTypeMapper' mapperInterface. Bean already defined with the same name!
2020-06-27 21:23:33.896 [restartedMain] WARN  org.mybatis.spring.mapper.ClassPathMapperScanner - Skipping MapperFactoryBean with name 'operatorMapper' and 'com.kexin.admin.mapper.OperatorMapper' mapperInterface. Bean already defined with the same name!
2020-06-27 21:23:33.896 [restartedMain] WARN  org.mybatis.spring.mapper.ClassPathMapperScanner - Skipping MapperFactoryBean with name 'produceLogMapper' and 'com.kexin.admin.mapper.ProduceLogMapper' mapperInterface. Bean already defined with the same name!
2020-06-27 21:23:33.896 [restartedMain] WARN  org.mybatis.spring.mapper.ClassPathMapperScanner - Skipping MapperFactoryBean with name 'productsMapper' and 'com.kexin.admin.mapper.ProductsMapper' mapperInterface. Bean already defined with the same name!
2020-06-27 21:23:33.896 [restartedMain] WARN  org.mybatis.spring.mapper.ClassPathMapperScanner - Skipping MapperFactoryBean with name 'qaInspectMasterMapper' and 'com.kexin.admin.mapper.QaInspectMasterMapper' mapperInterface. Bean already defined with the same name!
2020-06-27 21:23:33.897 [restartedMain] WARN  org.mybatis.spring.mapper.ClassPathMapperScanner - Skipping MapperFactoryBean with name 'queryReportMainMapper' and 'com.kexin.admin.mapper.QueryReportMainMapper' mapperInterface. Bean already defined with the same name!
2020-06-27 21:23:33.897 [restartedMain] WARN  org.mybatis.spring.mapper.ClassPathMapperScanner - Skipping MapperFactoryBean with name 'queryReportNckMapper' and 'com.kexin.admin.mapper.QueryReportNckMapper' mapperInterface. Bean already defined with the same name!
2020-06-27 21:23:33.897 [restartedMain] WARN  org.mybatis.spring.mapper.ClassPathMapperScanner - Skipping MapperFactoryBean with name 'queryReportQaMapper' and 'com.kexin.admin.mapper.QueryReportQaMapper' mapperInterface. Bean already defined with the same name!
2020-06-27 21:23:33.897 [restartedMain] WARN  org.mybatis.spring.mapper.ClassPathMapperScanner - Skipping MapperFactoryBean with name 'roleMapper' and 'com.kexin.admin.mapper.RoleMapper' mapperInterface. Bean already defined with the same name!
2020-06-27 21:23:33.897 [restartedMain] WARN  org.mybatis.spring.mapper.ClassPathMapperScanner - Skipping MapperFactoryBean with name 'roleMenuMapper' and 'com.kexin.admin.mapper.RoleMenuMapper' mapperInterface. Bean already defined with the same name!
2020-06-27 21:23:33.897 [restartedMain] WARN  org.mybatis.spring.mapper.ClassPathMapperScanner - Skipping MapperFactoryBean with name 'sysFunctionMapper' and 'com.kexin.admin.mapper.SysFunctionMapper' mapperInterface. Bean already defined with the same name!
2020-06-27 21:23:33.897 [restartedMain] WARN  org.mybatis.spring.mapper.ClassPathMapperScanner - Skipping MapperFactoryBean with name 'sysMenusMapper' and 'com.kexin.admin.mapper.SysMenusMapper' mapperInterface. Bean already defined with the same name!
2020-06-27 21:23:33.897 [restartedMain] WARN  org.mybatis.spring.mapper.ClassPathMapperScanner - Skipping MapperFactoryBean with name 'sysMenusMetaMapper' and 'com.kexin.admin.mapper.SysMenusMetaMapper' mapperInterface. Bean already defined with the same name!
2020-06-27 21:23:33.897 [restartedMain] WARN  org.mybatis.spring.mapper.ClassPathMapperScanner - Skipping MapperFactoryBean with name 'systemLogMapper' and 'com.kexin.admin.mapper.SystemLogMapper' mapperInterface. Bean already defined with the same name!
2020-06-27 21:23:33.897 [restartedMain] WARN  org.mybatis.spring.mapper.ClassPathMapperScanner - Skipping MapperFactoryBean with name 'systemSetMapper' and 'com.kexin.admin.mapper.SystemSetMapper' mapperInterface. Bean already defined with the same name!
2020-06-27 21:23:33.897 [restartedMain] WARN  org.mybatis.spring.mapper.ClassPathMapperScanner - Skipping MapperFactoryBean with name 'userRoleMapper' and 'com.kexin.admin.mapper.UserRoleMapper' mapperInterface. Bean already defined with the same name!
2020-06-27 21:23:33.897 [restartedMain] WARN  org.mybatis.spring.mapper.ClassPathMapperScanner - Skipping MapperFactoryBean with name 'viewProduceLogMapper' and 'com.kexin.admin.mapper.ViewProduceLogMapper' mapperInterface. Bean already defined with the same name!
2020-06-27 21:23:33.897 [restartedMain] WARN  org.mybatis.spring.mapper.ClassPathMapperScanner - Skipping MapperFactoryBean with name 'wasterReasonMapper' and 'com.kexin.admin.mapper.WasterReasonMapper' mapperInterface. Bean already defined with the same name!
2020-06-27 21:23:33.897 [restartedMain] WARN  org.mybatis.spring.mapper.ClassPathMapperScanner - Skipping MapperFactoryBean with name 'workUnitMapper' and 'com.kexin.admin.mapper.WorkUnitMapper' mapperInterface. Bean already defined with the same name!
2020-06-27 21:23:33.897 [restartedMain] WARN  org.mybatis.spring.mapper.ClassPathMapperScanner - No MyBatis mapper was found in '[com.kexin.admin.mapper]' package. Please check your configuration.
2020-06-27 21:23:50.519 [http-nio-192.168.137.2-8088-exec-2] WARN  org.springframework.web.servlet.PageNotFound - No mapping for POST /system/bMenu/list
2020-06-27 21:23:50.521 [http-nio-192.168.137.2-8088-exec-1] WARN  org.springframework.web.servlet.PageNotFound - No mapping for POST /system/cMenu/list
2020-06-27 21:24:12.522 [restartedMain] WARN  org.mybatis.spring.mapper.ClassPathMapperScanner - Skipping MapperFactoryBean with name 'auditParameterMapper' and 'com.kexin.admin.mapper.AuditParameterMapper' mapperInterface. Bean already defined with the same name!
2020-06-27 21:24:12.522 [restartedMain] WARN  org.mybatis.spring.mapper.ClassPathMapperScanner - Skipping MapperFactoryBean with name 'auditParameterTypeMapper' and 'com.kexin.admin.mapper.AuditParameterTypeMapper' mapperInterface. Bean already defined with the same name!
2020-06-27 21:24:12.522 [restartedMain] WARN  org.mybatis.spring.mapper.ClassPathMapperScanner - Skipping MapperFactoryBean with name 'cartNumFirstMapper' and 'com.kexin.admin.mapper.CartNumFirstMapper' mapperInterface. Bean already defined with the same name!
2020-06-27 21:24:12.522 [restartedMain] WARN  org.mybatis.spring.mapper.ClassPathMapperScanner - Skipping MapperFactoryBean with name 'dataupLogMapper' and 'com.kexin.admin.mapper.DataupLogMapper' mapperInterface. Bean already defined with the same name!
2020-06-27 21:24:12.522 [restartedMain] WARN  org.mybatis.spring.mapper.ClassPathMapperScanner - Skipping MapperFactoryBean with name 'dicWorkUnitsMapper' and 'com.kexin.admin.mapper.DicWorkUnitsMapper' mapperInterface. Bean already defined with the same name!
2020-06-27 21:24:12.522 [restartedMain] WARN  org.mybatis.spring.mapper.ClassPathMapperScanner - Skipping MapperFactoryBean with name 'loginUserMapper' and 'com.kexin.admin.mapper.LoginUserMapper' mapperInterface. Bean already defined with the same name!
2020-06-27 21:24:12.522 [restartedMain] WARN  org.mybatis.spring.mapper.ClassPathMapperScanner - Skipping MapperFactoryBean with name 'machineCheckQueryMapper' and 'com.kexin.admin.mapper.MachineCheckQueryMapper' mapperInterface. Bean already defined with the same name!
2020-06-27 21:24:12.522 [restartedMain] WARN  org.mybatis.spring.mapper.ClassPathMapperScanner - Skipping MapperFactoryBean with name 'machineLogMapper' and 'com.kexin.admin.mapper.MachineLogMapper' mapperInterface. Bean already defined with the same name!
2020-06-27 21:24:12.523 [restartedMain] WARN  org.mybatis.spring.mapper.ClassPathMapperScanner - Skipping MapperFactoryBean with name 'machineMapper' and 'com.kexin.admin.mapper.MachineMapper' mapperInterface. Bean already defined with the same name!
2020-06-27 21:24:12.523 [restartedMain] WARN  org.mybatis.spring.mapper.ClassPathMapperScanner - Skipping MapperFactoryBean with name 'machineModelMapper' and 'com.kexin.admin.mapper.MachineModelMapper' mapperInterface. Bean already defined with the same name!
2020-06-27 21:24:12.523 [restartedMain] WARN  org.mybatis.spring.mapper.ClassPathMapperScanner - Skipping MapperFactoryBean with name 'operationLogMapper' and 'com.kexin.admin.mapper.OperationLogMapper' mapperInterface. Bean already defined with the same name!
2020-06-27 21:24:12.523 [restartedMain] WARN  org.mybatis.spring.mapper.ClassPathMapperScanner - Skipping MapperFactoryBean with name 'operationMapper' and 'com.kexin.admin.mapper.OperationMapper' mapperInterface. Bean already defined with the same name!
2020-06-27 21:24:12.523 [restartedMain] WARN  org.mybatis.spring.mapper.ClassPathMapperScanner - Skipping MapperFactoryBean with name 'operationTypeMapper' and 'com.kexin.admin.mapper.OperationTypeMapper' mapperInterface. Bean already defined with the same name!
2020-06-27 21:24:12.523 [restartedMain] WARN  org.mybatis.spring.mapper.ClassPathMapperScanner - Skipping MapperFactoryBean with name 'operatorMapper' and 'com.kexin.admin.mapper.OperatorMapper' mapperInterface. Bean already defined with the same name!
2020-06-27 21:24:12.523 [restartedMain] WARN  org.mybatis.spring.mapper.ClassPathMapperScanner - Skipping MapperFactoryBean with name 'produceLogMapper' and 'com.kexin.admin.mapper.ProduceLogMapper' mapperInterface. Bean already defined with the same name!
2020-06-27 21:24:12.523 [restartedMain] WARN  org.mybatis.spring.mapper.ClassPathMapperScanner - Skipping MapperFactoryBean with name 'productsMapper' and 'com.kexin.admin.mapper.ProductsMapper' mapperInterface. Bean already defined with the same name!
2020-06-27 21:24:12.523 [restartedMain] WARN  org.mybatis.spring.mapper.ClassPathMapperScanner - Skipping MapperFactoryBean with name 'qaInspectMasterMapper' and 'com.kexin.admin.mapper.QaInspectMasterMapper' mapperInterface. Bean already defined with the same name!
2020-06-27 21:24:12.523 [restartedMain] WARN  org.mybatis.spring.mapper.ClassPathMapperScanner - Skipping MapperFactoryBean with name 'queryReportMainMapper' and 'com.kexin.admin.mapper.QueryReportMainMapper' mapperInterface. Bean already defined with the same name!
2020-06-27 21:24:12.523 [restartedMain] WARN  org.mybatis.spring.mapper.ClassPathMapperScanner - Skipping MapperFactoryBean with name 'queryReportNckMapper' and 'com.kexin.admin.mapper.QueryReportNckMapper' mapperInterface. Bean already defined with the same name!
2020-06-27 21:24:12.523 [restartedMain] WARN  org.mybatis.spring.mapper.ClassPathMapperScanner - Skipping MapperFactoryBean with name 'queryReportQaMapper' and 'com.kexin.admin.mapper.QueryReportQaMapper' mapperInterface. Bean already defined with the same name!
2020-06-27 21:24:12.523 [restartedMain] WARN  org.mybatis.spring.mapper.ClassPathMapperScanner - Skipping MapperFactoryBean with name 'roleMapper' and 'com.kexin.admin.mapper.RoleMapper' mapperInterface. Bean already defined with the same name!
2020-06-27 21:24:12.523 [restartedMain] WARN  org.mybatis.spring.mapper.ClassPathMapperScanner - Skipping MapperFactoryBean with name 'roleMenuMapper' and 'com.kexin.admin.mapper.RoleMenuMapper' mapperInterface. Bean already defined with the same name!
2020-06-27 21:24:12.523 [restartedMain] WARN  org.mybatis.spring.mapper.ClassPathMapperScanner - Skipping MapperFactoryBean with name 'sysFunctionMapper' and 'com.kexin.admin.mapper.SysFunctionMapper' mapperInterface. Bean already defined with the same name!
2020-06-27 21:24:12.523 [restartedMain] WARN  org.mybatis.spring.mapper.ClassPathMapperScanner - Skipping MapperFactoryBean with name 'sysMenusMapper' and 'com.kexin.admin.mapper.SysMenusMapper' mapperInterface. Bean already defined with the same name!
2020-06-27 21:24:12.524 [restartedMain] WARN  org.mybatis.spring.mapper.ClassPathMapperScanner - Skipping MapperFactoryBean with name 'sysMenusMetaMapper' and 'com.kexin.admin.mapper.SysMenusMetaMapper' mapperInterface. Bean already defined with the same name!
2020-06-27 21:24:12.524 [restartedMain] WARN  org.mybatis.spring.mapper.ClassPathMapperScanner - Skipping MapperFactoryBean with name 'systemLogMapper' and 'com.kexin.admin.mapper.SystemLogMapper' mapperInterface. Bean already defined with the same name!
2020-06-27 21:24:12.524 [restartedMain] WARN  org.mybatis.spring.mapper.ClassPathMapperScanner - Skipping MapperFactoryBean with name 'systemSetMapper' and 'com.kexin.admin.mapper.SystemSetMapper' mapperInterface. Bean already defined with the same name!
2020-06-27 21:24:12.524 [restartedMain] WARN  org.mybatis.spring.mapper.ClassPathMapperScanner - Skipping MapperFactoryBean with name 'userRoleMapper' and 'com.kexin.admin.mapper.UserRoleMapper' mapperInterface. Bean already defined with the same name!
2020-06-27 21:24:12.524 [restartedMain] WARN  org.mybatis.spring.mapper.ClassPathMapperScanner - Skipping MapperFactoryBean with name 'viewProduceLogMapper' and 'com.kexin.admin.mapper.ViewProduceLogMapper' mapperInterface. Bean already defined with the same name!
2020-06-27 21:24:12.524 [restartedMain] WARN  org.mybatis.spring.mapper.ClassPathMapperScanner - Skipping MapperFactoryBean with name 'wasterReasonMapper' and 'com.kexin.admin.mapper.WasterReasonMapper' mapperInterface. Bean already defined with the same name!
2020-06-27 21:24:12.524 [restartedMain] WARN  org.mybatis.spring.mapper.ClassPathMapperScanner - Skipping MapperFactoryBean with name 'workUnitMapper' and 'com.kexin.admin.mapper.WorkUnitMapper' mapperInterface. Bean already defined with the same name!
2020-06-27 21:24:12.524 [restartedMain] WARN  org.mybatis.spring.mapper.ClassPathMapperScanner - No MyBatis mapper was found in '[com.kexin.admin.mapper]' package. Please check your configuration.
2020-06-27 21:37:51.960 [restartedMain] WARN  org.mybatis.spring.mapper.ClassPathMapperScanner - Skipping MapperFactoryBean with name 'auditParameterMapper' and 'com.kexin.admin.mapper.AuditParameterMapper' mapperInterface. Bean already defined with the same name!
2020-06-27 21:37:51.961 [restartedMain] WARN  org.mybatis.spring.mapper.ClassPathMapperScanner - Skipping MapperFactoryBean with name 'auditParameterTypeMapper' and 'com.kexin.admin.mapper.AuditParameterTypeMapper' mapperInterface. Bean already defined with the same name!
2020-06-27 21:37:51.961 [restartedMain] WARN  org.mybatis.spring.mapper.ClassPathMapperScanner - Skipping MapperFactoryBean with name 'cartNumFirstMapper' and 'com.kexin.admin.mapper.CartNumFirstMapper' mapperInterface. Bean already defined with the same name!
2020-06-27 21:37:51.961 [restartedMain] WARN  org.mybatis.spring.mapper.ClassPathMapperScanner - Skipping MapperFactoryBean with name 'dataupLogMapper' and 'com.kexin.admin.mapper.DataupLogMapper' mapperInterface. Bean already defined with the same name!
2020-06-27 21:37:51.961 [restartedMain] WARN  org.mybatis.spring.mapper.ClassPathMapperScanner - Skipping MapperFactoryBean with name 'dicWorkUnitsMapper' and 'com.kexin.admin.mapper.DicWorkUnitsMapper' mapperInterface. Bean already defined with the same name!
2020-06-27 21:37:51.961 [restartedMain] WARN  org.mybatis.spring.mapper.ClassPathMapperScanner - Skipping MapperFactoryBean with name 'loginUserMapper' and 'com.kexin.admin.mapper.LoginUserMapper' mapperInterface. Bean already defined with the same name!
2020-06-27 21:37:51.961 [restartedMain] WARN  org.mybatis.spring.mapper.ClassPathMapperScanner - Skipping MapperFactoryBean with name 'machineCheckQueryMapper' and 'com.kexin.admin.mapper.MachineCheckQueryMapper' mapperInterface. Bean already defined with the same name!
2020-06-27 21:37:51.961 [restartedMain] WARN  org.mybatis.spring.mapper.ClassPathMapperScanner - Skipping MapperFactoryBean with name 'machineLogMapper' and 'com.kexin.admin.mapper.MachineLogMapper' mapperInterface. Bean already defined with the same name!
2020-06-27 21:37:51.961 [restartedMain] WARN  org.mybatis.spring.mapper.ClassPathMapperScanner - Skipping MapperFactoryBean with name 'machineMapper' and 'com.kexin.admin.mapper.MachineMapper' mapperInterface. Bean already defined with the same name!
2020-06-27 21:37:51.962 [restartedMain] WARN  org.mybatis.spring.mapper.ClassPathMapperScanner - Skipping MapperFactoryBean with name 'machineModelMapper' and 'com.kexin.admin.mapper.MachineModelMapper' mapperInterface. Bean already defined with the same name!
2020-06-27 21:37:51.962 [restartedMain] WARN  org.mybatis.spring.mapper.ClassPathMapperScanner - Skipping MapperFactoryBean with name 'operationLogMapper' and 'com.kexin.admin.mapper.OperationLogMapper' mapperInterface. Bean already defined with the same name!
2020-06-27 21:37:51.962 [restartedMain] WARN  org.mybatis.spring.mapper.ClassPathMapperScanner - Skipping MapperFactoryBean with name 'operationMapper' and 'com.kexin.admin.mapper.OperationMapper' mapperInterface. Bean already defined with the same name!
2020-06-27 21:37:51.962 [restartedMain] WARN  org.mybatis.spring.mapper.ClassPathMapperScanner - Skipping MapperFactoryBean with name 'operationTypeMapper' and 'com.kexin.admin.mapper.OperationTypeMapper' mapperInterface. Bean already defined with the same name!
2020-06-27 21:37:51.962 [restartedMain] WARN  org.mybatis.spring.mapper.ClassPathMapperScanner - Skipping MapperFactoryBean with name 'operatorMapper' and 'com.kexin.admin.mapper.OperatorMapper' mapperInterface. Bean already defined with the same name!
2020-06-27 21:37:51.962 [restartedMain] WARN  org.mybatis.spring.mapper.ClassPathMapperScanner - Skipping MapperFactoryBean with name 'produceLogMapper' and 'com.kexin.admin.mapper.ProduceLogMapper' mapperInterface. Bean already defined with the same name!
2020-06-27 21:37:51.962 [restartedMain] WARN  org.mybatis.spring.mapper.ClassPathMapperScanner - Skipping MapperFactoryBean with name 'productsMapper' and 'com.kexin.admin.mapper.ProductsMapper' mapperInterface. Bean already defined with the same name!
2020-06-27 21:37:51.962 [restartedMain] WARN  org.mybatis.spring.mapper.ClassPathMapperScanner - Skipping MapperFactoryBean with name 'qaInspectMasterMapper' and 'com.kexin.admin.mapper.QaInspectMasterMapper' mapperInterface. Bean already defined with the same name!
2020-06-27 21:37:51.962 [restartedMain] WARN  org.mybatis.spring.mapper.ClassPathMapperScanner - Skipping MapperFactoryBean with name 'queryReportMainMapper' and 'com.kexin.admin.mapper.QueryReportMainMapper' mapperInterface. Bean already defined with the same name!
2020-06-27 21:37:51.962 [restartedMain] WARN  org.mybatis.spring.mapper.ClassPathMapperScanner - Skipping MapperFactoryBean with name 'queryReportNckMapper' and 'com.kexin.admin.mapper.QueryReportNckMapper' mapperInterface. Bean already defined with the same name!
2020-06-27 21:37:51.962 [restartedMain] WARN  org.mybatis.spring.mapper.ClassPathMapperScanner - Skipping MapperFactoryBean with name 'queryReportQaMapper' and 'com.kexin.admin.mapper.QueryReportQaMapper' mapperInterface. Bean already defined with the same name!
2020-06-27 21:37:51.962 [restartedMain] WARN  org.mybatis.spring.mapper.ClassPathMapperScanner - Skipping MapperFactoryBean with name 'roleMapper' and 'com.kexin.admin.mapper.RoleMapper' mapperInterface. Bean already defined with the same name!
2020-06-27 21:37:51.962 [restartedMain] WARN  org.mybatis.spring.mapper.ClassPathMapperScanner - Skipping MapperFactoryBean with name 'roleMenuMapper' and 'com.kexin.admin.mapper.RoleMenuMapper' mapperInterface. Bean already defined with the same name!
2020-06-27 21:37:51.962 [restartedMain] WARN  org.mybatis.spring.mapper.ClassPathMapperScanner - Skipping MapperFactoryBean with name 'sysFunctionMapper' and 'com.kexin.admin.mapper.SysFunctionMapper' mapperInterface. Bean already defined with the same name!
2020-06-27 21:37:51.962 [restartedMain] WARN  org.mybatis.spring.mapper.ClassPathMapperScanner - Skipping MapperFactoryBean with name 'sysMenusMapper' and 'com.kexin.admin.mapper.SysMenusMapper' mapperInterface. Bean already defined with the same name!
2020-06-27 21:37:51.962 [restartedMain] WARN  org.mybatis.spring.mapper.ClassPathMapperScanner - Skipping MapperFactoryBean with name 'sysMenusMetaMapper' and 'com.kexin.admin.mapper.SysMenusMetaMapper' mapperInterface. Bean already defined with the same name!
2020-06-27 21:37:51.962 [restartedMain] WARN  org.mybatis.spring.mapper.ClassPathMapperScanner - Skipping MapperFactoryBean with name 'systemLogMapper' and 'com.kexin.admin.mapper.SystemLogMapper' mapperInterface. Bean already defined with the same name!
2020-06-27 21:37:51.962 [restartedMain] WARN  org.mybatis.spring.mapper.ClassPathMapperScanner - Skipping MapperFactoryBean with name 'systemSetMapper' and 'com.kexin.admin.mapper.SystemSetMapper' mapperInterface. Bean already defined with the same name!
2020-06-27 21:37:51.962 [restartedMain] WARN  org.mybatis.spring.mapper.ClassPathMapperScanner - Skipping MapperFactoryBean with name 'userRoleMapper' and 'com.kexin.admin.mapper.UserRoleMapper' mapperInterface. Bean already defined with the same name!
2020-06-27 21:37:51.962 [restartedMain] WARN  org.mybatis.spring.mapper.ClassPathMapperScanner - Skipping MapperFactoryBean with name 'viewProduceLogMapper' and 'com.kexin.admin.mapper.ViewProduceLogMapper' mapperInterface. Bean already defined with the same name!
2020-06-27 21:37:51.962 [restartedMain] WARN  org.mybatis.spring.mapper.ClassPathMapperScanner - Skipping MapperFactoryBean with name 'wasterReasonMapper' and 'com.kexin.admin.mapper.WasterReasonMapper' mapperInterface. Bean already defined with the same name!
2020-06-27 21:37:51.962 [restartedMain] WARN  org.mybatis.spring.mapper.ClassPathMapperScanner - Skipping MapperFactoryBean with name 'workUnitMapper' and 'com.kexin.admin.mapper.WorkUnitMapper' mapperInterface. Bean already defined with the same name!
2020-06-27 21:37:51.962 [restartedMain] WARN  org.mybatis.spring.mapper.ClassPathMapperScanner - No MyBatis mapper was found in '[com.kexin.admin.mapper]' package. Please check your configuration.
2020-06-27 21:38:42.905 [restartedMain] WARN  org.mybatis.spring.mapper.ClassPathMapperScanner - Skipping MapperFactoryBean with name 'auditParameterMapper' and 'com.kexin.admin.mapper.AuditParameterMapper' mapperInterface. Bean already defined with the same name!
2020-06-27 21:38:42.905 [restartedMain] WARN  org.mybatis.spring.mapper.ClassPathMapperScanner - Skipping MapperFactoryBean with name 'auditParameterTypeMapper' and 'com.kexin.admin.mapper.AuditParameterTypeMapper' mapperInterface. Bean already defined with the same name!
2020-06-27 21:38:42.905 [restartedMain] WARN  org.mybatis.spring.mapper.ClassPathMapperScanner - Skipping MapperFactoryBean with name 'cartNumFirstMapper' and 'com.kexin.admin.mapper.CartNumFirstMapper' mapperInterface. Bean already defined with the same name!
2020-06-27 21:38:42.905 [restartedMain] WARN  org.mybatis.spring.mapper.ClassPathMapperScanner - Skipping MapperFactoryBean with name 'dataupLogMapper' and 'com.kexin.admin.mapper.DataupLogMapper' mapperInterface. Bean already defined with the same name!
2020-06-27 21:38:42.905 [restartedMain] WARN  org.mybatis.spring.mapper.ClassPathMapperScanner - Skipping MapperFactoryBean with name 'dicWorkUnitsMapper' and 'com.kexin.admin.mapper.DicWorkUnitsMapper' mapperInterface. Bean already defined with the same name!
2020-06-27 21:38:42.905 [restartedMain] WARN  org.mybatis.spring.mapper.ClassPathMapperScanner - Skipping MapperFactoryBean with name 'loginUserMapper' and 'com.kexin.admin.mapper.LoginUserMapper' mapperInterface. Bean already defined with the same name!
2020-06-27 21:38:42.905 [restartedMain] WARN  org.mybatis.spring.mapper.ClassPathMapperScanner - Skipping MapperFactoryBean with name 'machineCheckQueryMapper' and 'com.kexin.admin.mapper.MachineCheckQueryMapper' mapperInterface. Bean already defined with the same name!
2020-06-27 21:38:42.905 [restartedMain] WARN  org.mybatis.spring.mapper.ClassPathMapperScanner - Skipping MapperFactoryBean with name 'machineLogMapper' and 'com.kexin.admin.mapper.MachineLogMapper' mapperInterface. Bean already defined with the same name!
2020-06-27 21:38:42.905 [restartedMain] WARN  org.mybatis.spring.mapper.ClassPathMapperScanner - Skipping MapperFactoryBean with name 'machineMapper' and 'com.kexin.admin.mapper.MachineMapper' mapperInterface. Bean already defined with the same name!
2020-06-27 21:38:42.905 [restartedMain] WARN  org.mybatis.spring.mapper.ClassPathMapperScanner - Skipping MapperFactoryBean with name 'machineModelMapper' and 'com.kexin.admin.mapper.MachineModelMapper' mapperInterface. Bean already defined with the same name!
2020-06-27 21:38:42.905 [restartedMain] WARN  org.mybatis.spring.mapper.ClassPathMapperScanner - Skipping MapperFactoryBean with name 'operationLogMapper' and 'com.kexin.admin.mapper.OperationLogMapper' mapperInterface. Bean already defined with the same name!
2020-06-27 21:38:42.905 [restartedMain] WARN  org.mybatis.spring.mapper.ClassPathMapperScanner - Skipping MapperFactoryBean with name 'operationMapper' and 'com.kexin.admin.mapper.OperationMapper' mapperInterface. Bean already defined with the same name!
2020-06-27 21:38:42.905 [restartedMain] WARN  org.mybatis.spring.mapper.ClassPathMapperScanner - Skipping MapperFactoryBean with name 'operationTypeMapper' and 'com.kexin.admin.mapper.OperationTypeMapper' mapperInterface. Bean already defined with the same name!
2020-06-27 21:38:42.905 [restartedMain] WARN  org.mybatis.spring.mapper.ClassPathMapperScanner - Skipping MapperFactoryBean with name 'operatorMapper' and 'com.kexin.admin.mapper.OperatorMapper' mapperInterface. Bean already defined with the same name!
2020-06-27 21:38:42.906 [restartedMain] WARN  org.mybatis.spring.mapper.ClassPathMapperScanner - Skipping MapperFactoryBean with name 'produceLogMapper' and 'com.kexin.admin.mapper.ProduceLogMapper' mapperInterface. Bean already defined with the same name!
2020-06-27 21:38:42.906 [restartedMain] WARN  org.mybatis.spring.mapper.ClassPathMapperScanner - Skipping MapperFactoryBean with name 'productsMapper' and 'com.kexin.admin.mapper.ProductsMapper' mapperInterface. Bean already defined with the same name!
2020-06-27 21:38:42.906 [restartedMain] WARN  org.mybatis.spring.mapper.ClassPathMapperScanner - Skipping MapperFactoryBean with name 'qaInspectMasterMapper' and 'com.kexin.admin.mapper.QaInspectMasterMapper' mapperInterface. Bean already defined with the same name!
2020-06-27 21:38:42.906 [restartedMain] WARN  org.mybatis.spring.mapper.ClassPathMapperScanner - Skipping MapperFactoryBean with name 'queryReportMainMapper' and 'com.kexin.admin.mapper.QueryReportMainMapper' mapperInterface. Bean already defined with the same name!
2020-06-27 21:38:42.906 [restartedMain] WARN  org.mybatis.spring.mapper.ClassPathMapperScanner - Skipping MapperFactoryBean with name 'queryReportNckMapper' and 'com.kexin.admin.mapper.QueryReportNckMapper' mapperInterface. Bean already defined with the same name!
2020-06-27 21:38:42.906 [restartedMain] WARN  org.mybatis.spring.mapper.ClassPathMapperScanner - Skipping MapperFactoryBean with name 'queryReportQaMapper' and 'com.kexin.admin.mapper.QueryReportQaMapper' mapperInterface. Bean already defined with the same name!
2020-06-27 21:38:42.906 [restartedMain] WARN  org.mybatis.spring.mapper.ClassPathMapperScanner - Skipping MapperFactoryBean with name 'roleMapper' and 'com.kexin.admin.mapper.RoleMapper' mapperInterface. Bean already defined with the same name!
2020-06-27 21:38:42.906 [restartedMain] WARN  org.mybatis.spring.mapper.ClassPathMapperScanner - Skipping MapperFactoryBean with name 'roleMenuMapper' and 'com.kexin.admin.mapper.RoleMenuMapper' mapperInterface. Bean already defined with the same name!
2020-06-27 21:38:42.906 [restartedMain] WARN  org.mybatis.spring.mapper.ClassPathMapperScanner - Skipping MapperFactoryBean with name 'sysFunctionMapper' and 'com.kexin.admin.mapper.SysFunctionMapper' mapperInterface. Bean already defined with the same name!
2020-06-27 21:38:42.906 [restartedMain] WARN  org.mybatis.spring.mapper.ClassPathMapperScanner - Skipping MapperFactoryBean with name 'sysMenusMapper' and 'com.kexin.admin.mapper.SysMenusMapper' mapperInterface. Bean already defined with the same name!
2020-06-27 21:38:42.906 [restartedMain] WARN  org.mybatis.spring.mapper.ClassPathMapperScanner - Skipping MapperFactoryBean with name 'sysMenusMetaMapper' and 'com.kexin.admin.mapper.SysMenusMetaMapper' mapperInterface. Bean already defined with the same name!
2020-06-27 21:38:42.906 [restartedMain] WARN  org.mybatis.spring.mapper.ClassPathMapperScanner - Skipping MapperFactoryBean with name 'systemLogMapper' and 'com.kexin.admin.mapper.SystemLogMapper' mapperInterface. Bean already defined with the same name!
2020-06-27 21:38:42.906 [restartedMain] WARN  org.mybatis.spring.mapper.ClassPathMapperScanner - Skipping MapperFactoryBean with name 'systemSetMapper' and 'com.kexin.admin.mapper.SystemSetMapper' mapperInterface. Bean already defined with the same name!
2020-06-27 21:38:42.906 [restartedMain] WARN  org.mybatis.spring.mapper.ClassPathMapperScanner - Skipping MapperFactoryBean with name 'userRoleMapper' and 'com.kexin.admin.mapper.UserRoleMapper' mapperInterface. Bean already defined with the same name!
2020-06-27 21:38:42.906 [restartedMain] WARN  org.mybatis.spring.mapper.ClassPathMapperScanner - Skipping MapperFactoryBean with name 'viewProduceLogMapper' and 'com.kexin.admin.mapper.ViewProduceLogMapper' mapperInterface. Bean already defined with the same name!
2020-06-27 21:38:42.906 [restartedMain] WARN  org.mybatis.spring.mapper.ClassPathMapperScanner - Skipping MapperFactoryBean with name 'wasterReasonMapper' and 'com.kexin.admin.mapper.WasterReasonMapper' mapperInterface. Bean already defined with the same name!
2020-06-27 21:38:42.906 [restartedMain] WARN  org.mybatis.spring.mapper.ClassPathMapperScanner - Skipping MapperFactoryBean with name 'workUnitMapper' and 'com.kexin.admin.mapper.WorkUnitMapper' mapperInterface. Bean already defined with the same name!
2020-06-27 21:38:42.906 [restartedMain] WARN  org.mybatis.spring.mapper.ClassPathMapperScanner - No MyBatis mapper was found in '[com.kexin.admin.mapper]' package. Please check your configuration.
2020-06-27 21:47:46.486 [restartedMain] WARN  org.mybatis.spring.mapper.ClassPathMapperScanner - Skipping MapperFactoryBean with name 'auditParameterMapper' and 'com.kexin.admin.mapper.AuditParameterMapper' mapperInterface. Bean already defined with the same name!
2020-06-27 21:47:46.487 [restartedMain] WARN  org.mybatis.spring.mapper.ClassPathMapperScanner - Skipping MapperFactoryBean with name 'auditParameterTypeMapper' and 'com.kexin.admin.mapper.AuditParameterTypeMapper' mapperInterface. Bean already defined with the same name!
2020-06-27 21:47:46.487 [restartedMain] WARN  org.mybatis.spring.mapper.ClassPathMapperScanner - Skipping MapperFactoryBean with name 'cartNumFirstMapper' and 'com.kexin.admin.mapper.CartNumFirstMapper' mapperInterface. Bean already defined with the same name!
2020-06-27 21:47:46.487 [restartedMain] WARN  org.mybatis.spring.mapper.ClassPathMapperScanner - Skipping MapperFactoryBean with name 'dataupLogMapper' and 'com.kexin.admin.mapper.DataupLogMapper' mapperInterface. Bean already defined with the same name!
2020-06-27 21:47:46.487 [restartedMain] WARN  org.mybatis.spring.mapper.ClassPathMapperScanner - Skipping MapperFactoryBean with name 'dicWorkUnitsMapper' and 'com.kexin.admin.mapper.DicWorkUnitsMapper' mapperInterface. Bean already defined with the same name!
2020-06-27 21:47:46.487 [restartedMain] WARN  org.mybatis.spring.mapper.ClassPathMapperScanner - Skipping MapperFactoryBean with name 'loginUserMapper' and 'com.kexin.admin.mapper.LoginUserMapper' mapperInterface. Bean already defined with the same name!
2020-06-27 21:47:46.487 [restartedMain] WARN  org.mybatis.spring.mapper.ClassPathMapperScanner - Skipping MapperFactoryBean with name 'machineCheckQueryMapper' and 'com.kexin.admin.mapper.MachineCheckQueryMapper' mapperInterface. Bean already defined with the same name!
2020-06-27 21:47:46.487 [restartedMain] WARN  org.mybatis.spring.mapper.ClassPathMapperScanner - Skipping MapperFactoryBean with name 'machineLogMapper' and 'com.kexin.admin.mapper.MachineLogMapper' mapperInterface. Bean already defined with the same name!
2020-06-27 21:47:46.487 [restartedMain] WARN  org.mybatis.spring.mapper.ClassPathMapperScanner - Skipping MapperFactoryBean with name 'machineMapper' and 'com.kexin.admin.mapper.MachineMapper' mapperInterface. Bean already defined with the same name!
2020-06-27 21:47:46.487 [restartedMain] WARN  org.mybatis.spring.mapper.ClassPathMapperScanner - Skipping MapperFactoryBean with name 'machineModelMapper' and 'com.kexin.admin.mapper.MachineModelMapper' mapperInterface. Bean already defined with the same name!
2020-06-27 21:47:46.487 [restartedMain] WARN  org.mybatis.spring.mapper.ClassPathMapperScanner - Skipping MapperFactoryBean with name 'operationLogMapper' and 'com.kexin.admin.mapper.OperationLogMapper' mapperInterface. Bean already defined with the same name!
2020-06-27 21:47:46.488 [restartedMain] WARN  org.mybatis.spring.mapper.ClassPathMapperScanner - Skipping MapperFactoryBean with name 'operationMapper' and 'com.kexin.admin.mapper.OperationMapper' mapperInterface. Bean already defined with the same name!
2020-06-27 21:47:46.488 [restartedMain] WARN  org.mybatis.spring.mapper.ClassPathMapperScanner - Skipping MapperFactoryBean with name 'operationTypeMapper' and 'com.kexin.admin.mapper.OperationTypeMapper' mapperInterface. Bean already defined with the same name!
2020-06-27 21:47:46.488 [restartedMain] WARN  org.mybatis.spring.mapper.ClassPathMapperScanner - Skipping MapperFactoryBean with name 'operatorMapper' and 'com.kexin.admin.mapper.OperatorMapper' mapperInterface. Bean already defined with the same name!
2020-06-27 21:47:46.488 [restartedMain] WARN  org.mybatis.spring.mapper.ClassPathMapperScanner - Skipping MapperFactoryBean with name 'produceLogMapper' and 'com.kexin.admin.mapper.ProduceLogMapper' mapperInterface. Bean already defined with the same name!
2020-06-27 21:47:46.488 [restartedMain] WARN  org.mybatis.spring.mapper.ClassPathMapperScanner - Skipping MapperFactoryBean with name 'productsMapper' and 'com.kexin.admin.mapper.ProductsMapper' mapperInterface. Bean already defined with the same name!
2020-06-27 21:47:46.488 [restartedMain] WARN  org.mybatis.spring.mapper.ClassPathMapperScanner - Skipping MapperFactoryBean with name 'qaInspectMasterMapper' and 'com.kexin.admin.mapper.QaInspectMasterMapper' mapperInterface. Bean already defined with the same name!
2020-06-27 21:47:46.488 [restartedMain] WARN  org.mybatis.spring.mapper.ClassPathMapperScanner - Skipping MapperFactoryBean with name 'queryReportMainMapper' and 'com.kexin.admin.mapper.QueryReportMainMapper' mapperInterface. Bean already defined with the same name!
2020-06-27 21:47:46.488 [restartedMain] WARN  org.mybatis.spring.mapper.ClassPathMapperScanner - Skipping MapperFactoryBean with name 'queryReportNckMapper' and 'com.kexin.admin.mapper.QueryReportNckMapper' mapperInterface. Bean already defined with the same name!
2020-06-27 21:47:46.488 [restartedMain] WARN  org.mybatis.spring.mapper.ClassPathMapperScanner - Skipping MapperFactoryBean with name 'queryReportQaMapper' and 'com.kexin.admin.mapper.QueryReportQaMapper' mapperInterface. Bean already defined with the same name!
2020-06-27 21:47:46.488 [restartedMain] WARN  org.mybatis.spring.mapper.ClassPathMapperScanner - Skipping MapperFactoryBean with name 'roleMapper' and 'com.kexin.admin.mapper.RoleMapper' mapperInterface. Bean already defined with the same name!
2020-06-27 21:47:46.488 [restartedMain] WARN  org.mybatis.spring.mapper.ClassPathMapperScanner - Skipping MapperFactoryBean with name 'roleMenuMapper' and 'com.kexin.admin.mapper.RoleMenuMapper' mapperInterface. Bean already defined with the same name!
2020-06-27 21:47:46.488 [restartedMain] WARN  org.mybatis.spring.mapper.ClassPathMapperScanner - Skipping MapperFactoryBean with name 'sysFunctionMapper' and 'com.kexin.admin.mapper.SysFunctionMapper' mapperInterface. Bean already defined with the same name!
2020-06-27 21:47:46.488 [restartedMain] WARN  org.mybatis.spring.mapper.ClassPathMapperScanner - Skipping MapperFactoryBean with name 'sysMenusMapper' and 'com.kexin.admin.mapper.SysMenusMapper' mapperInterface. Bean already defined with the same name!
2020-06-27 21:47:46.488 [restartedMain] WARN  org.mybatis.spring.mapper.ClassPathMapperScanner - Skipping MapperFactoryBean with name 'sysMenusMetaMapper' and 'com.kexin.admin.mapper.SysMenusMetaMapper' mapperInterface. Bean already defined with the same name!
2020-06-27 21:47:46.488 [restartedMain] WARN  org.mybatis.spring.mapper.ClassPathMapperScanner - Skipping MapperFactoryBean with name 'systemLogMapper' and 'com.kexin.admin.mapper.SystemLogMapper' mapperInterface. Bean already defined with the same name!
2020-06-27 21:47:46.489 [restartedMain] WARN  org.mybatis.spring.mapper.ClassPathMapperScanner - Skipping MapperFactoryBean with name 'systemSetMapper' and 'com.kexin.admin.mapper.SystemSetMapper' mapperInterface. Bean already defined with the same name!
2020-06-27 21:47:46.489 [restartedMain] WARN  org.mybatis.spring.mapper.ClassPathMapperScanner - Skipping MapperFactoryBean with name 'userRoleMapper' and 'com.kexin.admin.mapper.UserRoleMapper' mapperInterface. Bean already defined with the same name!
2020-06-27 21:47:46.489 [restartedMain] WARN  org.mybatis.spring.mapper.ClassPathMapperScanner - Skipping MapperFactoryBean with name 'viewProduceLogMapper' and 'com.kexin.admin.mapper.ViewProduceLogMapper' mapperInterface. Bean already defined with the same name!
2020-06-27 21:47:46.489 [restartedMain] WARN  org.mybatis.spring.mapper.ClassPathMapperScanner - Skipping MapperFactoryBean with name 'wasterReasonMapper' and 'com.kexin.admin.mapper.WasterReasonMapper' mapperInterface. Bean already defined with the same name!
2020-06-27 21:47:46.489 [restartedMain] WARN  org.mybatis.spring.mapper.ClassPathMapperScanner - Skipping MapperFactoryBean with name 'workUnitMapper' and 'com.kexin.admin.mapper.WorkUnitMapper' mapperInterface. Bean already defined with the same name!
2020-06-27 21:47:46.489 [restartedMain] WARN  org.mybatis.spring.mapper.ClassPathMapperScanner - No MyBatis mapper was found in '[com.kexin.admin.mapper]' package. Please check your configuration.
2020-06-27 22:09:19.271 [restartedMain] WARN  org.mybatis.spring.mapper.ClassPathMapperScanner - Skipping MapperFactoryBean with name 'auditParameterMapper' and 'com.kexin.admin.mapper.AuditParameterMapper' mapperInterface. Bean already defined with the same name!
2020-06-27 22:09:19.272 [restartedMain] WARN  org.mybatis.spring.mapper.ClassPathMapperScanner - Skipping MapperFactoryBean with name 'auditParameterTypeMapper' and 'com.kexin.admin.mapper.AuditParameterTypeMapper' mapperInterface. Bean already defined with the same name!
2020-06-27 22:09:19.272 [restartedMain] WARN  org.mybatis.spring.mapper.ClassPathMapperScanner - Skipping MapperFactoryBean with name 'cartNumFirstMapper' and 'com.kexin.admin.mapper.CartNumFirstMapper' mapperInterface. Bean already defined with the same name!
2020-06-27 22:09:19.272 [restartedMain] WARN  org.mybatis.spring.mapper.ClassPathMapperScanner - Skipping MapperFactoryBean with name 'dataupLogMapper' and 'com.kexin.admin.mapper.DataupLogMapper' mapperInterface. Bean already defined with the same name!
2020-06-27 22:09:19.272 [restartedMain] WARN  org.mybatis.spring.mapper.ClassPathMapperScanner - Skipping MapperFactoryBean with name 'dicWorkUnitsMapper' and 'com.kexin.admin.mapper.DicWorkUnitsMapper' mapperInterface. Bean already defined with the same name!
2020-06-27 22:09:19.272 [restartedMain] WARN  org.mybatis.spring.mapper.ClassPathMapperScanner - Skipping MapperFactoryBean with name 'loginUserMapper' and 'com.kexin.admin.mapper.LoginUserMapper' mapperInterface. Bean already defined with the same name!
2020-06-27 22:09:19.272 [restartedMain] WARN  org.mybatis.spring.mapper.ClassPathMapperScanner - Skipping MapperFactoryBean with name 'machineCheckQueryMapper' and 'com.kexin.admin.mapper.MachineCheckQueryMapper' mapperInterface. Bean already defined with the same name!
2020-06-27 22:09:19.272 [restartedMain] WARN  org.mybatis.spring.mapper.ClassPathMapperScanner - Skipping MapperFactoryBean with name 'machineLogMapper' and 'com.kexin.admin.mapper.MachineLogMapper' mapperInterface. Bean already defined with the same name!
2020-06-27 22:09:19.272 [restartedMain] WARN  org.mybatis.spring.mapper.ClassPathMapperScanner - Skipping MapperFactoryBean with name 'machineMapper' and 'com.kexin.admin.mapper.MachineMapper' mapperInterface. Bean already defined with the same name!
2020-06-27 22:09:19.272 [restartedMain] WARN  org.mybatis.spring.mapper.ClassPathMapperScanner - Skipping MapperFactoryBean with name 'machineModelMapper' and 'com.kexin.admin.mapper.MachineModelMapper' mapperInterface. Bean already defined with the same name!
2020-06-27 22:09:19.272 [restartedMain] WARN  org.mybatis.spring.mapper.ClassPathMapperScanner - Skipping MapperFactoryBean with name 'operationLogMapper' and 'com.kexin.admin.mapper.OperationLogMapper' mapperInterface. Bean already defined with the same name!
2020-06-27 22:09:19.272 [restartedMain] WARN  org.mybatis.spring.mapper.ClassPathMapperScanner - Skipping MapperFactoryBean with name 'operationMapper' and 'com.kexin.admin.mapper.OperationMapper' mapperInterface. Bean already defined with the same name!
2020-06-27 22:09:19.272 [restartedMain] WARN  org.mybatis.spring.mapper.ClassPathMapperScanner - Skipping MapperFactoryBean with name 'operationTypeMapper' and 'com.kexin.admin.mapper.OperationTypeMapper' mapperInterface. Bean already defined with the same name!
2020-06-27 22:09:19.272 [restartedMain] WARN  org.mybatis.spring.mapper.ClassPathMapperScanner - Skipping MapperFactoryBean with name 'operatorMapper' and 'com.kexin.admin.mapper.OperatorMapper' mapperInterface. Bean already defined with the same name!
2020-06-27 22:09:19.272 [restartedMain] WARN  org.mybatis.spring.mapper.ClassPathMapperScanner - Skipping MapperFactoryBean with name 'produceLogMapper' and 'com.kexin.admin.mapper.ProduceLogMapper' mapperInterface. Bean already defined with the same name!
2020-06-27 22:09:19.272 [restartedMain] WARN  org.mybatis.spring.mapper.ClassPathMapperScanner - Skipping MapperFactoryBean with name 'productsMapper' and 'com.kexin.admin.mapper.ProductsMapper' mapperInterface. Bean already defined with the same name!
2020-06-27 22:09:19.273 [restartedMain] WARN  org.mybatis.spring.mapper.ClassPathMapperScanner - Skipping MapperFactoryBean with name 'qaInspectMasterMapper' and 'com.kexin.admin.mapper.QaInspectMasterMapper' mapperInterface. Bean already defined with the same name!
2020-06-27 22:09:19.273 [restartedMain] WARN  org.mybatis.spring.mapper.ClassPathMapperScanner - Skipping MapperFactoryBean with name 'queryReportMainMapper' and 'com.kexin.admin.mapper.QueryReportMainMapper' mapperInterface. Bean already defined with the same name!
2020-06-27 22:09:19.273 [restartedMain] WARN  org.mybatis.spring.mapper.ClassPathMapperScanner - Skipping MapperFactoryBean with name 'queryReportNckMapper' and 'com.kexin.admin.mapper.QueryReportNckMapper' mapperInterface. Bean already defined with the same name!
2020-06-27 22:09:19.273 [restartedMain] WARN  org.mybatis.spring.mapper.ClassPathMapperScanner - Skipping MapperFactoryBean with name 'queryReportQaMapper' and 'com.kexin.admin.mapper.QueryReportQaMapper' mapperInterface. Bean already defined with the same name!
2020-06-27 22:09:19.273 [restartedMain] WARN  org.mybatis.spring.mapper.ClassPathMapperScanner - Skipping MapperFactoryBean with name 'roleMapper' and 'com.kexin.admin.mapper.RoleMapper' mapperInterface. Bean already defined with the same name!
2020-06-27 22:09:19.273 [restartedMain] WARN  org.mybatis.spring.mapper.ClassPathMapperScanner - Skipping MapperFactoryBean with name 'roleMenuMapper' and 'com.kexin.admin.mapper.RoleMenuMapper' mapperInterface. Bean already defined with the same name!
2020-06-27 22:09:19.273 [restartedMain] WARN  org.mybatis.spring.mapper.ClassPathMapperScanner - Skipping MapperFactoryBean with name 'sysFunctionMapper' and 'com.kexin.admin.mapper.SysFunctionMapper' mapperInterface. Bean already defined with the same name!
2020-06-27 22:09:19.273 [restartedMain] WARN  org.mybatis.spring.mapper.ClassPathMapperScanner - Skipping MapperFactoryBean with name 'sysMenusMapper' and 'com.kexin.admin.mapper.SysMenusMapper' mapperInterface. Bean already defined with the same name!
2020-06-27 22:09:19.273 [restartedMain] WARN  org.mybatis.spring.mapper.ClassPathMapperScanner - Skipping MapperFactoryBean with name 'sysMenusMetaMapper' and 'com.kexin.admin.mapper.SysMenusMetaMapper' mapperInterface. Bean already defined with the same name!
2020-06-27 22:09:19.273 [restartedMain] WARN  org.mybatis.spring.mapper.ClassPathMapperScanner - Skipping MapperFactoryBean with name 'systemLogMapper' and 'com.kexin.admin.mapper.SystemLogMapper' mapperInterface. Bean already defined with the same name!
2020-06-27 22:09:19.273 [restartedMain] WARN  org.mybatis.spring.mapper.ClassPathMapperScanner - Skipping MapperFactoryBean with name 'systemSetMapper' and 'com.kexin.admin.mapper.SystemSetMapper' mapperInterface. Bean already defined with the same name!
2020-06-27 22:09:19.273 [restartedMain] WARN  org.mybatis.spring.mapper.ClassPathMapperScanner - Skipping MapperFactoryBean with name 'userRoleMapper' and 'com.kexin.admin.mapper.UserRoleMapper' mapperInterface. Bean already defined with the same name!
2020-06-27 22:09:19.273 [restartedMain] WARN  org.mybatis.spring.mapper.ClassPathMapperScanner - Skipping MapperFactoryBean with name 'viewProduceLogMapper' and 'com.kexin.admin.mapper.ViewProduceLogMapper' mapperInterface. Bean already defined with the same name!
2020-06-27 22:09:19.273 [restartedMain] WARN  org.mybatis.spring.mapper.ClassPathMapperScanner - Skipping MapperFactoryBean with name 'wasterReasonMapper' and 'com.kexin.admin.mapper.WasterReasonMapper' mapperInterface. Bean already defined with the same name!
2020-06-27 22:09:19.273 [restartedMain] WARN  org.mybatis.spring.mapper.ClassPathMapperScanner - Skipping MapperFactoryBean with name 'workUnitMapper' and 'com.kexin.admin.mapper.WorkUnitMapper' mapperInterface. Bean already defined with the same name!
2020-06-27 22:09:19.273 [restartedMain] WARN  org.mybatis.spring.mapper.ClassPathMapperScanner - No MyBatis mapper was found in '[com.kexin.admin.mapper]' package. Please check your configuration.
2020-06-27 22:30:33.145 [HikariPool-1 housekeeper] WARN  com.zaxxer.hikari.pool.HikariPool - HikariPool-1 - Thread starvation or clock leap detected (housekeeper delta=1m12s649ms578µs399ns).
2020-06-27 22:52:47.685 [restartedMain] WARN  org.mybatis.spring.mapper.ClassPathMapperScanner - Skipping MapperFactoryBean with name 'auditParameterMapper' and 'com.kexin.admin.mapper.AuditParameterMapper' mapperInterface. Bean already defined with the same name!
2020-06-27 22:52:47.686 [restartedMain] WARN  org.mybatis.spring.mapper.ClassPathMapperScanner - Skipping MapperFactoryBean with name 'auditParameterTypeMapper' and 'com.kexin.admin.mapper.AuditParameterTypeMapper' mapperInterface. Bean already defined with the same name!
2020-06-27 22:52:47.686 [restartedMain] WARN  org.mybatis.spring.mapper.ClassPathMapperScanner - Skipping MapperFactoryBean with name 'cartNumFirstMapper' and 'com.kexin.admin.mapper.CartNumFirstMapper' mapperInterface. Bean already defined with the same name!
2020-06-27 22:52:47.686 [restartedMain] WARN  org.mybatis.spring.mapper.ClassPathMapperScanner - Skipping MapperFactoryBean with name 'dataupLogMapper' and 'com.kexin.admin.mapper.DataupLogMapper' mapperInterface. Bean already defined with the same name!
2020-06-27 22:52:47.686 [restartedMain] WARN  org.mybatis.spring.mapper.ClassPathMapperScanner - Skipping MapperFactoryBean with name 'dicWorkUnitsMapper' and 'com.kexin.admin.mapper.DicWorkUnitsMapper' mapperInterface. Bean already defined with the same name!
2020-06-27 22:52:47.686 [restartedMain] WARN  org.mybatis.spring.mapper.ClassPathMapperScanner - Skipping MapperFactoryBean with name 'loginUserMapper' and 'com.kexin.admin.mapper.LoginUserMapper' mapperInterface. Bean already defined with the same name!
2020-06-27 22:52:47.686 [restartedMain] WARN  org.mybatis.spring.mapper.ClassPathMapperScanner - Skipping MapperFactoryBean with name 'machineCheckQueryMapper' and 'com.kexin.admin.mapper.MachineCheckQueryMapper' mapperInterface. Bean already defined with the same name!
2020-06-27 22:52:47.686 [restartedMain] WARN  org.mybatis.spring.mapper.ClassPathMapperScanner - Skipping MapperFactoryBean with name 'machineLogMapper' and 'com.kexin.admin.mapper.MachineLogMapper' mapperInterface. Bean already defined with the same name!
2020-06-27 22:52:47.686 [restartedMain] WARN  org.mybatis.spring.mapper.ClassPathMapperScanner - Skipping MapperFactoryBean with name 'machineMapper' and 'com.kexin.admin.mapper.MachineMapper' mapperInterface. Bean already defined with the same name!
2020-06-27 22:52:47.687 [restartedMain] WARN  org.mybatis.spring.mapper.ClassPathMapperScanner - Skipping MapperFactoryBean with name 'machineModelMapper' and 'com.kexin.admin.mapper.MachineModelMapper' mapperInterface. Bean already defined with the same name!
2020-06-27 22:52:47.687 [restartedMain] WARN  org.mybatis.spring.mapper.ClassPathMapperScanner - Skipping MapperFactoryBean with name 'operationLogMapper' and 'com.kexin.admin.mapper.OperationLogMapper' mapperInterface. Bean already defined with the same name!
2020-06-27 22:52:47.687 [restartedMain] WARN  org.mybatis.spring.mapper.ClassPathMapperScanner - Skipping MapperFactoryBean with name 'operationMapper' and 'com.kexin.admin.mapper.OperationMapper' mapperInterface. Bean already defined with the same name!
2020-06-27 22:52:47.687 [restartedMain] WARN  org.mybatis.spring.mapper.ClassPathMapperScanner - Skipping MapperFactoryBean with name 'operationTypeMapper' and 'com.kexin.admin.mapper.OperationTypeMapper' mapperInterface. Bean already defined with the same name!
2020-06-27 22:52:47.687 [restartedMain] WARN  org.mybatis.spring.mapper.ClassPathMapperScanner - Skipping MapperFactoryBean with name 'operatorMapper' and 'com.kexin.admin.mapper.OperatorMapper' mapperInterface. Bean already defined with the same name!
2020-06-27 22:52:47.687 [restartedMain] WARN  org.mybatis.spring.mapper.ClassPathMapperScanner - Skipping MapperFactoryBean with name 'produceLogMapper' and 'com.kexin.admin.mapper.ProduceLogMapper' mapperInterface. Bean already defined with the same name!
2020-06-27 22:52:47.687 [restartedMain] WARN  org.mybatis.spring.mapper.ClassPathMapperScanner - Skipping MapperFactoryBean with name 'productsMapper' and 'com.kexin.admin.mapper.ProductsMapper' mapperInterface. Bean already defined with the same name!
2020-06-27 22:52:47.687 [restartedMain] WARN  org.mybatis.spring.mapper.ClassPathMapperScanner - Skipping MapperFactoryBean with name 'qaInspectMasterMapper' and 'com.kexin.admin.mapper.QaInspectMasterMapper' mapperInterface. Bean already defined with the same name!
2020-06-27 22:52:47.687 [restartedMain] WARN  org.mybatis.spring.mapper.ClassPathMapperScanner - Skipping MapperFactoryBean with name 'queryReportMainMapper' and 'com.kexin.admin.mapper.QueryReportMainMapper' mapperInterface. Bean already defined with the same name!
2020-06-27 22:52:47.687 [restartedMain] WARN  org.mybatis.spring.mapper.ClassPathMapperScanner - Skipping MapperFactoryBean with name 'queryReportNckMapper' and 'com.kexin.admin.mapper.QueryReportNckMapper' mapperInterface. Bean already defined with the same name!
2020-06-27 22:52:47.688 [restartedMain] WARN  org.mybatis.spring.mapper.ClassPathMapperScanner - Skipping MapperFactoryBean with name 'queryReportQaMapper' and 'com.kexin.admin.mapper.QueryReportQaMapper' mapperInterface. Bean already defined with the same name!
2020-06-27 22:52:47.688 [restartedMain] WARN  org.mybatis.spring.mapper.ClassPathMapperScanner - Skipping MapperFactoryBean with name 'roleMapper' and 'com.kexin.admin.mapper.RoleMapper' mapperInterface. Bean already defined with the same name!
2020-06-27 22:52:47.688 [restartedMain] WARN  org.mybatis.spring.mapper.ClassPathMapperScanner - Skipping MapperFactoryBean with name 'roleMenuMapper' and 'com.kexin.admin.mapper.RoleMenuMapper' mapperInterface. Bean already defined with the same name!
2020-06-27 22:52:47.688 [restartedMain] WARN  org.mybatis.spring.mapper.ClassPathMapperScanner - Skipping MapperFactoryBean with name 'sysFunctionMapper' and 'com.kexin.admin.mapper.SysFunctionMapper' mapperInterface. Bean already defined with the same name!
2020-06-27 22:52:47.688 [restartedMain] WARN  org.mybatis.spring.mapper.ClassPathMapperScanner - Skipping MapperFactoryBean with name 'sysMenusMapper' and 'com.kexin.admin.mapper.SysMenusMapper' mapperInterface. Bean already defined with the same name!
2020-06-27 22:52:47.688 [restartedMain] WARN  org.mybatis.spring.mapper.ClassPathMapperScanner - Skipping MapperFactoryBean with name 'sysMenusMetaMapper' and 'com.kexin.admin.mapper.SysMenusMetaMapper' mapperInterface. Bean already defined with the same name!
2020-06-27 22:52:47.688 [restartedMain] WARN  org.mybatis.spring.mapper.ClassPathMapperScanner - Skipping MapperFactoryBean with name 'systemLogMapper' and 'com.kexin.admin.mapper.SystemLogMapper' mapperInterface. Bean already defined with the same name!
2020-06-27 22:52:47.688 [restartedMain] WARN  org.mybatis.spring.mapper.ClassPathMapperScanner - Skipping MapperFactoryBean with name 'systemSetMapper' and 'com.kexin.admin.mapper.SystemSetMapper' mapperInterface. Bean already defined with the same name!
2020-06-27 22:52:47.688 [restartedMain] WARN  org.mybatis.spring.mapper.ClassPathMapperScanner - Skipping MapperFactoryBean with name 'userRoleMapper' and 'com.kexin.admin.mapper.UserRoleMapper' mapperInterface. Bean already defined with the same name!
2020-06-27 22:52:47.688 [restartedMain] WARN  org.mybatis.spring.mapper.ClassPathMapperScanner - Skipping MapperFactoryBean with name 'viewProduceLogMapper' and 'com.kexin.admin.mapper.ViewProduceLogMapper' mapperInterface. Bean already defined with the same name!
2020-06-27 22:52:47.689 [restartedMain] WARN  org.mybatis.spring.mapper.ClassPathMapperScanner - Skipping MapperFactoryBean with name 'wasterReasonMapper' and 'com.kexin.admin.mapper.WasterReasonMapper' mapperInterface. Bean already defined with the same name!
2020-06-27 22:52:47.689 [restartedMain] WARN  org.mybatis.spring.mapper.ClassPathMapperScanner - Skipping MapperFactoryBean with name 'workUnitMapper' and 'com.kexin.admin.mapper.WorkUnitMapper' mapperInterface. Bean already defined with the same name!
2020-06-27 22:52:47.689 [restartedMain] WARN  org.mybatis.spring.mapper.ClassPathMapperScanner - No MyBatis mapper was found in '[com.kexin.admin.mapper]' package. Please check your configuration.
2020-06-27 23:31:12.964 [restartedMain] WARN  org.mybatis.spring.mapper.ClassPathMapperScanner - Skipping MapperFactoryBean with name 'auditParameterMapper' and 'com.kexin.admin.mapper.AuditParameterMapper' mapperInterface. Bean already defined with the same name!
2020-06-27 23:31:12.965 [restartedMain] WARN  org.mybatis.spring.mapper.ClassPathMapperScanner - Skipping MapperFactoryBean with name 'auditParameterTypeMapper' and 'com.kexin.admin.mapper.AuditParameterTypeMapper' mapperInterface. Bean already defined with the same name!
2020-06-27 23:31:12.965 [restartedMain] WARN  org.mybatis.spring.mapper.ClassPathMapperScanner - Skipping MapperFactoryBean with name 'cartNumFirstMapper' and 'com.kexin.admin.mapper.CartNumFirstMapper' mapperInterface. Bean already defined with the same name!
2020-06-27 23:31:12.965 [restartedMain] WARN  org.mybatis.spring.mapper.ClassPathMapperScanner - Skipping MapperFactoryBean with name 'dataupLogMapper' and 'com.kexin.admin.mapper.DataupLogMapper' mapperInterface. Bean already defined with the same name!
2020-06-27 23:31:12.965 [restartedMain] WARN  org.mybatis.spring.mapper.ClassPathMapperScanner - Skipping MapperFactoryBean with name 'dicWorkUnitsMapper' and 'com.kexin.admin.mapper.DicWorkUnitsMapper' mapperInterface. Bean already defined with the same name!
2020-06-27 23:31:12.965 [restartedMain] WARN  org.mybatis.spring.mapper.ClassPathMapperScanner - Skipping MapperFactoryBean with name 'loginUserMapper' and 'com.kexin.admin.mapper.LoginUserMapper' mapperInterface. Bean already defined with the same name!
2020-06-27 23:31:12.965 [restartedMain] WARN  org.mybatis.spring.mapper.ClassPathMapperScanner - Skipping MapperFactoryBean with name 'machineCheckQueryMapper' and 'com.kexin.admin.mapper.MachineCheckQueryMapper' mapperInterface. Bean already defined with the same name!
2020-06-27 23:31:12.965 [restartedMain] WARN  org.mybatis.spring.mapper.ClassPathMapperScanner - Skipping MapperFactoryBean with name 'machineLogMapper' and 'com.kexin.admin.mapper.MachineLogMapper' mapperInterface. Bean already defined with the same name!
2020-06-27 23:31:12.965 [restartedMain] WARN  org.mybatis.spring.mapper.ClassPathMapperScanner - Skipping MapperFactoryBean with name 'machineMapper' and 'com.kexin.admin.mapper.MachineMapper' mapperInterface. Bean already defined with the same name!
2020-06-27 23:31:12.965 [restartedMain] WARN  org.mybatis.spring.mapper.ClassPathMapperScanner - Skipping MapperFactoryBean with name 'machineModelMapper' and 'com.kexin.admin.mapper.MachineModelMapper' mapperInterface. Bean already defined with the same name!
2020-06-27 23:31:12.965 [restartedMain] WARN  org.mybatis.spring.mapper.ClassPathMapperScanner - Skipping MapperFactoryBean with name 'operationLogMapper' and 'com.kexin.admin.mapper.OperationLogMapper' mapperInterface. Bean already defined with the same name!
2020-06-27 23:31:12.965 [restartedMain] WARN  org.mybatis.spring.mapper.ClassPathMapperScanner - Skipping MapperFactoryBean with name 'operationMapper' and 'com.kexin.admin.mapper.OperationMapper' mapperInterface. Bean already defined with the same name!
2020-06-27 23:31:12.965 [restartedMain] WARN  org.mybatis.spring.mapper.ClassPathMapperScanner - Skipping MapperFactoryBean with name 'operationTypeMapper' and 'com.kexin.admin.mapper.OperationTypeMapper' mapperInterface. Bean already defined with the same name!
2020-06-27 23:31:12.965 [restartedMain] WARN  org.mybatis.spring.mapper.ClassPathMapperScanner - Skipping MapperFactoryBean with name 'operatorMapper' and 'com.kexin.admin.mapper.OperatorMapper' mapperInterface. Bean already defined with the same name!
2020-06-27 23:31:12.965 [restartedMain] WARN  org.mybatis.spring.mapper.ClassPathMapperScanner - Skipping MapperFactoryBean with name 'produceLogMapper' and 'com.kexin.admin.mapper.ProduceLogMapper' mapperInterface. Bean already defined with the same name!
2020-06-27 23:31:12.965 [restartedMain] WARN  org.mybatis.spring.mapper.ClassPathMapperScanner - Skipping MapperFactoryBean with name 'productsMapper' and 'com.kexin.admin.mapper.ProductsMapper' mapperInterface. Bean already defined with the same name!
2020-06-27 23:31:12.965 [restartedMain] WARN  org.mybatis.spring.mapper.ClassPathMapperScanner - Skipping MapperFactoryBean with name 'qaInspectMasterMapper' and 'com.kexin.admin.mapper.QaInspectMasterMapper' mapperInterface. Bean already defined with the same name!
2020-06-27 23:31:12.965 [restartedMain] WARN  org.mybatis.spring.mapper.ClassPathMapperScanner - Skipping MapperFactoryBean with name 'queryReportMainMapper' and 'com.kexin.admin.mapper.QueryReportMainMapper' mapperInterface. Bean already defined with the same name!
2020-06-27 23:31:12.965 [restartedMain] WARN  org.mybatis.spring.mapper.ClassPathMapperScanner - Skipping MapperFactoryBean with name 'queryReportNckMapper' and 'com.kexin.admin.mapper.QueryReportNckMapper' mapperInterface. Bean already defined with the same name!
2020-06-27 23:31:12.965 [restartedMain] WARN  org.mybatis.spring.mapper.ClassPathMapperScanner - Skipping MapperFactoryBean with name 'queryReportQaMapper' and 'com.kexin.admin.mapper.QueryReportQaMapper' mapperInterface. Bean already defined with the same name!
2020-06-27 23:31:12.966 [restartedMain] WARN  org.mybatis.spring.mapper.ClassPathMapperScanner - Skipping MapperFactoryBean with name 'roleMapper' and 'com.kexin.admin.mapper.RoleMapper' mapperInterface. Bean already defined with the same name!
2020-06-27 23:31:12.966 [restartedMain] WARN  org.mybatis.spring.mapper.ClassPathMapperScanner - Skipping MapperFactoryBean with name 'roleMenuMapper' and 'com.kexin.admin.mapper.RoleMenuMapper' mapperInterface. Bean already defined with the same name!
2020-06-27 23:31:12.966 [restartedMain] WARN  org.mybatis.spring.mapper.ClassPathMapperScanner - Skipping MapperFactoryBean with name 'sysFunctionMapper' and 'com.kexin.admin.mapper.SysFunctionMapper' mapperInterface. Bean already defined with the same name!
2020-06-27 23:31:12.966 [restartedMain] WARN  org.mybatis.spring.mapper.ClassPathMapperScanner - Skipping MapperFactoryBean with name 'sysMenusMapper' and 'com.kexin.admin.mapper.SysMenusMapper' mapperInterface. Bean already defined with the same name!
2020-06-27 23:31:12.966 [restartedMain] WARN  org.mybatis.spring.mapper.ClassPathMapperScanner - Skipping MapperFactoryBean with name 'sysMenusMetaMapper' and 'com.kexin.admin.mapper.SysMenusMetaMapper' mapperInterface. Bean already defined with the same name!
2020-06-27 23:31:12.966 [restartedMain] WARN  org.mybatis.spring.mapper.ClassPathMapperScanner - Skipping MapperFactoryBean with name 'systemLogMapper' and 'com.kexin.admin.mapper.SystemLogMapper' mapperInterface. Bean already defined with the same name!
2020-06-27 23:31:12.966 [restartedMain] WARN  org.mybatis.spring.mapper.ClassPathMapperScanner - Skipping MapperFactoryBean with name 'systemSetMapper' and 'com.kexin.admin.mapper.SystemSetMapper' mapperInterface. Bean already defined with the same name!
2020-06-27 23:31:12.966 [restartedMain] WARN  org.mybatis.spring.mapper.ClassPathMapperScanner - Skipping MapperFactoryBean with name 'userRoleMapper' and 'com.kexin.admin.mapper.UserRoleMapper' mapperInterface. Bean already defined with the same name!
2020-06-27 23:31:12.966 [restartedMain] WARN  org.mybatis.spring.mapper.ClassPathMapperScanner - Skipping MapperFactoryBean with name 'viewProduceLogMapper' and 'com.kexin.admin.mapper.ViewProduceLogMapper' mapperInterface. Bean already defined with the same name!
2020-06-27 23:31:12.966 [restartedMain] WARN  org.mybatis.spring.mapper.ClassPathMapperScanner - Skipping MapperFactoryBean with name 'wasterReasonMapper' and 'com.kexin.admin.mapper.WasterReasonMapper' mapperInterface. Bean already defined with the same name!
2020-06-27 23:31:12.966 [restartedMain] WARN  org.mybatis.spring.mapper.ClassPathMapperScanner - Skipping MapperFactoryBean with name 'workUnitMapper' and 'com.kexin.admin.mapper.WorkUnitMapper' mapperInterface. Bean already defined with the same name!
2020-06-27 23:31:12.966 [restartedMain] WARN  org.mybatis.spring.mapper.ClassPathMapperScanner - No MyBatis mapper was found in '[com.kexin.admin.mapper]' package. Please check your configuration.
