2020-07-08 09:51:13.745 [restartedMain] WARN  org.mybatis.spring.mapper.ClassPathMapperScanner - Skipping MapperFactoryBean with name 'auditParameterMapper' and 'com.kexin.admin.mapper.AuditParameterMapper' mapperInterface. Bean already defined with the same name!
2020-07-08 09:51:13.748 [restartedMain] WARN  org.mybatis.spring.mapper.ClassPathMapperScanner - Skipping MapperFactoryBean with name 'auditParameterTypeMapper' and 'com.kexin.admin.mapper.AuditParameterTypeMapper' mapperInterface. Bean already defined with the same name!
2020-07-08 09:51:13.748 [restartedMain] WARN  org.mybatis.spring.mapper.ClassPathMapperScanner - Skipping MapperFactoryBean with name 'cartNumFirstMapper' and 'com.kexin.admin.mapper.CartNumFirstMapper' mapperInterface. Bean already defined with the same name!
2020-07-08 09:51:13.748 [restartedMain] WARN  org.mybatis.spring.mapper.ClassPathMapperScanner - Skipping MapperFactoryBean with name 'dataupLogMapper' and 'com.kexin.admin.mapper.DataupLogMapper' mapperInterface. Bean already defined with the same name!
2020-07-08 09:51:13.749 [restartedMain] WARN  org.mybatis.spring.mapper.ClassPathMapperScanner - Skipping MapperFactoryBean with name 'dicWorkUnitsMapper' and 'com.kexin.admin.mapper.DicWorkUnitsMapper' mapperInterface. Bean already defined with the same name!
2020-07-08 09:51:13.749 [restartedMain] WARN  org.mybatis.spring.mapper.ClassPathMapperScanner - Skipping MapperFactoryBean with name 'displayPlatformInfoMapper' and 'com.kexin.admin.mapper.DisplayPlatformInfoMapper' mapperInterface. Bean already defined with the same name!
2020-07-08 09:51:13.749 [restartedMain] WARN  org.mybatis.spring.mapper.ClassPathMapperScanner - Skipping MapperFactoryBean with name 'displayPlatformMapper' and 'com.kexin.admin.mapper.DisplayPlatformMapper' mapperInterface. Bean already defined with the same name!
2020-07-08 09:51:13.749 [restartedMain] WARN  org.mybatis.spring.mapper.ClassPathMapperScanner - Skipping MapperFactoryBean with name 'loginUserMapper' and 'com.kexin.admin.mapper.LoginUserMapper' mapperInterface. Bean already defined with the same name!
2020-07-08 09:51:13.750 [restartedMain] WARN  org.mybatis.spring.mapper.ClassPathMapperScanner - Skipping MapperFactoryBean with name 'machineCheckQueryMapper' and 'com.kexin.admin.mapper.MachineCheckQueryMapper' mapperInterface. Bean already defined with the same name!
2020-07-08 09:51:13.750 [restartedMain] WARN  org.mybatis.spring.mapper.ClassPathMapperScanner - Skipping MapperFactoryBean with name 'machineLogMapper' and 'com.kexin.admin.mapper.MachineLogMapper' mapperInterface. Bean already defined with the same name!
2020-07-08 09:51:13.750 [restartedMain] WARN  org.mybatis.spring.mapper.ClassPathMapperScanner - Skipping MapperFactoryBean with name 'machineMapper' and 'com.kexin.admin.mapper.MachineMapper' mapperInterface. Bean already defined with the same name!
2020-07-08 09:51:13.750 [restartedMain] WARN  org.mybatis.spring.mapper.ClassPathMapperScanner - Skipping MapperFactoryBean with name 'machineModelMapper' and 'com.kexin.admin.mapper.MachineModelMapper' mapperInterface. Bean already defined with the same name!
2020-07-08 09:51:13.750 [restartedMain] WARN  org.mybatis.spring.mapper.ClassPathMapperScanner - Skipping MapperFactoryBean with name 'machineWarningMapper' and 'com.kexin.admin.mapper.MachineWarningMapper' mapperInterface. Bean already defined with the same name!
2020-07-08 09:51:13.750 [restartedMain] WARN  org.mybatis.spring.mapper.ClassPathMapperScanner - Skipping MapperFactoryBean with name 'operationLogMapper' and 'com.kexin.admin.mapper.OperationLogMapper' mapperInterface. Bean already defined with the same name!
2020-07-08 09:51:13.751 [restartedMain] WARN  org.mybatis.spring.mapper.ClassPathMapperScanner - Skipping MapperFactoryBean with name 'operationMapper' and 'com.kexin.admin.mapper.OperationMapper' mapperInterface. Bean already defined with the same name!
2020-07-08 09:51:13.751 [restartedMain] WARN  org.mybatis.spring.mapper.ClassPathMapperScanner - Skipping MapperFactoryBean with name 'operationTypeMapper' and 'com.kexin.admin.mapper.OperationTypeMapper' mapperInterface. Bean already defined with the same name!
2020-07-08 09:51:13.752 [restartedMain] WARN  org.mybatis.spring.mapper.ClassPathMapperScanner - Skipping MapperFactoryBean with name 'operatorMapper' and 'com.kexin.admin.mapper.OperatorMapper' mapperInterface. Bean already defined with the same name!
2020-07-08 09:51:13.752 [restartedMain] WARN  org.mybatis.spring.mapper.ClassPathMapperScanner - Skipping MapperFactoryBean with name 'produceLogMapper' and 'com.kexin.admin.mapper.ProduceLogMapper' mapperInterface. Bean already defined with the same name!
2020-07-08 09:51:13.752 [restartedMain] WARN  org.mybatis.spring.mapper.ClassPathMapperScanner - Skipping MapperFactoryBean with name 'productsMapper' and 'com.kexin.admin.mapper.ProductsMapper' mapperInterface. Bean already defined with the same name!
2020-07-08 09:51:13.752 [restartedMain] WARN  org.mybatis.spring.mapper.ClassPathMapperScanner - Skipping MapperFactoryBean with name 'qaInspectMasterMapper' and 'com.kexin.admin.mapper.QaInspectMasterMapper' mapperInterface. Bean already defined with the same name!
2020-07-08 09:51:13.752 [restartedMain] WARN  org.mybatis.spring.mapper.ClassPathMapperScanner - Skipping MapperFactoryBean with name 'queryReportMainMapper' and 'com.kexin.admin.mapper.QueryReportMainMapper' mapperInterface. Bean already defined with the same name!
2020-07-08 09:51:13.752 [restartedMain] WARN  org.mybatis.spring.mapper.ClassPathMapperScanner - Skipping MapperFactoryBean with name 'queryReportNckMapper' and 'com.kexin.admin.mapper.QueryReportNckMapper' mapperInterface. Bean already defined with the same name!
2020-07-08 09:51:13.753 [restartedMain] WARN  org.mybatis.spring.mapper.ClassPathMapperScanner - Skipping MapperFactoryBean with name 'queryReportQaMapper' and 'com.kexin.admin.mapper.QueryReportQaMapper' mapperInterface. Bean already defined with the same name!
2020-07-08 09:51:13.753 [restartedMain] WARN  org.mybatis.spring.mapper.ClassPathMapperScanner - Skipping MapperFactoryBean with name 'roleMapper' and 'com.kexin.admin.mapper.RoleMapper' mapperInterface. Bean already defined with the same name!
2020-07-08 09:51:13.753 [restartedMain] WARN  org.mybatis.spring.mapper.ClassPathMapperScanner - Skipping MapperFactoryBean with name 'roleMenuMapper' and 'com.kexin.admin.mapper.RoleMenuMapper' mapperInterface. Bean already defined with the same name!
2020-07-08 09:51:13.753 [restartedMain] WARN  org.mybatis.spring.mapper.ClassPathMapperScanner - Skipping MapperFactoryBean with name 'sysFunctionMapper' and 'com.kexin.admin.mapper.SysFunctionMapper' mapperInterface. Bean already defined with the same name!
2020-07-08 09:51:13.753 [restartedMain] WARN  org.mybatis.spring.mapper.ClassPathMapperScanner - Skipping MapperFactoryBean with name 'sysMenusMapper' and 'com.kexin.admin.mapper.SysMenusMapper' mapperInterface. Bean already defined with the same name!
2020-07-08 09:51:13.757 [restartedMain] WARN  org.mybatis.spring.mapper.ClassPathMapperScanner - Skipping MapperFactoryBean with name 'sysMenusMetaMapper' and 'com.kexin.admin.mapper.SysMenusMetaMapper' mapperInterface. Bean already defined with the same name!
2020-07-08 09:51:13.758 [restartedMain] WARN  org.mybatis.spring.mapper.ClassPathMapperScanner - Skipping MapperFactoryBean with name 'systemLogMapper' and 'com.kexin.admin.mapper.SystemLogMapper' mapperInterface. Bean already defined with the same name!
2020-07-08 09:51:13.758 [restartedMain] WARN  org.mybatis.spring.mapper.ClassPathMapperScanner - Skipping MapperFactoryBean with name 'systemSetMapper' and 'com.kexin.admin.mapper.SystemSetMapper' mapperInterface. Bean already defined with the same name!
2020-07-08 09:51:13.758 [restartedMain] WARN  org.mybatis.spring.mapper.ClassPathMapperScanner - Skipping MapperFactoryBean with name 'userRoleMapper' and 'com.kexin.admin.mapper.UserRoleMapper' mapperInterface. Bean already defined with the same name!
2020-07-08 09:51:13.758 [restartedMain] WARN  org.mybatis.spring.mapper.ClassPathMapperScanner - Skipping MapperFactoryBean with name 'viewProduceLogMapper' and 'com.kexin.admin.mapper.ViewProduceLogMapper' mapperInterface. Bean already defined with the same name!
2020-07-08 09:51:13.758 [restartedMain] WARN  org.mybatis.spring.mapper.ClassPathMapperScanner - Skipping MapperFactoryBean with name 'wasterReasonMapper' and 'com.kexin.admin.mapper.WasterReasonMapper' mapperInterface. Bean already defined with the same name!
2020-07-08 09:51:13.758 [restartedMain] WARN  org.mybatis.spring.mapper.ClassPathMapperScanner - Skipping MapperFactoryBean with name 'workUnitMapper' and 'com.kexin.admin.mapper.WorkUnitMapper' mapperInterface. Bean already defined with the same name!
2020-07-08 09:51:13.759 [restartedMain] WARN  org.mybatis.spring.mapper.ClassPathMapperScanner - No MyBatis mapper was found in '[com.kexin.admin.mapper]' package. Please check your configuration.
2020-07-08 16:30:25.377 [restartedMain] WARN  org.mybatis.spring.mapper.ClassPathMapperScanner - Skipping MapperFactoryBean with name 'auditParameterMapper' and 'com.kexin.admin.mapper.AuditParameterMapper' mapperInterface. Bean already defined with the same name!
2020-07-08 16:30:25.378 [restartedMain] WARN  org.mybatis.spring.mapper.ClassPathMapperScanner - Skipping MapperFactoryBean with name 'auditParameterTypeMapper' and 'com.kexin.admin.mapper.AuditParameterTypeMapper' mapperInterface. Bean already defined with the same name!
2020-07-08 16:30:25.378 [restartedMain] WARN  org.mybatis.spring.mapper.ClassPathMapperScanner - Skipping MapperFactoryBean with name 'cartNumFirstMapper' and 'com.kexin.admin.mapper.CartNumFirstMapper' mapperInterface. Bean already defined with the same name!
2020-07-08 16:30:25.378 [restartedMain] WARN  org.mybatis.spring.mapper.ClassPathMapperScanner - Skipping MapperFactoryBean with name 'dataupLogMapper' and 'com.kexin.admin.mapper.DataupLogMapper' mapperInterface. Bean already defined with the same name!
2020-07-08 16:30:25.378 [restartedMain] WARN  org.mybatis.spring.mapper.ClassPathMapperScanner - Skipping MapperFactoryBean with name 'dicWorkUnitsMapper' and 'com.kexin.admin.mapper.DicWorkUnitsMapper' mapperInterface. Bean already defined with the same name!
2020-07-08 16:30:25.378 [restartedMain] WARN  org.mybatis.spring.mapper.ClassPathMapperScanner - Skipping MapperFactoryBean with name 'displayPlatformInfoMapper' and 'com.kexin.admin.mapper.DisplayPlatformInfoMapper' mapperInterface. Bean already defined with the same name!
2020-07-08 16:30:25.378 [restartedMain] WARN  org.mybatis.spring.mapper.ClassPathMapperScanner - Skipping MapperFactoryBean with name 'displayPlatformMapper' and 'com.kexin.admin.mapper.DisplayPlatformMapper' mapperInterface. Bean already defined with the same name!
2020-07-08 16:30:25.378 [restartedMain] WARN  org.mybatis.spring.mapper.ClassPathMapperScanner - Skipping MapperFactoryBean with name 'loginUserMapper' and 'com.kexin.admin.mapper.LoginUserMapper' mapperInterface. Bean already defined with the same name!
2020-07-08 16:30:25.379 [restartedMain] WARN  org.mybatis.spring.mapper.ClassPathMapperScanner - Skipping MapperFactoryBean with name 'machineCheckQueryMapper' and 'com.kexin.admin.mapper.MachineCheckQueryMapper' mapperInterface. Bean already defined with the same name!
2020-07-08 16:30:25.379 [restartedMain] WARN  org.mybatis.spring.mapper.ClassPathMapperScanner - Skipping MapperFactoryBean with name 'machineLogMapper' and 'com.kexin.admin.mapper.MachineLogMapper' mapperInterface. Bean already defined with the same name!
2020-07-08 16:30:25.379 [restartedMain] WARN  org.mybatis.spring.mapper.ClassPathMapperScanner - Skipping MapperFactoryBean with name 'machineMapper' and 'com.kexin.admin.mapper.MachineMapper' mapperInterface. Bean already defined with the same name!
2020-07-08 16:30:25.379 [restartedMain] WARN  org.mybatis.spring.mapper.ClassPathMapperScanner - Skipping MapperFactoryBean with name 'machineModelMapper' and 'com.kexin.admin.mapper.MachineModelMapper' mapperInterface. Bean already defined with the same name!
2020-07-08 16:30:25.379 [restartedMain] WARN  org.mybatis.spring.mapper.ClassPathMapperScanner - Skipping MapperFactoryBean with name 'machineWarningMapper' and 'com.kexin.admin.mapper.MachineWarningMapper' mapperInterface. Bean already defined with the same name!
2020-07-08 16:30:25.379 [restartedMain] WARN  org.mybatis.spring.mapper.ClassPathMapperScanner - Skipping MapperFactoryBean with name 'operationLogMapper' and 'com.kexin.admin.mapper.OperationLogMapper' mapperInterface. Bean already defined with the same name!
2020-07-08 16:30:25.379 [restartedMain] WARN  org.mybatis.spring.mapper.ClassPathMapperScanner - Skipping MapperFactoryBean with name 'operationMapper' and 'com.kexin.admin.mapper.OperationMapper' mapperInterface. Bean already defined with the same name!
2020-07-08 16:30:25.380 [restartedMain] WARN  org.mybatis.spring.mapper.ClassPathMapperScanner - Skipping MapperFactoryBean with name 'operationTypeMapper' and 'com.kexin.admin.mapper.OperationTypeMapper' mapperInterface. Bean already defined with the same name!
2020-07-08 16:30:25.380 [restartedMain] WARN  org.mybatis.spring.mapper.ClassPathMapperScanner - Skipping MapperFactoryBean with name 'operatorMapper' and 'com.kexin.admin.mapper.OperatorMapper' mapperInterface. Bean already defined with the same name!
2020-07-08 16:30:25.380 [restartedMain] WARN  org.mybatis.spring.mapper.ClassPathMapperScanner - Skipping MapperFactoryBean with name 'produceLogMapper' and 'com.kexin.admin.mapper.ProduceLogMapper' mapperInterface. Bean already defined with the same name!
2020-07-08 16:30:25.380 [restartedMain] WARN  org.mybatis.spring.mapper.ClassPathMapperScanner - Skipping MapperFactoryBean with name 'productsMapper' and 'com.kexin.admin.mapper.ProductsMapper' mapperInterface. Bean already defined with the same name!
2020-07-08 16:30:25.380 [restartedMain] WARN  org.mybatis.spring.mapper.ClassPathMapperScanner - Skipping MapperFactoryBean with name 'qaInspectMasterMapper' and 'com.kexin.admin.mapper.QaInspectMasterMapper' mapperInterface. Bean already defined with the same name!
2020-07-08 16:30:25.380 [restartedMain] WARN  org.mybatis.spring.mapper.ClassPathMapperScanner - Skipping MapperFactoryBean with name 'queryReportMainMapper' and 'com.kexin.admin.mapper.QueryReportMainMapper' mapperInterface. Bean already defined with the same name!
2020-07-08 16:30:25.380 [restartedMain] WARN  org.mybatis.spring.mapper.ClassPathMapperScanner - Skipping MapperFactoryBean with name 'queryReportNckMapper' and 'com.kexin.admin.mapper.QueryReportNckMapper' mapperInterface. Bean already defined with the same name!
2020-07-08 16:30:25.380 [restartedMain] WARN  org.mybatis.spring.mapper.ClassPathMapperScanner - Skipping MapperFactoryBean with name 'queryReportQaMapper' and 'com.kexin.admin.mapper.QueryReportQaMapper' mapperInterface. Bean already defined with the same name!
2020-07-08 16:30:25.380 [restartedMain] WARN  org.mybatis.spring.mapper.ClassPathMapperScanner - Skipping MapperFactoryBean with name 'roleMapper' and 'com.kexin.admin.mapper.RoleMapper' mapperInterface. Bean already defined with the same name!
2020-07-08 16:30:25.380 [restartedMain] WARN  org.mybatis.spring.mapper.ClassPathMapperScanner - Skipping MapperFactoryBean with name 'roleMenuMapper' and 'com.kexin.admin.mapper.RoleMenuMapper' mapperInterface. Bean already defined with the same name!
2020-07-08 16:30:25.380 [restartedMain] WARN  org.mybatis.spring.mapper.ClassPathMapperScanner - Skipping MapperFactoryBean with name 'sysFunctionMapper' and 'com.kexin.admin.mapper.SysFunctionMapper' mapperInterface. Bean already defined with the same name!
2020-07-08 16:30:25.381 [restartedMain] WARN  org.mybatis.spring.mapper.ClassPathMapperScanner - Skipping MapperFactoryBean with name 'sysMenusMapper' and 'com.kexin.admin.mapper.SysMenusMapper' mapperInterface. Bean already defined with the same name!
2020-07-08 16:30:25.381 [restartedMain] WARN  org.mybatis.spring.mapper.ClassPathMapperScanner - Skipping MapperFactoryBean with name 'sysMenusMetaMapper' and 'com.kexin.admin.mapper.SysMenusMetaMapper' mapperInterface. Bean already defined with the same name!
2020-07-08 16:30:25.381 [restartedMain] WARN  org.mybatis.spring.mapper.ClassPathMapperScanner - Skipping MapperFactoryBean with name 'systemLogMapper' and 'com.kexin.admin.mapper.SystemLogMapper' mapperInterface. Bean already defined with the same name!
2020-07-08 16:30:25.381 [restartedMain] WARN  org.mybatis.spring.mapper.ClassPathMapperScanner - Skipping MapperFactoryBean with name 'systemSetMapper' and 'com.kexin.admin.mapper.SystemSetMapper' mapperInterface. Bean already defined with the same name!
2020-07-08 16:30:25.381 [restartedMain] WARN  org.mybatis.spring.mapper.ClassPathMapperScanner - Skipping MapperFactoryBean with name 'userRoleMapper' and 'com.kexin.admin.mapper.UserRoleMapper' mapperInterface. Bean already defined with the same name!
2020-07-08 16:30:25.381 [restartedMain] WARN  org.mybatis.spring.mapper.ClassPathMapperScanner - Skipping MapperFactoryBean with name 'viewProduceLogMapper' and 'com.kexin.admin.mapper.ViewProduceLogMapper' mapperInterface. Bean already defined with the same name!
2020-07-08 16:30:25.381 [restartedMain] WARN  org.mybatis.spring.mapper.ClassPathMapperScanner - Skipping MapperFactoryBean with name 'wasterReasonMapper' and 'com.kexin.admin.mapper.WasterReasonMapper' mapperInterface. Bean already defined with the same name!
2020-07-08 16:30:25.381 [restartedMain] WARN  org.mybatis.spring.mapper.ClassPathMapperScanner - Skipping MapperFactoryBean with name 'workUnitMapper' and 'com.kexin.admin.mapper.WorkUnitMapper' mapperInterface. Bean already defined with the same name!
2020-07-08 16:30:25.382 [restartedMain] WARN  org.mybatis.spring.mapper.ClassPathMapperScanner - No MyBatis mapper was found in '[com.kexin.admin.mapper]' package. Please check your configuration.
2020-07-08 17:04:57.829 [http-nio-127.0.0.1-8088-exec-3] WARN  com.zaxxer.hikari.pool.PoolBase - HikariPool-1 - Failed to validate connection oracle.jdbc.driver.T4CConnection@5b716571 (IO 错误: Invalid Operation, NOT Connected). Possibly consider using a shorter maxLifetime value.
